2023-03-18 10:47:26 DEBUG - Using ContextCustomizers for test class [OrderServiceImplTest]: [ExcludeFilterContextCustomizer, DuplicateJsonObjectContextCustomizer, MockitoContextCustomizer, DisableObservabilityContextCustomizer, PropertyMappingContextCustomizer, Customizer, MockServerContainerContextCustomizer]
2023-03-18 10:47:26 DEBUG - Skipping candidate TestExecutionListener [org.springframework.test.context.transaction.TransactionalTestExecutionListener] due to a missing dependency. Specify custom TestExecutionListener classes or make the default TestExecutionListener classes and their required dependencies available. Offending class: [org/springframework/transaction/interceptor/TransactionAttributeSource]
2023-03-18 10:47:26 DEBUG - Skipping candidate TestExecutionListener [org.springframework.test.context.jdbc.SqlScriptsTestExecutionListener] due to a missing dependency. Specify custom TestExecutionListener classes or make the default TestExecutionListener classes and their required dependencies available. Offending class: [org/springframework/transaction/interceptor/TransactionAttribute]
2023-03-18 10:47:26 DEBUG - Using TestExecutionListeners for test class [OrderServiceImplTest]: [ServletTestExecutionListener, DirtiesContextBeforeModesTestExecutionListener, ApplicationEventsTestExecutionListener, MockitoTestExecutionListener, DependencyInjectionTestExecutionListener, DirtiesContextTestExecutionListener, EventPublishingTestExecutionListener, ResetMocksTestExecutionListener, RestDocsTestExecutionListener, MockRestServiceServerResetTestExecutionListener, MockMvcPrintOnlyOnFailureTestExecutionListener, WebDriverTestExecutionListener, MockWebServiceServerTestExecutionListener]
2023-03-18 10:47:26 DEBUG - Before test class: class [OrderServiceImplTest], class annotated with @DirtiesContext [false] with mode [null]
2023-03-18 10:47:26 DEBUG - Loading WebApplicationContext for test class pl.camp.it.book.store.services.impl.OrderServiceImplTest
2023-03-18 10:47:26 DEBUG - Activating profiles []
2023-03-18 10:47:26 DEBUG - Registering annotated classes: [class pl.camp.it.book.store.configuration.TestConfiguration]
2023-03-18 10:47:26 DEBUG - Refreshing org.springframework.web.context.support.GenericWebApplicationContext@2a1edad4
2023-03-18 10:47:26 DEBUG - Creating shared instance of singleton bean 'org.springframework.context.annotation.internalConfigurationAnnotationProcessor'
2023-03-18 10:47:26 DEBUG - Identified candidate component class: file [E:\IT-CAMP7\2022.12.04-book-store\book-store\target\classes\pl\camp\it\book\store\controllers\AuthenticationController.class]
2023-03-18 10:47:26 DEBUG - Identified candidate component class: file [E:\IT-CAMP7\2022.12.04-book-store\book-store\target\classes\pl\camp\it\book\store\controllers\BookController.class]
2023-03-18 10:47:26 DEBUG - Identified candidate component class: file [E:\IT-CAMP7\2022.12.04-book-store\book-store\target\classes\pl\camp\it\book\store\controllers\CartController.class]
2023-03-18 10:47:26 DEBUG - Identified candidate component class: file [E:\IT-CAMP7\2022.12.04-book-store\book-store\target\classes\pl\camp\it\book\store\controllers\CommonController.class]
2023-03-18 10:47:26 DEBUG - Identified candidate component class: file [E:\IT-CAMP7\2022.12.04-book-store\book-store\target\classes\pl\camp\it\book\store\controllers\OrderController.class]
2023-03-18 10:47:26 DEBUG - Identified candidate component class: file [E:\IT-CAMP7\2022.12.04-book-store\book-store\target\classes\pl\camp\it\book\store\controllers\rest\RestApiBookController.class]
2023-03-18 10:47:26 DEBUG - Identified candidate component class: file [E:\IT-CAMP7\2022.12.04-book-store\book-store\target\classes\pl\camp\it\book\store\controllers\rest\RestApiOrderController.class]
2023-03-18 10:47:26 DEBUG - Identified candidate component class: file [E:\IT-CAMP7\2022.12.04-book-store\book-store\target\classes\pl\camp\it\book\store\controllers\rest\RestApiOrderPositionController.class]
2023-03-18 10:47:26 DEBUG - Identified candidate component class: file [E:\IT-CAMP7\2022.12.04-book-store\book-store\target\classes\pl\camp\it\book\store\controllers\rest\RestApiUserController.class]
2023-03-18 10:47:26 DEBUG - Identified candidate component class: file [E:\IT-CAMP7\2022.12.04-book-store\book-store\target\classes\pl\camp\it\book\store\services\impl\AuthenticationServiceImpl.class]
2023-03-18 10:47:26 DEBUG - Identified candidate component class: file [E:\IT-CAMP7\2022.12.04-book-store\book-store\target\classes\pl\camp\it\book\store\services\impl\BookServiceImpl.class]
2023-03-18 10:47:26 DEBUG - Identified candidate component class: file [E:\IT-CAMP7\2022.12.04-book-store\book-store\target\classes\pl\camp\it\book\store\services\impl\CartServiceImpl.class]
2023-03-18 10:47:26 DEBUG - Identified candidate component class: file [E:\IT-CAMP7\2022.12.04-book-store\book-store\target\classes\pl\camp\it\book\store\services\impl\OrderPositionServiceImpl.class]
2023-03-18 10:47:26 DEBUG - Identified candidate component class: file [E:\IT-CAMP7\2022.12.04-book-store\book-store\target\classes\pl\camp\it\book\store\services\impl\OrderServiceImpl.class]
2023-03-18 10:47:26 DEBUG - Identified candidate component class: file [E:\IT-CAMP7\2022.12.04-book-store\book-store\target\classes\pl\camp\it\book\store\services\impl\UserServiceImpl.class]
2023-03-18 10:47:26 DEBUG - Identified candidate component class: file [E:\IT-CAMP7\2022.12.04-book-store\book-store\target\classes\pl\camp\it\book\store\session\SessionObject.class]
2023-03-18 10:47:26 DEBUG - Creating shared instance of singleton bean 'org.springframework.boot.test.mock.mockito.MockitoPostProcessor'
2023-03-18 10:47:27 DEBUG - Creating shared instance of singleton bean 'org.springframework.context.event.internalEventListenerProcessor'
2023-03-18 10:47:27 DEBUG - Creating shared instance of singleton bean 'org.springframework.context.event.internalEventListenerFactory'
2023-03-18 10:47:27 DEBUG - Creating shared instance of singleton bean 'org.springframework.context.annotation.internalAutowiredAnnotationProcessor'
2023-03-18 10:47:27 DEBUG - Creating shared instance of singleton bean 'org.springframework.context.annotation.internalCommonAnnotationProcessor'
2023-03-18 10:47:27 DEBUG - Creating shared instance of singleton bean 'org.springframework.boot.test.mock.mockito.MockitoPostProcessor$SpyPostProcessor'
2023-03-18 10:47:27 DEBUG - Creating shared instance of singleton bean 'org.springframework.context.annotation.internalScheduledAnnotationProcessor'
2023-03-18 10:47:27 DEBUG - Creating shared instance of singleton bean 'org.springframework.scheduling.annotation.SchedulingConfiguration'
2023-03-18 10:47:27 DEBUG - Unable to locate ThemeSource with name 'themeSource': using default [org.springframework.ui.context.support.ResourceBundleThemeSource@3a1706e1]
2023-03-18 10:47:27 DEBUG - Creating shared instance of singleton bean 'testConfiguration'
2023-03-18 10:47:27 DEBUG - Creating shared instance of singleton bean 'authenticationController'
2023-03-18 10:47:27 DEBUG - Creating shared instance of singleton bean 'sessionObject'
2023-03-18 10:47:27 DEBUG - Creating shared instance of singleton bean 'authenticationServiceImpl'
2023-03-18 10:47:27 DEBUG - Creating shared instance of singleton bean 'bookController'
2023-03-18 10:47:27 DEBUG - Creating shared instance of singleton bean 'bookServiceImpl'
2023-03-18 10:47:27 DEBUG - Creating shared instance of singleton bean 'cartController'
2023-03-18 10:47:27 DEBUG - Creating shared instance of singleton bean 'cartServiceImpl'
2023-03-18 10:47:27 DEBUG - Creating shared instance of singleton bean 'commonController'
2023-03-18 10:47:27 DEBUG - Creating shared instance of singleton bean 'orderController'
2023-03-18 10:47:27 DEBUG - Creating shared instance of singleton bean 'orderServiceImpl'
2023-03-18 10:47:27 DEBUG - Creating shared instance of singleton bean 'restApiBookController'
2023-03-18 10:47:27 DEBUG - Creating shared instance of singleton bean 'restApiOrderController'
2023-03-18 10:47:27 DEBUG - Creating shared instance of singleton bean 'restApiOrderPositionController'
2023-03-18 10:47:27 DEBUG - Creating shared instance of singleton bean 'orderPositionServiceImpl'
2023-03-18 10:47:27 DEBUG - Creating shared instance of singleton bean 'restApiUserController'
2023-03-18 10:47:27 DEBUG - Creating shared instance of singleton bean 'userServiceImpl'
2023-03-18 10:47:27 DEBUG - Spring test ApplicationContext cache statistics: [DefaultContextCache@1b410308 size = 1, maxSize = 32, parentContextCount = 0, hitCount = 0, missCount = 1]
2023-03-18 10:47:27 DEBUG - Setting up MockHttpServletRequest, MockHttpServletResponse, ServletWebRequest, and RequestContextHolder for test class pl.camp.it.book.store.services.impl.OrderServiceImplTest
2023-03-18 10:47:27 DEBUG - Spring test ApplicationContext cache statistics: [DefaultContextCache@1b410308 size = 1, maxSize = 32, parentContextCount = 0, hitCount = 1, missCount = 1]
2023-03-18 10:47:27 DEBUG - Performing dependency injection for test class pl.camp.it.book.store.services.impl.OrderServiceImplTest
2023-03-18 10:47:27 DEBUG - Spring test ApplicationContext cache statistics: [DefaultContextCache@1b410308 size = 1, maxSize = 32, parentContextCount = 0, hitCount = 2, missCount = 1]
2023-03-18 10:47:27 DEBUG - Spring test ApplicationContext cache statistics: [DefaultContextCache@1b410308 size = 1, maxSize = 32, parentContextCount = 0, hitCount = 3, missCount = 1]
2023-03-18 10:47:27 DEBUG - Before test method: class [OrderServiceImplTest], method [confirmOrderWhenNotEnoughBookInStoreTest], class annotated with @DirtiesContext [false] with mode [null], method annotated with @DirtiesContext [false] with mode [null]
2023-03-18 10:47:27 DEBUG - Spring test ApplicationContext cache statistics: [DefaultContextCache@1b410308 size = 1, maxSize = 32, parentContextCount = 0, hitCount = 4, missCount = 1]
2023-03-18 10:47:27 DEBUG - Spring test ApplicationContext cache statistics: [DefaultContextCache@1b410308 size = 1, maxSize = 32, parentContextCount = 0, hitCount = 5, missCount = 1]
2023-03-18 10:47:27 DEBUG - Spring test ApplicationContext cache statistics: [DefaultContextCache@1b410308 size = 1, maxSize = 32, parentContextCount = 0, hitCount = 6, missCount = 1]
2023-03-18 10:47:27 DEBUG - Spring test ApplicationContext cache statistics: [DefaultContextCache@1b410308 size = 1, maxSize = 32, parentContextCount = 0, hitCount = 7, missCount = 1]
2023-03-18 10:47:27 DEBUG - Spring test ApplicationContext cache statistics: [DefaultContextCache@1b410308 size = 1, maxSize = 32, parentContextCount = 0, hitCount = 8, missCount = 1]
2023-03-18 10:47:27 DEBUG - Spring test ApplicationContext cache statistics: [DefaultContextCache@1b410308 size = 1, maxSize = 32, parentContextCount = 0, hitCount = 9, missCount = 1]
2023-03-18 10:47:27 DEBUG - Spring test ApplicationContext cache statistics: [DefaultContextCache@1b410308 size = 1, maxSize = 32, parentContextCount = 0, hitCount = 10, missCount = 1]
2023-03-18 10:47:27 DEBUG - Spring test ApplicationContext cache statistics: [DefaultContextCache@1b410308 size = 1, maxSize = 32, parentContextCount = 0, hitCount = 11, missCount = 1]
2023-03-18 10:47:27 DEBUG - Spring test ApplicationContext cache statistics: [DefaultContextCache@1b410308 size = 1, maxSize = 32, parentContextCount = 0, hitCount = 12, missCount = 1]
2023-03-18 10:47:27 DEBUG - After test method: class [OrderServiceImplTest], method [confirmOrderWhenNotEnoughBookInStoreTest], class annotated with @DirtiesContext [false] with mode [null], method annotated with @DirtiesContext [false] with mode [null]
2023-03-18 10:47:27 DEBUG - Resetting RequestContextHolder for test class pl.camp.it.book.store.services.impl.OrderServiceImplTest
2023-03-18 10:47:27 DEBUG - Spring test ApplicationContext cache statistics: [DefaultContextCache@1b410308 size = 1, maxSize = 32, parentContextCount = 0, hitCount = 13, missCount = 1]
2023-03-18 10:47:27 DEBUG - Setting up MockHttpServletRequest, MockHttpServletResponse, ServletWebRequest, and RequestContextHolder for test class pl.camp.it.book.store.services.impl.OrderServiceImplTest
2023-03-18 10:47:27 DEBUG - Spring test ApplicationContext cache statistics: [DefaultContextCache@1b410308 size = 1, maxSize = 32, parentContextCount = 0, hitCount = 14, missCount = 1]
2023-03-18 10:47:27 DEBUG - Performing dependency injection for test class pl.camp.it.book.store.services.impl.OrderServiceImplTest
2023-03-18 10:47:27 DEBUG - Spring test ApplicationContext cache statistics: [DefaultContextCache@1b410308 size = 1, maxSize = 32, parentContextCount = 0, hitCount = 15, missCount = 1]
2023-03-18 10:47:27 DEBUG - Spring test ApplicationContext cache statistics: [DefaultContextCache@1b410308 size = 1, maxSize = 32, parentContextCount = 0, hitCount = 16, missCount = 1]
2023-03-18 10:47:27 DEBUG - Before test method: class [OrderServiceImplTest], method [confirmOrderTest], class annotated with @DirtiesContext [false] with mode [null], method annotated with @DirtiesContext [false] with mode [null]
2023-03-18 10:47:27 DEBUG - Spring test ApplicationContext cache statistics: [DefaultContextCache@1b410308 size = 1, maxSize = 32, parentContextCount = 0, hitCount = 17, missCount = 1]
2023-03-18 10:47:27 DEBUG - Spring test ApplicationContext cache statistics: [DefaultContextCache@1b410308 size = 1, maxSize = 32, parentContextCount = 0, hitCount = 18, missCount = 1]
2023-03-18 10:47:27 DEBUG - Spring test ApplicationContext cache statistics: [DefaultContextCache@1b410308 size = 1, maxSize = 32, parentContextCount = 0, hitCount = 19, missCount = 1]
2023-03-18 10:47:27 DEBUG - Spring test ApplicationContext cache statistics: [DefaultContextCache@1b410308 size = 1, maxSize = 32, parentContextCount = 0, hitCount = 20, missCount = 1]
2023-03-18 10:47:27 DEBUG - Spring test ApplicationContext cache statistics: [DefaultContextCache@1b410308 size = 1, maxSize = 32, parentContextCount = 0, hitCount = 21, missCount = 1]
2023-03-18 10:47:27 DEBUG - Spring test ApplicationContext cache statistics: [DefaultContextCache@1b410308 size = 1, maxSize = 32, parentContextCount = 0, hitCount = 22, missCount = 1]
2023-03-18 10:47:27 DEBUG - Spring test ApplicationContext cache statistics: [DefaultContextCache@1b410308 size = 1, maxSize = 32, parentContextCount = 0, hitCount = 23, missCount = 1]
2023-03-18 10:47:27 DEBUG - Spring test ApplicationContext cache statistics: [DefaultContextCache@1b410308 size = 1, maxSize = 32, parentContextCount = 0, hitCount = 24, missCount = 1]
2023-03-18 10:47:27 DEBUG - Spring test ApplicationContext cache statistics: [DefaultContextCache@1b410308 size = 1, maxSize = 32, parentContextCount = 0, hitCount = 25, missCount = 1]
2023-03-18 10:47:27 DEBUG - After test method: class [OrderServiceImplTest], method [confirmOrderTest], class annotated with @DirtiesContext [false] with mode [null], method annotated with @DirtiesContext [false] with mode [null]
2023-03-18 10:47:27 DEBUG - Resetting RequestContextHolder for test class pl.camp.it.book.store.services.impl.OrderServiceImplTest
2023-03-18 10:47:27 DEBUG - Spring test ApplicationContext cache statistics: [DefaultContextCache@1b410308 size = 1, maxSize = 32, parentContextCount = 0, hitCount = 26, missCount = 1]
2023-03-18 10:47:27 DEBUG - After test class: class [OrderServiceImplTest], class annotated with @DirtiesContext [false] with mode [null]
2023-03-18 10:47:27 DEBUG - Closing org.springframework.web.context.support.GenericWebApplicationContext@2a1edad4, started on Sat Mar 18 10:47:26 CET 2023
2023-03-18 10:48:13 DEBUG - Using ContextCustomizers for test class [OrderServiceImplTest]: [ExcludeFilterContextCustomizer, DuplicateJsonObjectContextCustomizer, MockitoContextCustomizer, DisableObservabilityContextCustomizer, PropertyMappingContextCustomizer, Customizer, MockServerContainerContextCustomizer]
2023-03-18 10:48:13 DEBUG - Skipping candidate TestExecutionListener [org.springframework.test.context.transaction.TransactionalTestExecutionListener] due to a missing dependency. Specify custom TestExecutionListener classes or make the default TestExecutionListener classes and their required dependencies available. Offending class: [org/springframework/transaction/interceptor/TransactionAttributeSource]
2023-03-18 10:48:13 DEBUG - Skipping candidate TestExecutionListener [org.springframework.test.context.jdbc.SqlScriptsTestExecutionListener] due to a missing dependency. Specify custom TestExecutionListener classes or make the default TestExecutionListener classes and their required dependencies available. Offending class: [org/springframework/transaction/interceptor/TransactionAttribute]
2023-03-18 10:48:13 DEBUG - Using TestExecutionListeners for test class [OrderServiceImplTest]: [ServletTestExecutionListener, DirtiesContextBeforeModesTestExecutionListener, ApplicationEventsTestExecutionListener, MockitoTestExecutionListener, DependencyInjectionTestExecutionListener, DirtiesContextTestExecutionListener, EventPublishingTestExecutionListener, ResetMocksTestExecutionListener, RestDocsTestExecutionListener, MockRestServiceServerResetTestExecutionListener, MockMvcPrintOnlyOnFailureTestExecutionListener, WebDriverTestExecutionListener, MockWebServiceServerTestExecutionListener]
2023-03-18 10:48:13 DEBUG - Before test class: class [OrderServiceImplTest], class annotated with @DirtiesContext [false] with mode [null]
2023-03-18 10:48:13 DEBUG - Loading WebApplicationContext for test class pl.camp.it.book.store.services.impl.OrderServiceImplTest
2023-03-18 10:48:13 DEBUG - Activating profiles []
2023-03-18 10:48:13 DEBUG - Registering annotated classes: [class pl.camp.it.book.store.configuration.TestConfiguration]
2023-03-18 10:48:13 DEBUG - Refreshing org.springframework.web.context.support.GenericWebApplicationContext@21005f6c
2023-03-18 10:48:13 DEBUG - Creating shared instance of singleton bean 'org.springframework.context.annotation.internalConfigurationAnnotationProcessor'
2023-03-18 10:48:13 DEBUG - Identified candidate component class: file [E:\IT-CAMP7\2022.12.04-book-store\book-store\target\classes\pl\camp\it\book\store\controllers\AuthenticationController.class]
2023-03-18 10:48:13 DEBUG - Identified candidate component class: file [E:\IT-CAMP7\2022.12.04-book-store\book-store\target\classes\pl\camp\it\book\store\controllers\BookController.class]
2023-03-18 10:48:13 DEBUG - Identified candidate component class: file [E:\IT-CAMP7\2022.12.04-book-store\book-store\target\classes\pl\camp\it\book\store\controllers\CartController.class]
2023-03-18 10:48:13 DEBUG - Identified candidate component class: file [E:\IT-CAMP7\2022.12.04-book-store\book-store\target\classes\pl\camp\it\book\store\controllers\CommonController.class]
2023-03-18 10:48:13 DEBUG - Identified candidate component class: file [E:\IT-CAMP7\2022.12.04-book-store\book-store\target\classes\pl\camp\it\book\store\controllers\OrderController.class]
2023-03-18 10:48:13 DEBUG - Identified candidate component class: file [E:\IT-CAMP7\2022.12.04-book-store\book-store\target\classes\pl\camp\it\book\store\controllers\rest\RestApiBookController.class]
2023-03-18 10:48:13 DEBUG - Identified candidate component class: file [E:\IT-CAMP7\2022.12.04-book-store\book-store\target\classes\pl\camp\it\book\store\controllers\rest\RestApiOrderController.class]
2023-03-18 10:48:13 DEBUG - Identified candidate component class: file [E:\IT-CAMP7\2022.12.04-book-store\book-store\target\classes\pl\camp\it\book\store\controllers\rest\RestApiOrderPositionController.class]
2023-03-18 10:48:13 DEBUG - Identified candidate component class: file [E:\IT-CAMP7\2022.12.04-book-store\book-store\target\classes\pl\camp\it\book\store\controllers\rest\RestApiUserController.class]
2023-03-18 10:48:13 DEBUG - Identified candidate component class: file [E:\IT-CAMP7\2022.12.04-book-store\book-store\target\classes\pl\camp\it\book\store\services\impl\AuthenticationServiceImpl.class]
2023-03-18 10:48:13 DEBUG - Identified candidate component class: file [E:\IT-CAMP7\2022.12.04-book-store\book-store\target\classes\pl\camp\it\book\store\services\impl\BookServiceImpl.class]
2023-03-18 10:48:13 DEBUG - Identified candidate component class: file [E:\IT-CAMP7\2022.12.04-book-store\book-store\target\classes\pl\camp\it\book\store\services\impl\CartServiceImpl.class]
2023-03-18 10:48:13 DEBUG - Identified candidate component class: file [E:\IT-CAMP7\2022.12.04-book-store\book-store\target\classes\pl\camp\it\book\store\services\impl\OrderPositionServiceImpl.class]
2023-03-18 10:48:13 DEBUG - Identified candidate component class: file [E:\IT-CAMP7\2022.12.04-book-store\book-store\target\classes\pl\camp\it\book\store\services\impl\OrderServiceImpl.class]
2023-03-18 10:48:13 DEBUG - Identified candidate component class: file [E:\IT-CAMP7\2022.12.04-book-store\book-store\target\classes\pl\camp\it\book\store\services\impl\UserServiceImpl.class]
2023-03-18 10:48:13 DEBUG - Identified candidate component class: file [E:\IT-CAMP7\2022.12.04-book-store\book-store\target\classes\pl\camp\it\book\store\session\SessionObject.class]
2023-03-18 10:48:13 DEBUG - Creating shared instance of singleton bean 'org.springframework.boot.test.mock.mockito.MockitoPostProcessor'
2023-03-18 10:48:14 DEBUG - Creating shared instance of singleton bean 'org.springframework.context.event.internalEventListenerProcessor'
2023-03-18 10:48:14 DEBUG - Creating shared instance of singleton bean 'org.springframework.context.event.internalEventListenerFactory'
2023-03-18 10:48:14 DEBUG - Creating shared instance of singleton bean 'org.springframework.context.annotation.internalAutowiredAnnotationProcessor'
2023-03-18 10:48:14 DEBUG - Creating shared instance of singleton bean 'org.springframework.context.annotation.internalCommonAnnotationProcessor'
2023-03-18 10:48:14 DEBUG - Creating shared instance of singleton bean 'org.springframework.boot.test.mock.mockito.MockitoPostProcessor$SpyPostProcessor'
2023-03-18 10:48:14 DEBUG - Creating shared instance of singleton bean 'org.springframework.context.annotation.internalScheduledAnnotationProcessor'
2023-03-18 10:48:14 DEBUG - Creating shared instance of singleton bean 'org.springframework.scheduling.annotation.SchedulingConfiguration'
2023-03-18 10:48:14 DEBUG - Unable to locate ThemeSource with name 'themeSource': using default [org.springframework.ui.context.support.ResourceBundleThemeSource@6bcc3f27]
2023-03-18 10:48:14 DEBUG - Creating shared instance of singleton bean 'testConfiguration'
2023-03-18 10:48:14 DEBUG - Creating shared instance of singleton bean 'authenticationController'
2023-03-18 10:48:14 DEBUG - Creating shared instance of singleton bean 'sessionObject'
2023-03-18 10:48:14 DEBUG - Creating shared instance of singleton bean 'authenticationServiceImpl'
2023-03-18 10:48:14 DEBUG - Creating shared instance of singleton bean 'bookController'
2023-03-18 10:48:14 DEBUG - Creating shared instance of singleton bean 'bookServiceImpl'
2023-03-18 10:48:14 DEBUG - Creating shared instance of singleton bean 'cartController'
2023-03-18 10:48:14 DEBUG - Creating shared instance of singleton bean 'cartServiceImpl'
2023-03-18 10:48:14 DEBUG - Creating shared instance of singleton bean 'commonController'
2023-03-18 10:48:14 DEBUG - Creating shared instance of singleton bean 'orderController'
2023-03-18 10:48:14 DEBUG - Creating shared instance of singleton bean 'orderServiceImpl'
2023-03-18 10:48:14 DEBUG - Creating shared instance of singleton bean 'restApiBookController'
2023-03-18 10:48:14 DEBUG - Creating shared instance of singleton bean 'restApiOrderController'
2023-03-18 10:48:14 DEBUG - Creating shared instance of singleton bean 'restApiOrderPositionController'
2023-03-18 10:48:14 DEBUG - Creating shared instance of singleton bean 'orderPositionServiceImpl'
2023-03-18 10:48:14 DEBUG - Creating shared instance of singleton bean 'restApiUserController'
2023-03-18 10:48:14 DEBUG - Creating shared instance of singleton bean 'userServiceImpl'
2023-03-18 10:48:14 DEBUG - Spring test ApplicationContext cache statistics: [DefaultContextCache@39f5b723 size = 1, maxSize = 32, parentContextCount = 0, hitCount = 0, missCount = 1]
2023-03-18 10:48:14 DEBUG - Setting up MockHttpServletRequest, MockHttpServletResponse, ServletWebRequest, and RequestContextHolder for test class pl.camp.it.book.store.services.impl.OrderServiceImplTest
2023-03-18 10:48:14 DEBUG - Spring test ApplicationContext cache statistics: [DefaultContextCache@39f5b723 size = 1, maxSize = 32, parentContextCount = 0, hitCount = 1, missCount = 1]
2023-03-18 10:48:14 DEBUG - Performing dependency injection for test class pl.camp.it.book.store.services.impl.OrderServiceImplTest
2023-03-18 10:48:14 DEBUG - Spring test ApplicationContext cache statistics: [DefaultContextCache@39f5b723 size = 1, maxSize = 32, parentContextCount = 0, hitCount = 2, missCount = 1]
2023-03-18 10:48:14 DEBUG - Spring test ApplicationContext cache statistics: [DefaultContextCache@39f5b723 size = 1, maxSize = 32, parentContextCount = 0, hitCount = 3, missCount = 1]
2023-03-18 10:48:14 DEBUG - Before test method: class [OrderServiceImplTest], method [confirmOrderWhenNotEnoughBookInStoreTest], class annotated with @DirtiesContext [false] with mode [null], method annotated with @DirtiesContext [false] with mode [null]
2023-03-18 10:48:14 DEBUG - Spring test ApplicationContext cache statistics: [DefaultContextCache@39f5b723 size = 1, maxSize = 32, parentContextCount = 0, hitCount = 4, missCount = 1]
2023-03-18 10:48:14 DEBUG - Spring test ApplicationContext cache statistics: [DefaultContextCache@39f5b723 size = 1, maxSize = 32, parentContextCount = 0, hitCount = 5, missCount = 1]
2023-03-18 10:48:14 DEBUG - Spring test ApplicationContext cache statistics: [DefaultContextCache@39f5b723 size = 1, maxSize = 32, parentContextCount = 0, hitCount = 6, missCount = 1]
2023-03-18 10:48:14 DEBUG - Spring test ApplicationContext cache statistics: [DefaultContextCache@39f5b723 size = 1, maxSize = 32, parentContextCount = 0, hitCount = 7, missCount = 1]
2023-03-18 10:48:14 DEBUG - Spring test ApplicationContext cache statistics: [DefaultContextCache@39f5b723 size = 1, maxSize = 32, parentContextCount = 0, hitCount = 8, missCount = 1]
2023-03-18 10:48:14 DEBUG - Spring test ApplicationContext cache statistics: [DefaultContextCache@39f5b723 size = 1, maxSize = 32, parentContextCount = 0, hitCount = 9, missCount = 1]
2023-03-18 10:48:14 DEBUG - Spring test ApplicationContext cache statistics: [DefaultContextCache@39f5b723 size = 1, maxSize = 32, parentContextCount = 0, hitCount = 10, missCount = 1]
2023-03-18 10:48:14 DEBUG - Spring test ApplicationContext cache statistics: [DefaultContextCache@39f5b723 size = 1, maxSize = 32, parentContextCount = 0, hitCount = 11, missCount = 1]
2023-03-18 10:48:14 DEBUG - Spring test ApplicationContext cache statistics: [DefaultContextCache@39f5b723 size = 1, maxSize = 32, parentContextCount = 0, hitCount = 12, missCount = 1]
2023-03-18 10:48:14 DEBUG - After test method: class [OrderServiceImplTest], method [confirmOrderWhenNotEnoughBookInStoreTest], class annotated with @DirtiesContext [false] with mode [null], method annotated with @DirtiesContext [false] with mode [null]
2023-03-18 10:48:14 DEBUG - Resetting RequestContextHolder for test class pl.camp.it.book.store.services.impl.OrderServiceImplTest
2023-03-18 10:48:14 DEBUG - Spring test ApplicationContext cache statistics: [DefaultContextCache@39f5b723 size = 1, maxSize = 32, parentContextCount = 0, hitCount = 13, missCount = 1]
2023-03-18 10:48:14 DEBUG - Setting up MockHttpServletRequest, MockHttpServletResponse, ServletWebRequest, and RequestContextHolder for test class pl.camp.it.book.store.services.impl.OrderServiceImplTest
2023-03-18 10:48:14 DEBUG - Spring test ApplicationContext cache statistics: [DefaultContextCache@39f5b723 size = 1, maxSize = 32, parentContextCount = 0, hitCount = 14, missCount = 1]
2023-03-18 10:48:14 DEBUG - Performing dependency injection for test class pl.camp.it.book.store.services.impl.OrderServiceImplTest
2023-03-18 10:48:14 DEBUG - Spring test ApplicationContext cache statistics: [DefaultContextCache@39f5b723 size = 1, maxSize = 32, parentContextCount = 0, hitCount = 15, missCount = 1]
2023-03-18 10:48:14 DEBUG - Spring test ApplicationContext cache statistics: [DefaultContextCache@39f5b723 size = 1, maxSize = 32, parentContextCount = 0, hitCount = 16, missCount = 1]
2023-03-18 10:48:14 DEBUG - Before test method: class [OrderServiceImplTest], method [confirmOrderTest], class annotated with @DirtiesContext [false] with mode [null], method annotated with @DirtiesContext [false] with mode [null]
2023-03-18 10:48:14 DEBUG - Spring test ApplicationContext cache statistics: [DefaultContextCache@39f5b723 size = 1, maxSize = 32, parentContextCount = 0, hitCount = 17, missCount = 1]
2023-03-18 10:48:14 DEBUG - Spring test ApplicationContext cache statistics: [DefaultContextCache@39f5b723 size = 1, maxSize = 32, parentContextCount = 0, hitCount = 18, missCount = 1]
2023-03-18 10:48:14 DEBUG - Spring test ApplicationContext cache statistics: [DefaultContextCache@39f5b723 size = 1, maxSize = 32, parentContextCount = 0, hitCount = 19, missCount = 1]
2023-03-18 10:48:14 DEBUG - Spring test ApplicationContext cache statistics: [DefaultContextCache@39f5b723 size = 1, maxSize = 32, parentContextCount = 0, hitCount = 20, missCount = 1]
2023-03-18 10:48:14 DEBUG - Spring test ApplicationContext cache statistics: [DefaultContextCache@39f5b723 size = 1, maxSize = 32, parentContextCount = 0, hitCount = 21, missCount = 1]
2023-03-18 10:48:14 DEBUG - Spring test ApplicationContext cache statistics: [DefaultContextCache@39f5b723 size = 1, maxSize = 32, parentContextCount = 0, hitCount = 22, missCount = 1]
2023-03-18 10:48:14 DEBUG - Spring test ApplicationContext cache statistics: [DefaultContextCache@39f5b723 size = 1, maxSize = 32, parentContextCount = 0, hitCount = 23, missCount = 1]
2023-03-18 10:48:14 DEBUG - Spring test ApplicationContext cache statistics: [DefaultContextCache@39f5b723 size = 1, maxSize = 32, parentContextCount = 0, hitCount = 24, missCount = 1]
2023-03-18 10:48:14 DEBUG - Spring test ApplicationContext cache statistics: [DefaultContextCache@39f5b723 size = 1, maxSize = 32, parentContextCount = 0, hitCount = 25, missCount = 1]
2023-03-18 10:48:14 DEBUG - After test method: class [OrderServiceImplTest], method [confirmOrderTest], class annotated with @DirtiesContext [false] with mode [null], method annotated with @DirtiesContext [false] with mode [null]
2023-03-18 10:48:14 DEBUG - Resetting RequestContextHolder for test class pl.camp.it.book.store.services.impl.OrderServiceImplTest
2023-03-18 10:48:14 DEBUG - Spring test ApplicationContext cache statistics: [DefaultContextCache@39f5b723 size = 1, maxSize = 32, parentContextCount = 0, hitCount = 26, missCount = 1]
2023-03-18 10:48:14 DEBUG - After test class: class [OrderServiceImplTest], class annotated with @DirtiesContext [false] with mode [null]
2023-03-18 10:48:14 DEBUG - Closing org.springframework.web.context.support.GenericWebApplicationContext@21005f6c, started on Sat Mar 18 10:48:13 CET 2023
2023-03-18 10:56:30 DEBUG - Using ContextCustomizers for test class [OrderServiceImplTest]: [ExcludeFilterContextCustomizer, DuplicateJsonObjectContextCustomizer, MockitoContextCustomizer, DisableObservabilityContextCustomizer, PropertyMappingContextCustomizer, Customizer, MockServerContainerContextCustomizer]
2023-03-18 10:56:30 DEBUG - Skipping candidate TestExecutionListener [org.springframework.test.context.transaction.TransactionalTestExecutionListener] due to a missing dependency. Specify custom TestExecutionListener classes or make the default TestExecutionListener classes and their required dependencies available. Offending class: [org/springframework/transaction/interceptor/TransactionAttributeSource]
2023-03-18 10:56:30 DEBUG - Skipping candidate TestExecutionListener [org.springframework.test.context.jdbc.SqlScriptsTestExecutionListener] due to a missing dependency. Specify custom TestExecutionListener classes or make the default TestExecutionListener classes and their required dependencies available. Offending class: [org/springframework/transaction/interceptor/TransactionAttribute]
2023-03-18 10:56:30 DEBUG - Using TestExecutionListeners for test class [OrderServiceImplTest]: [ServletTestExecutionListener, DirtiesContextBeforeModesTestExecutionListener, ApplicationEventsTestExecutionListener, MockitoTestExecutionListener, DependencyInjectionTestExecutionListener, DirtiesContextTestExecutionListener, EventPublishingTestExecutionListener, ResetMocksTestExecutionListener, RestDocsTestExecutionListener, MockRestServiceServerResetTestExecutionListener, MockMvcPrintOnlyOnFailureTestExecutionListener, WebDriverTestExecutionListener, MockWebServiceServerTestExecutionListener]
2023-03-18 10:56:30 DEBUG - Before test class: class [OrderServiceImplTest], class annotated with @DirtiesContext [false] with mode [null]
2023-03-18 10:56:30 DEBUG - Loading WebApplicationContext for test class pl.camp.it.book.store.services.impl.OrderServiceImplTest
2023-03-18 10:56:30 DEBUG - Activating profiles []
2023-03-18 10:56:30 DEBUG - Registering annotated classes: [class pl.camp.it.book.store.configuration.TestConfiguration]
2023-03-18 10:56:30 DEBUG - Refreshing org.springframework.web.context.support.GenericWebApplicationContext@21005f6c
2023-03-18 10:56:30 DEBUG - Creating shared instance of singleton bean 'org.springframework.context.annotation.internalConfigurationAnnotationProcessor'
2023-03-18 10:56:30 DEBUG - Identified candidate component class: file [E:\IT-CAMP7\2022.12.04-book-store\book-store\target\classes\pl\camp\it\book\store\controllers\AuthenticationController.class]
2023-03-18 10:56:30 DEBUG - Identified candidate component class: file [E:\IT-CAMP7\2022.12.04-book-store\book-store\target\classes\pl\camp\it\book\store\controllers\BookController.class]
2023-03-18 10:56:30 DEBUG - Identified candidate component class: file [E:\IT-CAMP7\2022.12.04-book-store\book-store\target\classes\pl\camp\it\book\store\controllers\CartController.class]
2023-03-18 10:56:30 DEBUG - Identified candidate component class: file [E:\IT-CAMP7\2022.12.04-book-store\book-store\target\classes\pl\camp\it\book\store\controllers\CommonController.class]
2023-03-18 10:56:30 DEBUG - Identified candidate component class: file [E:\IT-CAMP7\2022.12.04-book-store\book-store\target\classes\pl\camp\it\book\store\controllers\OrderController.class]
2023-03-18 10:56:30 DEBUG - Identified candidate component class: file [E:\IT-CAMP7\2022.12.04-book-store\book-store\target\classes\pl\camp\it\book\store\controllers\rest\RestApiBookController.class]
2023-03-18 10:56:30 DEBUG - Identified candidate component class: file [E:\IT-CAMP7\2022.12.04-book-store\book-store\target\classes\pl\camp\it\book\store\controllers\rest\RestApiOrderController.class]
2023-03-18 10:56:30 DEBUG - Identified candidate component class: file [E:\IT-CAMP7\2022.12.04-book-store\book-store\target\classes\pl\camp\it\book\store\controllers\rest\RestApiOrderPositionController.class]
2023-03-18 10:56:30 DEBUG - Identified candidate component class: file [E:\IT-CAMP7\2022.12.04-book-store\book-store\target\classes\pl\camp\it\book\store\controllers\rest\RestApiUserController.class]
2023-03-18 10:56:30 DEBUG - Identified candidate component class: file [E:\IT-CAMP7\2022.12.04-book-store\book-store\target\classes\pl\camp\it\book\store\services\impl\AuthenticationServiceImpl.class]
2023-03-18 10:56:30 DEBUG - Identified candidate component class: file [E:\IT-CAMP7\2022.12.04-book-store\book-store\target\classes\pl\camp\it\book\store\services\impl\BookServiceImpl.class]
2023-03-18 10:56:30 DEBUG - Identified candidate component class: file [E:\IT-CAMP7\2022.12.04-book-store\book-store\target\classes\pl\camp\it\book\store\services\impl\CartServiceImpl.class]
2023-03-18 10:56:30 DEBUG - Identified candidate component class: file [E:\IT-CAMP7\2022.12.04-book-store\book-store\target\classes\pl\camp\it\book\store\services\impl\OrderPositionServiceImpl.class]
2023-03-18 10:56:30 DEBUG - Identified candidate component class: file [E:\IT-CAMP7\2022.12.04-book-store\book-store\target\classes\pl\camp\it\book\store\services\impl\OrderServiceImpl.class]
2023-03-18 10:56:30 DEBUG - Identified candidate component class: file [E:\IT-CAMP7\2022.12.04-book-store\book-store\target\classes\pl\camp\it\book\store\services\impl\UserServiceImpl.class]
2023-03-18 10:56:30 DEBUG - Identified candidate component class: file [E:\IT-CAMP7\2022.12.04-book-store\book-store\target\classes\pl\camp\it\book\store\session\SessionObject.class]
2023-03-18 10:56:30 DEBUG - Creating shared instance of singleton bean 'org.springframework.boot.test.mock.mockito.MockitoPostProcessor'
2023-03-18 10:56:31 DEBUG - Creating shared instance of singleton bean 'org.springframework.context.event.internalEventListenerProcessor'
2023-03-18 10:56:31 DEBUG - Creating shared instance of singleton bean 'org.springframework.context.event.internalEventListenerFactory'
2023-03-18 10:56:31 DEBUG - Creating shared instance of singleton bean 'org.springframework.context.annotation.internalAutowiredAnnotationProcessor'
2023-03-18 10:56:31 DEBUG - Creating shared instance of singleton bean 'org.springframework.context.annotation.internalCommonAnnotationProcessor'
2023-03-18 10:56:31 DEBUG - Creating shared instance of singleton bean 'org.springframework.boot.test.mock.mockito.MockitoPostProcessor$SpyPostProcessor'
2023-03-18 10:56:31 DEBUG - Creating shared instance of singleton bean 'org.springframework.context.annotation.internalScheduledAnnotationProcessor'
2023-03-18 10:56:31 DEBUG - Creating shared instance of singleton bean 'org.springframework.scheduling.annotation.SchedulingConfiguration'
2023-03-18 10:56:31 DEBUG - Unable to locate ThemeSource with name 'themeSource': using default [org.springframework.ui.context.support.ResourceBundleThemeSource@6bcc3f27]
2023-03-18 10:56:31 DEBUG - Creating shared instance of singleton bean 'testConfiguration'
2023-03-18 10:56:31 DEBUG - Creating shared instance of singleton bean 'authenticationController'
2023-03-18 10:56:31 DEBUG - Creating shared instance of singleton bean 'sessionObject'
2023-03-18 10:56:31 DEBUG - Creating shared instance of singleton bean 'authenticationServiceImpl'
2023-03-18 10:56:31 DEBUG - Creating shared instance of singleton bean 'bookController'
2023-03-18 10:56:31 DEBUG - Creating shared instance of singleton bean 'bookServiceImpl'
2023-03-18 10:56:31 DEBUG - Creating shared instance of singleton bean 'cartController'
2023-03-18 10:56:31 DEBUG - Creating shared instance of singleton bean 'cartServiceImpl'
2023-03-18 10:56:31 DEBUG - Creating shared instance of singleton bean 'commonController'
2023-03-18 10:56:31 DEBUG - Creating shared instance of singleton bean 'orderController'
2023-03-18 10:56:31 DEBUG - Creating shared instance of singleton bean 'orderServiceImpl'
2023-03-18 10:56:31 DEBUG - Creating shared instance of singleton bean 'restApiBookController'
2023-03-18 10:56:31 DEBUG - Creating shared instance of singleton bean 'restApiOrderController'
2023-03-18 10:56:31 DEBUG - Creating shared instance of singleton bean 'restApiOrderPositionController'
2023-03-18 10:56:31 DEBUG - Creating shared instance of singleton bean 'orderPositionServiceImpl'
2023-03-18 10:56:31 DEBUG - Creating shared instance of singleton bean 'restApiUserController'
2023-03-18 10:56:31 DEBUG - Creating shared instance of singleton bean 'userServiceImpl'
2023-03-18 10:56:31 DEBUG - Spring test ApplicationContext cache statistics: [DefaultContextCache@39f5b723 size = 1, maxSize = 32, parentContextCount = 0, hitCount = 0, missCount = 1]
2023-03-18 10:56:31 DEBUG - Setting up MockHttpServletRequest, MockHttpServletResponse, ServletWebRequest, and RequestContextHolder for test class pl.camp.it.book.store.services.impl.OrderServiceImplTest
2023-03-18 10:56:31 DEBUG - Spring test ApplicationContext cache statistics: [DefaultContextCache@39f5b723 size = 1, maxSize = 32, parentContextCount = 0, hitCount = 1, missCount = 1]
2023-03-18 10:56:31 DEBUG - Performing dependency injection for test class pl.camp.it.book.store.services.impl.OrderServiceImplTest
2023-03-18 10:56:31 DEBUG - Spring test ApplicationContext cache statistics: [DefaultContextCache@39f5b723 size = 1, maxSize = 32, parentContextCount = 0, hitCount = 2, missCount = 1]
2023-03-18 10:56:31 DEBUG - Spring test ApplicationContext cache statistics: [DefaultContextCache@39f5b723 size = 1, maxSize = 32, parentContextCount = 0, hitCount = 3, missCount = 1]
2023-03-18 10:56:31 DEBUG - Before test method: class [OrderServiceImplTest], method [confirmOrderWhenNotEnoughBookInStoreTest], class annotated with @DirtiesContext [false] with mode [null], method annotated with @DirtiesContext [false] with mode [null]
2023-03-18 10:56:31 DEBUG - Spring test ApplicationContext cache statistics: [DefaultContextCache@39f5b723 size = 1, maxSize = 32, parentContextCount = 0, hitCount = 4, missCount = 1]
2023-03-18 10:56:31 DEBUG - Spring test ApplicationContext cache statistics: [DefaultContextCache@39f5b723 size = 1, maxSize = 32, parentContextCount = 0, hitCount = 5, missCount = 1]
2023-03-18 10:56:31 DEBUG - Spring test ApplicationContext cache statistics: [DefaultContextCache@39f5b723 size = 1, maxSize = 32, parentContextCount = 0, hitCount = 6, missCount = 1]
2023-03-18 10:56:31 DEBUG - Spring test ApplicationContext cache statistics: [DefaultContextCache@39f5b723 size = 1, maxSize = 32, parentContextCount = 0, hitCount = 7, missCount = 1]
2023-03-18 10:56:31 DEBUG - Spring test ApplicationContext cache statistics: [DefaultContextCache@39f5b723 size = 1, maxSize = 32, parentContextCount = 0, hitCount = 8, missCount = 1]
2023-03-18 10:56:31 DEBUG - Spring test ApplicationContext cache statistics: [DefaultContextCache@39f5b723 size = 1, maxSize = 32, parentContextCount = 0, hitCount = 9, missCount = 1]
2023-03-18 10:56:31 DEBUG - Spring test ApplicationContext cache statistics: [DefaultContextCache@39f5b723 size = 1, maxSize = 32, parentContextCount = 0, hitCount = 10, missCount = 1]
2023-03-18 10:56:31 DEBUG - Spring test ApplicationContext cache statistics: [DefaultContextCache@39f5b723 size = 1, maxSize = 32, parentContextCount = 0, hitCount = 11, missCount = 1]
2023-03-18 10:56:31 DEBUG - Spring test ApplicationContext cache statistics: [DefaultContextCache@39f5b723 size = 1, maxSize = 32, parentContextCount = 0, hitCount = 12, missCount = 1]
2023-03-18 10:56:31 DEBUG - After test method: class [OrderServiceImplTest], method [confirmOrderWhenNotEnoughBookInStoreTest], class annotated with @DirtiesContext [false] with mode [null], method annotated with @DirtiesContext [false] with mode [null]
2023-03-18 10:56:31 DEBUG - Resetting RequestContextHolder for test class pl.camp.it.book.store.services.impl.OrderServiceImplTest
2023-03-18 10:56:31 DEBUG - Spring test ApplicationContext cache statistics: [DefaultContextCache@39f5b723 size = 1, maxSize = 32, parentContextCount = 0, hitCount = 13, missCount = 1]
2023-03-18 10:56:31 DEBUG - Setting up MockHttpServletRequest, MockHttpServletResponse, ServletWebRequest, and RequestContextHolder for test class pl.camp.it.book.store.services.impl.OrderServiceImplTest
2023-03-18 10:56:31 DEBUG - Spring test ApplicationContext cache statistics: [DefaultContextCache@39f5b723 size = 1, maxSize = 32, parentContextCount = 0, hitCount = 14, missCount = 1]
2023-03-18 10:56:31 DEBUG - Performing dependency injection for test class pl.camp.it.book.store.services.impl.OrderServiceImplTest
2023-03-18 10:56:31 DEBUG - Spring test ApplicationContext cache statistics: [DefaultContextCache@39f5b723 size = 1, maxSize = 32, parentContextCount = 0, hitCount = 15, missCount = 1]
2023-03-18 10:56:31 DEBUG - Spring test ApplicationContext cache statistics: [DefaultContextCache@39f5b723 size = 1, maxSize = 32, parentContextCount = 0, hitCount = 16, missCount = 1]
2023-03-18 10:56:31 DEBUG - Before test method: class [OrderServiceImplTest], method [confirmOrderTest], class annotated with @DirtiesContext [false] with mode [null], method annotated with @DirtiesContext [false] with mode [null]
2023-03-18 10:56:31 DEBUG - Spring test ApplicationContext cache statistics: [DefaultContextCache@39f5b723 size = 1, maxSize = 32, parentContextCount = 0, hitCount = 17, missCount = 1]
2023-03-18 10:56:31 DEBUG - Spring test ApplicationContext cache statistics: [DefaultContextCache@39f5b723 size = 1, maxSize = 32, parentContextCount = 0, hitCount = 18, missCount = 1]
2023-03-18 10:56:31 DEBUG - Spring test ApplicationContext cache statistics: [DefaultContextCache@39f5b723 size = 1, maxSize = 32, parentContextCount = 0, hitCount = 19, missCount = 1]
2023-03-18 10:56:31 DEBUG - Spring test ApplicationContext cache statistics: [DefaultContextCache@39f5b723 size = 1, maxSize = 32, parentContextCount = 0, hitCount = 20, missCount = 1]
2023-03-18 10:56:31 DEBUG - Spring test ApplicationContext cache statistics: [DefaultContextCache@39f5b723 size = 1, maxSize = 32, parentContextCount = 0, hitCount = 21, missCount = 1]
2023-03-18 10:56:31 DEBUG - Spring test ApplicationContext cache statistics: [DefaultContextCache@39f5b723 size = 1, maxSize = 32, parentContextCount = 0, hitCount = 22, missCount = 1]
2023-03-18 10:56:31 DEBUG - Spring test ApplicationContext cache statistics: [DefaultContextCache@39f5b723 size = 1, maxSize = 32, parentContextCount = 0, hitCount = 23, missCount = 1]
2023-03-18 10:56:31 DEBUG - Spring test ApplicationContext cache statistics: [DefaultContextCache@39f5b723 size = 1, maxSize = 32, parentContextCount = 0, hitCount = 24, missCount = 1]
2023-03-18 10:56:31 DEBUG - Spring test ApplicationContext cache statistics: [DefaultContextCache@39f5b723 size = 1, maxSize = 32, parentContextCount = 0, hitCount = 25, missCount = 1]
2023-03-18 10:56:31 DEBUG - After test method: class [OrderServiceImplTest], method [confirmOrderTest], class annotated with @DirtiesContext [false] with mode [null], method annotated with @DirtiesContext [false] with mode [null]
2023-03-18 10:56:31 DEBUG - Resetting RequestContextHolder for test class pl.camp.it.book.store.services.impl.OrderServiceImplTest
2023-03-18 10:56:31 DEBUG - Spring test ApplicationContext cache statistics: [DefaultContextCache@39f5b723 size = 1, maxSize = 32, parentContextCount = 0, hitCount = 26, missCount = 1]
2023-03-18 10:56:31 DEBUG - After test class: class [OrderServiceImplTest], class annotated with @DirtiesContext [false] with mode [null]
2023-03-18 10:56:31 DEBUG - Closing org.springframework.web.context.support.GenericWebApplicationContext@21005f6c, started on Sat Mar 18 10:56:30 CET 2023
