2023-03-12 16:24:15 DEBUG - Using ContextCustomizers for test class [BookServiceImplTest]: [ExcludeFilterContextCustomizer, DuplicateJsonObjectContextCustomizer, MockitoContextCustomizer, DisableObservabilityContextCustomizer, PropertyMappingContextCustomizer, Customizer, MockServerContainerContextCustomizer]
2023-03-12 16:24:15 DEBUG - Skipping candidate TestExecutionListener [org.springframework.test.context.transaction.TransactionalTestExecutionListener] due to a missing dependency. Specify custom TestExecutionListener classes or make the default TestExecutionListener classes and their required dependencies available. Offending class: [org/springframework/transaction/interceptor/TransactionAttributeSource]
2023-03-12 16:24:15 DEBUG - Skipping candidate TestExecutionListener [org.springframework.test.context.jdbc.SqlScriptsTestExecutionListener] due to a missing dependency. Specify custom TestExecutionListener classes or make the default TestExecutionListener classes and their required dependencies available. Offending class: [org/springframework/transaction/interceptor/TransactionAttribute]
2023-03-12 16:24:15 DEBUG - Using TestExecutionListeners for test class [BookServiceImplTest]: [ServletTestExecutionListener, DirtiesContextBeforeModesTestExecutionListener, ApplicationEventsTestExecutionListener, MockitoTestExecutionListener, DependencyInjectionTestExecutionListener, DirtiesContextTestExecutionListener, EventPublishingTestExecutionListener, ResetMocksTestExecutionListener, RestDocsTestExecutionListener, MockRestServiceServerResetTestExecutionListener, MockMvcPrintOnlyOnFailureTestExecutionListener, WebDriverTestExecutionListener, MockWebServiceServerTestExecutionListener]
2023-03-12 16:24:15 DEBUG - Before test class: class [BookServiceImplTest], class annotated with @DirtiesContext [false] with mode [null]
2023-03-12 16:24:15 DEBUG - Loading WebApplicationContext for test class pl.camp.it.book.store.services.impl.BookServiceImplTest
2023-03-12 16:24:15 DEBUG - Activating profiles []
2023-03-12 16:24:15 DEBUG - Registering annotated classes: [class pl.camp.it.book.store.configuration.TestConfiguration]
2023-03-12 16:24:15 DEBUG - Refreshing org.springframework.web.context.support.GenericWebApplicationContext@1536602f
2023-03-12 16:24:15 DEBUG - Creating shared instance of singleton bean 'org.springframework.context.annotation.internalConfigurationAnnotationProcessor'
2023-03-12 16:24:15 DEBUG - Identified candidate component class: file [E:\IT-CAMP7\2022.12.04-book-store\book-store\target\classes\pl\camp\it\book\store\controllers\AuthenticationController.class]
2023-03-12 16:24:15 DEBUG - Identified candidate component class: file [E:\IT-CAMP7\2022.12.04-book-store\book-store\target\classes\pl\camp\it\book\store\controllers\BookController.class]
2023-03-12 16:24:15 DEBUG - Identified candidate component class: file [E:\IT-CAMP7\2022.12.04-book-store\book-store\target\classes\pl\camp\it\book\store\controllers\CartController.class]
2023-03-12 16:24:15 DEBUG - Identified candidate component class: file [E:\IT-CAMP7\2022.12.04-book-store\book-store\target\classes\pl\camp\it\book\store\controllers\CommonController.class]
2023-03-12 16:24:15 DEBUG - Identified candidate component class: file [E:\IT-CAMP7\2022.12.04-book-store\book-store\target\classes\pl\camp\it\book\store\controllers\OrderController.class]
2023-03-12 16:24:15 DEBUG - Identified candidate component class: file [E:\IT-CAMP7\2022.12.04-book-store\book-store\target\classes\pl\camp\it\book\store\controllers\rest\RestApiBookController.class]
2023-03-12 16:24:15 DEBUG - Identified candidate component class: file [E:\IT-CAMP7\2022.12.04-book-store\book-store\target\classes\pl\camp\it\book\store\controllers\rest\RestApiOrderController.class]
2023-03-12 16:24:15 DEBUG - Identified candidate component class: file [E:\IT-CAMP7\2022.12.04-book-store\book-store\target\classes\pl\camp\it\book\store\controllers\rest\RestApiOrderPositionController.class]
2023-03-12 16:24:15 DEBUG - Identified candidate component class: file [E:\IT-CAMP7\2022.12.04-book-store\book-store\target\classes\pl\camp\it\book\store\controllers\rest\RestApiUserController.class]
2023-03-12 16:24:15 DEBUG - Identified candidate component class: file [E:\IT-CAMP7\2022.12.04-book-store\book-store\target\classes\pl\camp\it\book\store\services\impl\AuthenticationServiceImpl.class]
2023-03-12 16:24:15 DEBUG - Identified candidate component class: file [E:\IT-CAMP7\2022.12.04-book-store\book-store\target\classes\pl\camp\it\book\store\services\impl\BookServiceImpl.class]
2023-03-12 16:24:15 DEBUG - Identified candidate component class: file [E:\IT-CAMP7\2022.12.04-book-store\book-store\target\classes\pl\camp\it\book\store\services\impl\CartServiceImpl.class]
2023-03-12 16:24:15 DEBUG - Identified candidate component class: file [E:\IT-CAMP7\2022.12.04-book-store\book-store\target\classes\pl\camp\it\book\store\services\impl\OrderPositionServiceImpl.class]
2023-03-12 16:24:15 DEBUG - Identified candidate component class: file [E:\IT-CAMP7\2022.12.04-book-store\book-store\target\classes\pl\camp\it\book\store\services\impl\OrderServiceImpl.class]
2023-03-12 16:24:15 DEBUG - Identified candidate component class: file [E:\IT-CAMP7\2022.12.04-book-store\book-store\target\classes\pl\camp\it\book\store\services\impl\UserServiceImpl.class]
2023-03-12 16:24:15 DEBUG - Identified candidate component class: file [E:\IT-CAMP7\2022.12.04-book-store\book-store\target\classes\pl\camp\it\book\store\session\SessionObject.class]
2023-03-12 16:24:15 DEBUG - Creating shared instance of singleton bean 'org.springframework.boot.test.mock.mockito.MockitoPostProcessor'
2023-03-12 16:24:16 DEBUG - Creating shared instance of singleton bean 'org.springframework.context.event.internalEventListenerProcessor'
2023-03-12 16:24:16 DEBUG - Creating shared instance of singleton bean 'org.springframework.context.event.internalEventListenerFactory'
2023-03-12 16:24:16 DEBUG - Creating shared instance of singleton bean 'org.springframework.context.annotation.internalAutowiredAnnotationProcessor'
2023-03-12 16:24:16 DEBUG - Creating shared instance of singleton bean 'org.springframework.context.annotation.internalCommonAnnotationProcessor'
2023-03-12 16:24:16 DEBUG - Creating shared instance of singleton bean 'org.springframework.boot.test.mock.mockito.MockitoPostProcessor$SpyPostProcessor'
2023-03-12 16:24:16 DEBUG - Creating shared instance of singleton bean 'org.springframework.context.annotation.internalScheduledAnnotationProcessor'
2023-03-12 16:24:16 DEBUG - Creating shared instance of singleton bean 'org.springframework.scheduling.annotation.SchedulingConfiguration'
2023-03-12 16:24:16 DEBUG - Unable to locate ThemeSource with name 'themeSource': using default [org.springframework.ui.context.support.ResourceBundleThemeSource@2b7e8044]
2023-03-12 16:24:16 DEBUG - Creating shared instance of singleton bean 'testConfiguration'
2023-03-12 16:24:16 DEBUG - Creating shared instance of singleton bean 'authenticationController'
2023-03-12 16:24:16 DEBUG - Creating shared instance of singleton bean 'sessionObject'
2023-03-12 16:24:16 DEBUG - Creating shared instance of singleton bean 'authenticationServiceImpl'
2023-03-12 16:24:16 DEBUG - Creating shared instance of singleton bean 'bookController'
2023-03-12 16:24:16 DEBUG - Creating shared instance of singleton bean 'bookServiceImpl'
2023-03-12 16:24:16 DEBUG - Creating shared instance of singleton bean 'cartController'
2023-03-12 16:24:16 DEBUG - Creating shared instance of singleton bean 'cartServiceImpl'
2023-03-12 16:24:16 DEBUG - Creating shared instance of singleton bean 'commonController'
2023-03-12 16:24:16 DEBUG - Creating shared instance of singleton bean 'orderController'
2023-03-12 16:24:16 DEBUG - Creating shared instance of singleton bean 'orderServiceImpl'
2023-03-12 16:24:16 DEBUG - Creating shared instance of singleton bean 'restApiBookController'
2023-03-12 16:24:16 DEBUG - Creating shared instance of singleton bean 'restApiOrderController'
2023-03-12 16:24:16 DEBUG - Creating shared instance of singleton bean 'restApiOrderPositionController'
2023-03-12 16:24:16 DEBUG - Creating shared instance of singleton bean 'orderPositionServiceImpl'
2023-03-12 16:24:16 DEBUG - Creating shared instance of singleton bean 'restApiUserController'
2023-03-12 16:24:16 DEBUG - Creating shared instance of singleton bean 'userServiceImpl'
2023-03-12 16:24:16 DEBUG - Spring test ApplicationContext cache statistics: [DefaultContextCache@999b951 size = 1, maxSize = 32, parentContextCount = 0, hitCount = 0, missCount = 1]
2023-03-12 16:24:16 DEBUG - Setting up MockHttpServletRequest, MockHttpServletResponse, ServletWebRequest, and RequestContextHolder for test class pl.camp.it.book.store.services.impl.BookServiceImplTest
2023-03-12 16:24:16 DEBUG - Spring test ApplicationContext cache statistics: [DefaultContextCache@999b951 size = 1, maxSize = 32, parentContextCount = 0, hitCount = 1, missCount = 1]
2023-03-12 16:24:16 DEBUG - Performing dependency injection for test class pl.camp.it.book.store.services.impl.BookServiceImplTest
2023-03-12 16:24:16 DEBUG - Spring test ApplicationContext cache statistics: [DefaultContextCache@999b951 size = 1, maxSize = 32, parentContextCount = 0, hitCount = 2, missCount = 1]
2023-03-12 16:24:16 DEBUG - Spring test ApplicationContext cache statistics: [DefaultContextCache@999b951 size = 1, maxSize = 32, parentContextCount = 0, hitCount = 3, missCount = 1]
2023-03-12 16:24:16 DEBUG - Before test method: class [BookServiceImplTest], method [getBooksWithPatternTest], class annotated with @DirtiesContext [false] with mode [null], method annotated with @DirtiesContext [false] with mode [null]
2023-03-12 16:24:16 DEBUG - Spring test ApplicationContext cache statistics: [DefaultContextCache@999b951 size = 1, maxSize = 32, parentContextCount = 0, hitCount = 4, missCount = 1]
2023-03-12 16:24:16 DEBUG - Spring test ApplicationContext cache statistics: [DefaultContextCache@999b951 size = 1, maxSize = 32, parentContextCount = 0, hitCount = 5, missCount = 1]
2023-03-12 16:24:16 DEBUG - Spring test ApplicationContext cache statistics: [DefaultContextCache@999b951 size = 1, maxSize = 32, parentContextCount = 0, hitCount = 6, missCount = 1]
2023-03-12 16:24:16 DEBUG - Spring test ApplicationContext cache statistics: [DefaultContextCache@999b951 size = 1, maxSize = 32, parentContextCount = 0, hitCount = 7, missCount = 1]
2023-03-12 16:24:16 DEBUG - Spring test ApplicationContext cache statistics: [DefaultContextCache@999b951 size = 1, maxSize = 32, parentContextCount = 0, hitCount = 8, missCount = 1]
2023-03-12 16:24:16 DEBUG - Spring test ApplicationContext cache statistics: [DefaultContextCache@999b951 size = 1, maxSize = 32, parentContextCount = 0, hitCount = 9, missCount = 1]
2023-03-12 16:24:16 DEBUG - Spring test ApplicationContext cache statistics: [DefaultContextCache@999b951 size = 1, maxSize = 32, parentContextCount = 0, hitCount = 10, missCount = 1]
2023-03-12 16:24:16 DEBUG - Spring test ApplicationContext cache statistics: [DefaultContextCache@999b951 size = 1, maxSize = 32, parentContextCount = 0, hitCount = 11, missCount = 1]
2023-03-12 16:24:16 DEBUG - Spring test ApplicationContext cache statistics: [DefaultContextCache@999b951 size = 1, maxSize = 32, parentContextCount = 0, hitCount = 12, missCount = 1]
2023-03-12 16:24:16 DEBUG - After test method: class [BookServiceImplTest], method [getBooksWithPatternTest], class annotated with @DirtiesContext [false] with mode [null], method annotated with @DirtiesContext [false] with mode [null]
2023-03-12 16:24:16 DEBUG - Resetting RequestContextHolder for test class pl.camp.it.book.store.services.impl.BookServiceImplTest
2023-03-12 16:24:16 DEBUG - Spring test ApplicationContext cache statistics: [DefaultContextCache@999b951 size = 1, maxSize = 32, parentContextCount = 0, hitCount = 13, missCount = 1]
2023-03-12 16:24:16 DEBUG - After test class: class [BookServiceImplTest], class annotated with @DirtiesContext [false] with mode [null]
2023-03-12 16:24:16 DEBUG - Closing org.springframework.web.context.support.GenericWebApplicationContext@1536602f, started on Sun Mar 12 16:24:15 CET 2023
2023-03-12 16:24:25 DEBUG - Using ContextCustomizers for test class [BookServiceImplTest]: [ExcludeFilterContextCustomizer, DuplicateJsonObjectContextCustomizer, MockitoContextCustomizer, DisableObservabilityContextCustomizer, PropertyMappingContextCustomizer, Customizer, MockServerContainerContextCustomizer]
2023-03-12 16:24:25 DEBUG - Skipping candidate TestExecutionListener [org.springframework.test.context.transaction.TransactionalTestExecutionListener] due to a missing dependency. Specify custom TestExecutionListener classes or make the default TestExecutionListener classes and their required dependencies available. Offending class: [org/springframework/transaction/interceptor/TransactionAttributeSource]
2023-03-12 16:24:25 DEBUG - Skipping candidate TestExecutionListener [org.springframework.test.context.jdbc.SqlScriptsTestExecutionListener] due to a missing dependency. Specify custom TestExecutionListener classes or make the default TestExecutionListener classes and their required dependencies available. Offending class: [org/springframework/transaction/interceptor/TransactionAttribute]
2023-03-12 16:24:25 DEBUG - Using TestExecutionListeners for test class [BookServiceImplTest]: [ServletTestExecutionListener, DirtiesContextBeforeModesTestExecutionListener, ApplicationEventsTestExecutionListener, MockitoTestExecutionListener, DependencyInjectionTestExecutionListener, DirtiesContextTestExecutionListener, EventPublishingTestExecutionListener, ResetMocksTestExecutionListener, RestDocsTestExecutionListener, MockRestServiceServerResetTestExecutionListener, MockMvcPrintOnlyOnFailureTestExecutionListener, WebDriverTestExecutionListener, MockWebServiceServerTestExecutionListener]
2023-03-12 16:24:25 DEBUG - Before test class: class [BookServiceImplTest], class annotated with @DirtiesContext [false] with mode [null]
2023-03-12 16:24:25 DEBUG - Loading WebApplicationContext for test class pl.camp.it.book.store.services.impl.BookServiceImplTest
2023-03-12 16:24:25 DEBUG - Activating profiles []
2023-03-12 16:24:25 DEBUG - Registering annotated classes: [class pl.camp.it.book.store.configuration.TestConfiguration]
2023-03-12 16:24:25 DEBUG - Refreshing org.springframework.web.context.support.GenericWebApplicationContext@7813cb11
2023-03-12 16:24:25 DEBUG - Creating shared instance of singleton bean 'org.springframework.context.annotation.internalConfigurationAnnotationProcessor'
2023-03-12 16:24:25 DEBUG - Identified candidate component class: file [E:\IT-CAMP7\2022.12.04-book-store\book-store\target\classes\pl\camp\it\book\store\controllers\AuthenticationController.class]
2023-03-12 16:24:25 DEBUG - Identified candidate component class: file [E:\IT-CAMP7\2022.12.04-book-store\book-store\target\classes\pl\camp\it\book\store\controllers\BookController.class]
2023-03-12 16:24:25 DEBUG - Identified candidate component class: file [E:\IT-CAMP7\2022.12.04-book-store\book-store\target\classes\pl\camp\it\book\store\controllers\CartController.class]
2023-03-12 16:24:25 DEBUG - Identified candidate component class: file [E:\IT-CAMP7\2022.12.04-book-store\book-store\target\classes\pl\camp\it\book\store\controllers\CommonController.class]
2023-03-12 16:24:25 DEBUG - Identified candidate component class: file [E:\IT-CAMP7\2022.12.04-book-store\book-store\target\classes\pl\camp\it\book\store\controllers\OrderController.class]
2023-03-12 16:24:25 DEBUG - Identified candidate component class: file [E:\IT-CAMP7\2022.12.04-book-store\book-store\target\classes\pl\camp\it\book\store\controllers\rest\RestApiBookController.class]
2023-03-12 16:24:25 DEBUG - Identified candidate component class: file [E:\IT-CAMP7\2022.12.04-book-store\book-store\target\classes\pl\camp\it\book\store\controllers\rest\RestApiOrderController.class]
2023-03-12 16:24:25 DEBUG - Identified candidate component class: file [E:\IT-CAMP7\2022.12.04-book-store\book-store\target\classes\pl\camp\it\book\store\controllers\rest\RestApiOrderPositionController.class]
2023-03-12 16:24:25 DEBUG - Identified candidate component class: file [E:\IT-CAMP7\2022.12.04-book-store\book-store\target\classes\pl\camp\it\book\store\controllers\rest\RestApiUserController.class]
2023-03-12 16:24:25 DEBUG - Identified candidate component class: file [E:\IT-CAMP7\2022.12.04-book-store\book-store\target\classes\pl\camp\it\book\store\services\impl\AuthenticationServiceImpl.class]
2023-03-12 16:24:25 DEBUG - Identified candidate component class: file [E:\IT-CAMP7\2022.12.04-book-store\book-store\target\classes\pl\camp\it\book\store\services\impl\BookServiceImpl.class]
2023-03-12 16:24:25 DEBUG - Identified candidate component class: file [E:\IT-CAMP7\2022.12.04-book-store\book-store\target\classes\pl\camp\it\book\store\services\impl\CartServiceImpl.class]
2023-03-12 16:24:25 DEBUG - Identified candidate component class: file [E:\IT-CAMP7\2022.12.04-book-store\book-store\target\classes\pl\camp\it\book\store\services\impl\OrderPositionServiceImpl.class]
2023-03-12 16:24:25 DEBUG - Identified candidate component class: file [E:\IT-CAMP7\2022.12.04-book-store\book-store\target\classes\pl\camp\it\book\store\services\impl\OrderServiceImpl.class]
2023-03-12 16:24:25 DEBUG - Identified candidate component class: file [E:\IT-CAMP7\2022.12.04-book-store\book-store\target\classes\pl\camp\it\book\store\services\impl\UserServiceImpl.class]
2023-03-12 16:24:25 DEBUG - Identified candidate component class: file [E:\IT-CAMP7\2022.12.04-book-store\book-store\target\classes\pl\camp\it\book\store\session\SessionObject.class]
2023-03-12 16:24:25 DEBUG - Creating shared instance of singleton bean 'org.springframework.boot.test.mock.mockito.MockitoPostProcessor'
2023-03-12 16:24:26 DEBUG - Creating shared instance of singleton bean 'org.springframework.context.event.internalEventListenerProcessor'
2023-03-12 16:24:26 DEBUG - Creating shared instance of singleton bean 'org.springframework.context.event.internalEventListenerFactory'
2023-03-12 16:24:26 DEBUG - Creating shared instance of singleton bean 'org.springframework.context.annotation.internalAutowiredAnnotationProcessor'
2023-03-12 16:24:26 DEBUG - Creating shared instance of singleton bean 'org.springframework.context.annotation.internalCommonAnnotationProcessor'
2023-03-12 16:24:26 DEBUG - Creating shared instance of singleton bean 'org.springframework.boot.test.mock.mockito.MockitoPostProcessor$SpyPostProcessor'
2023-03-12 16:24:26 DEBUG - Creating shared instance of singleton bean 'org.springframework.context.annotation.internalScheduledAnnotationProcessor'
2023-03-12 16:24:26 DEBUG - Creating shared instance of singleton bean 'org.springframework.scheduling.annotation.SchedulingConfiguration'
2023-03-12 16:24:26 DEBUG - Unable to locate ThemeSource with name 'themeSource': using default [org.springframework.ui.context.support.ResourceBundleThemeSource@205df5dc]
2023-03-12 16:24:26 DEBUG - Creating shared instance of singleton bean 'testConfiguration'
2023-03-12 16:24:26 DEBUG - Creating shared instance of singleton bean 'authenticationController'
2023-03-12 16:24:26 DEBUG - Creating shared instance of singleton bean 'sessionObject'
2023-03-12 16:24:26 DEBUG - Creating shared instance of singleton bean 'authenticationServiceImpl'
2023-03-12 16:24:26 DEBUG - Creating shared instance of singleton bean 'bookController'
2023-03-12 16:24:26 DEBUG - Creating shared instance of singleton bean 'bookServiceImpl'
2023-03-12 16:24:26 DEBUG - Creating shared instance of singleton bean 'cartController'
2023-03-12 16:24:26 DEBUG - Creating shared instance of singleton bean 'cartServiceImpl'
2023-03-12 16:24:26 DEBUG - Creating shared instance of singleton bean 'commonController'
2023-03-12 16:24:26 DEBUG - Creating shared instance of singleton bean 'orderController'
2023-03-12 16:24:26 DEBUG - Creating shared instance of singleton bean 'orderServiceImpl'
2023-03-12 16:24:26 DEBUG - Creating shared instance of singleton bean 'restApiBookController'
2023-03-12 16:24:26 DEBUG - Creating shared instance of singleton bean 'restApiOrderController'
2023-03-12 16:24:26 DEBUG - Creating shared instance of singleton bean 'restApiOrderPositionController'
2023-03-12 16:24:26 DEBUG - Creating shared instance of singleton bean 'orderPositionServiceImpl'
2023-03-12 16:24:26 DEBUG - Creating shared instance of singleton bean 'restApiUserController'
2023-03-12 16:24:26 DEBUG - Creating shared instance of singleton bean 'userServiceImpl'
2023-03-12 16:24:26 DEBUG - Spring test ApplicationContext cache statistics: [DefaultContextCache@3a3ed300 size = 1, maxSize = 32, parentContextCount = 0, hitCount = 0, missCount = 1]
2023-03-12 16:24:26 DEBUG - Setting up MockHttpServletRequest, MockHttpServletResponse, ServletWebRequest, and RequestContextHolder for test class pl.camp.it.book.store.services.impl.BookServiceImplTest
2023-03-12 16:24:26 DEBUG - Spring test ApplicationContext cache statistics: [DefaultContextCache@3a3ed300 size = 1, maxSize = 32, parentContextCount = 0, hitCount = 1, missCount = 1]
2023-03-12 16:24:26 DEBUG - Performing dependency injection for test class pl.camp.it.book.store.services.impl.BookServiceImplTest
2023-03-12 16:24:26 DEBUG - Spring test ApplicationContext cache statistics: [DefaultContextCache@3a3ed300 size = 1, maxSize = 32, parentContextCount = 0, hitCount = 2, missCount = 1]
2023-03-12 16:24:26 DEBUG - Spring test ApplicationContext cache statistics: [DefaultContextCache@3a3ed300 size = 1, maxSize = 32, parentContextCount = 0, hitCount = 3, missCount = 1]
2023-03-12 16:24:26 DEBUG - Before test method: class [BookServiceImplTest], method [getBooksWithPatternTest], class annotated with @DirtiesContext [false] with mode [null], method annotated with @DirtiesContext [false] with mode [null]
2023-03-12 16:24:26 DEBUG - Spring test ApplicationContext cache statistics: [DefaultContextCache@3a3ed300 size = 1, maxSize = 32, parentContextCount = 0, hitCount = 4, missCount = 1]
2023-03-12 16:24:26 DEBUG - Spring test ApplicationContext cache statistics: [DefaultContextCache@3a3ed300 size = 1, maxSize = 32, parentContextCount = 0, hitCount = 5, missCount = 1]
2023-03-12 16:24:26 DEBUG - Spring test ApplicationContext cache statistics: [DefaultContextCache@3a3ed300 size = 1, maxSize = 32, parentContextCount = 0, hitCount = 6, missCount = 1]
2023-03-12 16:24:26 DEBUG - Spring test ApplicationContext cache statistics: [DefaultContextCache@3a3ed300 size = 1, maxSize = 32, parentContextCount = 0, hitCount = 7, missCount = 1]
2023-03-12 16:24:26 DEBUG - Spring test ApplicationContext cache statistics: [DefaultContextCache@3a3ed300 size = 1, maxSize = 32, parentContextCount = 0, hitCount = 8, missCount = 1]
2023-03-12 16:24:26 DEBUG - Spring test ApplicationContext cache statistics: [DefaultContextCache@3a3ed300 size = 1, maxSize = 32, parentContextCount = 0, hitCount = 9, missCount = 1]
2023-03-12 16:24:26 DEBUG - Spring test ApplicationContext cache statistics: [DefaultContextCache@3a3ed300 size = 1, maxSize = 32, parentContextCount = 0, hitCount = 10, missCount = 1]
2023-03-12 16:24:26 DEBUG - Spring test ApplicationContext cache statistics: [DefaultContextCache@3a3ed300 size = 1, maxSize = 32, parentContextCount = 0, hitCount = 11, missCount = 1]
2023-03-12 16:24:26 DEBUG - Spring test ApplicationContext cache statistics: [DefaultContextCache@3a3ed300 size = 1, maxSize = 32, parentContextCount = 0, hitCount = 12, missCount = 1]
2023-03-12 16:24:26 DEBUG - After test method: class [BookServiceImplTest], method [getBooksWithPatternTest], class annotated with @DirtiesContext [false] with mode [null], method annotated with @DirtiesContext [false] with mode [null]
2023-03-12 16:24:26 DEBUG - Resetting RequestContextHolder for test class pl.camp.it.book.store.services.impl.BookServiceImplTest
2023-03-12 16:24:26 DEBUG - Spring test ApplicationContext cache statistics: [DefaultContextCache@3a3ed300 size = 1, maxSize = 32, parentContextCount = 0, hitCount = 13, missCount = 1]
2023-03-12 16:24:26 DEBUG - After test class: class [BookServiceImplTest], class annotated with @DirtiesContext [false] with mode [null]
2023-03-12 16:24:26 DEBUG - Closing org.springframework.web.context.support.GenericWebApplicationContext@7813cb11, started on Sun Mar 12 16:24:25 CET 2023
2023-03-12 16:28:21 DEBUG - Using ContextCustomizers for test class [BookServiceImplTest]: [ExcludeFilterContextCustomizer, DuplicateJsonObjectContextCustomizer, MockitoContextCustomizer, DisableObservabilityContextCustomizer, PropertyMappingContextCustomizer, Customizer, MockServerContainerContextCustomizer]
2023-03-12 16:28:21 DEBUG - Skipping candidate TestExecutionListener [org.springframework.test.context.transaction.TransactionalTestExecutionListener] due to a missing dependency. Specify custom TestExecutionListener classes or make the default TestExecutionListener classes and their required dependencies available. Offending class: [org/springframework/transaction/interceptor/TransactionAttributeSource]
2023-03-12 16:28:21 DEBUG - Skipping candidate TestExecutionListener [org.springframework.test.context.jdbc.SqlScriptsTestExecutionListener] due to a missing dependency. Specify custom TestExecutionListener classes or make the default TestExecutionListener classes and their required dependencies available. Offending class: [org/springframework/transaction/interceptor/TransactionAttribute]
2023-03-12 16:28:21 DEBUG - Using TestExecutionListeners for test class [BookServiceImplTest]: [ServletTestExecutionListener, DirtiesContextBeforeModesTestExecutionListener, ApplicationEventsTestExecutionListener, MockitoTestExecutionListener, DependencyInjectionTestExecutionListener, DirtiesContextTestExecutionListener, EventPublishingTestExecutionListener, ResetMocksTestExecutionListener, RestDocsTestExecutionListener, MockRestServiceServerResetTestExecutionListener, MockMvcPrintOnlyOnFailureTestExecutionListener, WebDriverTestExecutionListener, MockWebServiceServerTestExecutionListener]
2023-03-12 16:28:21 DEBUG - Before test class: class [BookServiceImplTest], class annotated with @DirtiesContext [false] with mode [null]
2023-03-12 16:28:21 DEBUG - Loading WebApplicationContext for test class pl.camp.it.book.store.services.impl.BookServiceImplTest
2023-03-12 16:28:21 DEBUG - Activating profiles []
2023-03-12 16:28:21 DEBUG - Registering annotated classes: [class pl.camp.it.book.store.configuration.TestConfiguration]
2023-03-12 16:28:21 DEBUG - Refreshing org.springframework.web.context.support.GenericWebApplicationContext@21005f6c
2023-03-12 16:28:21 DEBUG - Creating shared instance of singleton bean 'org.springframework.context.annotation.internalConfigurationAnnotationProcessor'
2023-03-12 16:28:21 DEBUG - Identified candidate component class: file [E:\IT-CAMP7\2022.12.04-book-store\book-store\target\classes\pl\camp\it\book\store\controllers\AuthenticationController.class]
2023-03-12 16:28:21 DEBUG - Identified candidate component class: file [E:\IT-CAMP7\2022.12.04-book-store\book-store\target\classes\pl\camp\it\book\store\controllers\BookController.class]
2023-03-12 16:28:21 DEBUG - Identified candidate component class: file [E:\IT-CAMP7\2022.12.04-book-store\book-store\target\classes\pl\camp\it\book\store\controllers\CartController.class]
2023-03-12 16:28:21 DEBUG - Identified candidate component class: file [E:\IT-CAMP7\2022.12.04-book-store\book-store\target\classes\pl\camp\it\book\store\controllers\CommonController.class]
2023-03-12 16:28:21 DEBUG - Identified candidate component class: file [E:\IT-CAMP7\2022.12.04-book-store\book-store\target\classes\pl\camp\it\book\store\controllers\OrderController.class]
2023-03-12 16:28:21 DEBUG - Identified candidate component class: file [E:\IT-CAMP7\2022.12.04-book-store\book-store\target\classes\pl\camp\it\book\store\controllers\rest\RestApiBookController.class]
2023-03-12 16:28:21 DEBUG - Identified candidate component class: file [E:\IT-CAMP7\2022.12.04-book-store\book-store\target\classes\pl\camp\it\book\store\controllers\rest\RestApiOrderController.class]
2023-03-12 16:28:21 DEBUG - Identified candidate component class: file [E:\IT-CAMP7\2022.12.04-book-store\book-store\target\classes\pl\camp\it\book\store\controllers\rest\RestApiOrderPositionController.class]
2023-03-12 16:28:21 DEBUG - Identified candidate component class: file [E:\IT-CAMP7\2022.12.04-book-store\book-store\target\classes\pl\camp\it\book\store\controllers\rest\RestApiUserController.class]
2023-03-12 16:28:21 DEBUG - Identified candidate component class: file [E:\IT-CAMP7\2022.12.04-book-store\book-store\target\classes\pl\camp\it\book\store\services\impl\AuthenticationServiceImpl.class]
2023-03-12 16:28:21 DEBUG - Identified candidate component class: file [E:\IT-CAMP7\2022.12.04-book-store\book-store\target\classes\pl\camp\it\book\store\services\impl\BookServiceImpl.class]
2023-03-12 16:28:21 DEBUG - Identified candidate component class: file [E:\IT-CAMP7\2022.12.04-book-store\book-store\target\classes\pl\camp\it\book\store\services\impl\CartServiceImpl.class]
2023-03-12 16:28:21 DEBUG - Identified candidate component class: file [E:\IT-CAMP7\2022.12.04-book-store\book-store\target\classes\pl\camp\it\book\store\services\impl\OrderPositionServiceImpl.class]
2023-03-12 16:28:21 DEBUG - Identified candidate component class: file [E:\IT-CAMP7\2022.12.04-book-store\book-store\target\classes\pl\camp\it\book\store\services\impl\OrderServiceImpl.class]
2023-03-12 16:28:21 DEBUG - Identified candidate component class: file [E:\IT-CAMP7\2022.12.04-book-store\book-store\target\classes\pl\camp\it\book\store\services\impl\UserServiceImpl.class]
2023-03-12 16:28:21 DEBUG - Identified candidate component class: file [E:\IT-CAMP7\2022.12.04-book-store\book-store\target\classes\pl\camp\it\book\store\session\SessionObject.class]
2023-03-12 16:28:21 DEBUG - Creating shared instance of singleton bean 'org.springframework.boot.test.mock.mockito.MockitoPostProcessor'
2023-03-12 16:28:22 DEBUG - Creating shared instance of singleton bean 'org.springframework.context.event.internalEventListenerProcessor'
2023-03-12 16:28:22 DEBUG - Creating shared instance of singleton bean 'org.springframework.context.event.internalEventListenerFactory'
2023-03-12 16:28:22 DEBUG - Creating shared instance of singleton bean 'org.springframework.context.annotation.internalAutowiredAnnotationProcessor'
2023-03-12 16:28:22 DEBUG - Creating shared instance of singleton bean 'org.springframework.context.annotation.internalCommonAnnotationProcessor'
2023-03-12 16:28:22 DEBUG - Creating shared instance of singleton bean 'org.springframework.boot.test.mock.mockito.MockitoPostProcessor$SpyPostProcessor'
2023-03-12 16:28:22 DEBUG - Creating shared instance of singleton bean 'org.springframework.context.annotation.internalScheduledAnnotationProcessor'
2023-03-12 16:28:22 DEBUG - Creating shared instance of singleton bean 'org.springframework.scheduling.annotation.SchedulingConfiguration'
2023-03-12 16:28:22 DEBUG - Unable to locate ThemeSource with name 'themeSource': using default [org.springframework.ui.context.support.ResourceBundleThemeSource@6bcc3f27]
2023-03-12 16:28:22 DEBUG - Creating shared instance of singleton bean 'testConfiguration'
2023-03-12 16:28:22 DEBUG - Creating shared instance of singleton bean 'authenticationController'
2023-03-12 16:28:22 DEBUG - Creating shared instance of singleton bean 'sessionObject'
2023-03-12 16:28:22 DEBUG - Creating shared instance of singleton bean 'authenticationServiceImpl'
2023-03-12 16:28:22 DEBUG - Creating shared instance of singleton bean 'bookController'
2023-03-12 16:28:22 DEBUG - Creating shared instance of singleton bean 'bookServiceImpl'
2023-03-12 16:28:22 DEBUG - Creating shared instance of singleton bean 'cartController'
2023-03-12 16:28:22 DEBUG - Creating shared instance of singleton bean 'cartServiceImpl'
2023-03-12 16:28:22 DEBUG - Creating shared instance of singleton bean 'commonController'
2023-03-12 16:28:22 DEBUG - Creating shared instance of singleton bean 'orderController'
2023-03-12 16:28:22 DEBUG - Creating shared instance of singleton bean 'orderServiceImpl'
2023-03-12 16:28:22 DEBUG - Creating shared instance of singleton bean 'restApiBookController'
2023-03-12 16:28:22 DEBUG - Creating shared instance of singleton bean 'restApiOrderController'
2023-03-12 16:28:22 DEBUG - Creating shared instance of singleton bean 'restApiOrderPositionController'
2023-03-12 16:28:22 DEBUG - Creating shared instance of singleton bean 'orderPositionServiceImpl'
2023-03-12 16:28:22 DEBUG - Creating shared instance of singleton bean 'restApiUserController'
2023-03-12 16:28:22 DEBUG - Creating shared instance of singleton bean 'userServiceImpl'
2023-03-12 16:28:22 DEBUG - Spring test ApplicationContext cache statistics: [DefaultContextCache@39f5b723 size = 1, maxSize = 32, parentContextCount = 0, hitCount = 0, missCount = 1]
2023-03-12 16:28:22 DEBUG - Setting up MockHttpServletRequest, MockHttpServletResponse, ServletWebRequest, and RequestContextHolder for test class pl.camp.it.book.store.services.impl.BookServiceImplTest
2023-03-12 16:28:22 DEBUG - Spring test ApplicationContext cache statistics: [DefaultContextCache@39f5b723 size = 1, maxSize = 32, parentContextCount = 0, hitCount = 1, missCount = 1]
2023-03-12 16:28:22 DEBUG - Performing dependency injection for test class pl.camp.it.book.store.services.impl.BookServiceImplTest
2023-03-12 16:28:22 DEBUG - Spring test ApplicationContext cache statistics: [DefaultContextCache@39f5b723 size = 1, maxSize = 32, parentContextCount = 0, hitCount = 2, missCount = 1]
2023-03-12 16:28:22 DEBUG - Spring test ApplicationContext cache statistics: [DefaultContextCache@39f5b723 size = 1, maxSize = 32, parentContextCount = 0, hitCount = 3, missCount = 1]
2023-03-12 16:28:22 DEBUG - Before test method: class [BookServiceImplTest], method [getBooksWithPatternTest], class annotated with @DirtiesContext [false] with mode [null], method annotated with @DirtiesContext [false] with mode [null]
2023-03-12 16:28:22 DEBUG - Spring test ApplicationContext cache statistics: [DefaultContextCache@39f5b723 size = 1, maxSize = 32, parentContextCount = 0, hitCount = 4, missCount = 1]
2023-03-12 16:28:22 DEBUG - Spring test ApplicationContext cache statistics: [DefaultContextCache@39f5b723 size = 1, maxSize = 32, parentContextCount = 0, hitCount = 5, missCount = 1]
2023-03-12 16:28:22 DEBUG - Spring test ApplicationContext cache statistics: [DefaultContextCache@39f5b723 size = 1, maxSize = 32, parentContextCount = 0, hitCount = 6, missCount = 1]
2023-03-12 16:28:22 DEBUG - Spring test ApplicationContext cache statistics: [DefaultContextCache@39f5b723 size = 1, maxSize = 32, parentContextCount = 0, hitCount = 7, missCount = 1]
2023-03-12 16:28:22 DEBUG - Spring test ApplicationContext cache statistics: [DefaultContextCache@39f5b723 size = 1, maxSize = 32, parentContextCount = 0, hitCount = 8, missCount = 1]
2023-03-12 16:28:22 DEBUG - Spring test ApplicationContext cache statistics: [DefaultContextCache@39f5b723 size = 1, maxSize = 32, parentContextCount = 0, hitCount = 9, missCount = 1]
2023-03-12 16:28:22 DEBUG - Spring test ApplicationContext cache statistics: [DefaultContextCache@39f5b723 size = 1, maxSize = 32, parentContextCount = 0, hitCount = 10, missCount = 1]
2023-03-12 16:28:22 DEBUG - Spring test ApplicationContext cache statistics: [DefaultContextCache@39f5b723 size = 1, maxSize = 32, parentContextCount = 0, hitCount = 11, missCount = 1]
2023-03-12 16:28:22 DEBUG - Spring test ApplicationContext cache statistics: [DefaultContextCache@39f5b723 size = 1, maxSize = 32, parentContextCount = 0, hitCount = 12, missCount = 1]
2023-03-12 16:28:22 DEBUG - After test method: class [BookServiceImplTest], method [getBooksWithPatternTest], class annotated with @DirtiesContext [false] with mode [null], method annotated with @DirtiesContext [false] with mode [null]
2023-03-12 16:28:22 DEBUG - Resetting RequestContextHolder for test class pl.camp.it.book.store.services.impl.BookServiceImplTest
2023-03-12 16:28:22 DEBUG - Spring test ApplicationContext cache statistics: [DefaultContextCache@39f5b723 size = 1, maxSize = 32, parentContextCount = 0, hitCount = 13, missCount = 1]
2023-03-12 16:28:22 DEBUG - Setting up MockHttpServletRequest, MockHttpServletResponse, ServletWebRequest, and RequestContextHolder for test class pl.camp.it.book.store.services.impl.BookServiceImplTest
2023-03-12 16:28:22 DEBUG - Spring test ApplicationContext cache statistics: [DefaultContextCache@39f5b723 size = 1, maxSize = 32, parentContextCount = 0, hitCount = 14, missCount = 1]
2023-03-12 16:28:22 DEBUG - Performing dependency injection for test class pl.camp.it.book.store.services.impl.BookServiceImplTest
2023-03-12 16:28:22 DEBUG - Spring test ApplicationContext cache statistics: [DefaultContextCache@39f5b723 size = 1, maxSize = 32, parentContextCount = 0, hitCount = 15, missCount = 1]
2023-03-12 16:28:22 DEBUG - Spring test ApplicationContext cache statistics: [DefaultContextCache@39f5b723 size = 1, maxSize = 32, parentContextCount = 0, hitCount = 16, missCount = 1]
2023-03-12 16:28:22 DEBUG - Before test method: class [BookServiceImplTest], method [getBooksWithoutPatternTest], class annotated with @DirtiesContext [false] with mode [null], method annotated with @DirtiesContext [false] with mode [null]
2023-03-12 16:28:22 DEBUG - Spring test ApplicationContext cache statistics: [DefaultContextCache@39f5b723 size = 1, maxSize = 32, parentContextCount = 0, hitCount = 17, missCount = 1]
2023-03-12 16:28:22 DEBUG - Spring test ApplicationContext cache statistics: [DefaultContextCache@39f5b723 size = 1, maxSize = 32, parentContextCount = 0, hitCount = 18, missCount = 1]
2023-03-12 16:28:22 DEBUG - Spring test ApplicationContext cache statistics: [DefaultContextCache@39f5b723 size = 1, maxSize = 32, parentContextCount = 0, hitCount = 19, missCount = 1]
2023-03-12 16:28:22 DEBUG - Spring test ApplicationContext cache statistics: [DefaultContextCache@39f5b723 size = 1, maxSize = 32, parentContextCount = 0, hitCount = 20, missCount = 1]
2023-03-12 16:28:22 DEBUG - Spring test ApplicationContext cache statistics: [DefaultContextCache@39f5b723 size = 1, maxSize = 32, parentContextCount = 0, hitCount = 21, missCount = 1]
2023-03-12 16:28:22 DEBUG - Spring test ApplicationContext cache statistics: [DefaultContextCache@39f5b723 size = 1, maxSize = 32, parentContextCount = 0, hitCount = 22, missCount = 1]
2023-03-12 16:28:22 DEBUG - Spring test ApplicationContext cache statistics: [DefaultContextCache@39f5b723 size = 1, maxSize = 32, parentContextCount = 0, hitCount = 23, missCount = 1]
2023-03-12 16:28:22 DEBUG - Spring test ApplicationContext cache statistics: [DefaultContextCache@39f5b723 size = 1, maxSize = 32, parentContextCount = 0, hitCount = 24, missCount = 1]
2023-03-12 16:28:22 DEBUG - Spring test ApplicationContext cache statistics: [DefaultContextCache@39f5b723 size = 1, maxSize = 32, parentContextCount = 0, hitCount = 25, missCount = 1]
2023-03-12 16:28:22 DEBUG - After test method: class [BookServiceImplTest], method [getBooksWithoutPatternTest], class annotated with @DirtiesContext [false] with mode [null], method annotated with @DirtiesContext [false] with mode [null]
2023-03-12 16:28:22 DEBUG - Resetting RequestContextHolder for test class pl.camp.it.book.store.services.impl.BookServiceImplTest
2023-03-12 16:28:22 DEBUG - Spring test ApplicationContext cache statistics: [DefaultContextCache@39f5b723 size = 1, maxSize = 32, parentContextCount = 0, hitCount = 26, missCount = 1]
2023-03-12 16:28:22 DEBUG - After test class: class [BookServiceImplTest], class annotated with @DirtiesContext [false] with mode [null]
2023-03-12 16:28:22 DEBUG - Closing org.springframework.web.context.support.GenericWebApplicationContext@21005f6c, started on Sun Mar 12 16:28:21 CET 2023
2023-03-12 16:31:31 DEBUG - Using ContextCustomizers for test class [BookServiceImplTest]: [ExcludeFilterContextCustomizer, DuplicateJsonObjectContextCustomizer, MockitoContextCustomizer, DisableObservabilityContextCustomizer, PropertyMappingContextCustomizer, Customizer, MockServerContainerContextCustomizer]
2023-03-12 16:31:31 DEBUG - Skipping candidate TestExecutionListener [org.springframework.test.context.transaction.TransactionalTestExecutionListener] due to a missing dependency. Specify custom TestExecutionListener classes or make the default TestExecutionListener classes and their required dependencies available. Offending class: [org/springframework/transaction/interceptor/TransactionAttributeSource]
2023-03-12 16:31:31 DEBUG - Skipping candidate TestExecutionListener [org.springframework.test.context.jdbc.SqlScriptsTestExecutionListener] due to a missing dependency. Specify custom TestExecutionListener classes or make the default TestExecutionListener classes and their required dependencies available. Offending class: [org/springframework/transaction/interceptor/TransactionAttribute]
2023-03-12 16:31:31 DEBUG - Using TestExecutionListeners for test class [BookServiceImplTest]: [ServletTestExecutionListener, DirtiesContextBeforeModesTestExecutionListener, ApplicationEventsTestExecutionListener, MockitoTestExecutionListener, DependencyInjectionTestExecutionListener, DirtiesContextTestExecutionListener, EventPublishingTestExecutionListener, ResetMocksTestExecutionListener, RestDocsTestExecutionListener, MockRestServiceServerResetTestExecutionListener, MockMvcPrintOnlyOnFailureTestExecutionListener, WebDriverTestExecutionListener, MockWebServiceServerTestExecutionListener]
2023-03-12 16:31:31 DEBUG - Before test class: class [BookServiceImplTest], class annotated with @DirtiesContext [false] with mode [null]
2023-03-12 16:31:31 DEBUG - Loading WebApplicationContext for test class pl.camp.it.book.store.services.impl.BookServiceImplTest
2023-03-12 16:31:31 DEBUG - Activating profiles []
2023-03-12 16:31:31 DEBUG - Registering annotated classes: [class pl.camp.it.book.store.configuration.TestConfiguration]
2023-03-12 16:31:31 DEBUG - Refreshing org.springframework.web.context.support.GenericWebApplicationContext@545de5a4
2023-03-12 16:31:31 DEBUG - Creating shared instance of singleton bean 'org.springframework.context.annotation.internalConfigurationAnnotationProcessor'
2023-03-12 16:31:31 DEBUG - Identified candidate component class: file [E:\IT-CAMP7\2022.12.04-book-store\book-store\target\classes\pl\camp\it\book\store\controllers\AuthenticationController.class]
2023-03-12 16:31:31 DEBUG - Identified candidate component class: file [E:\IT-CAMP7\2022.12.04-book-store\book-store\target\classes\pl\camp\it\book\store\controllers\BookController.class]
2023-03-12 16:31:31 DEBUG - Identified candidate component class: file [E:\IT-CAMP7\2022.12.04-book-store\book-store\target\classes\pl\camp\it\book\store\controllers\CartController.class]
2023-03-12 16:31:31 DEBUG - Identified candidate component class: file [E:\IT-CAMP7\2022.12.04-book-store\book-store\target\classes\pl\camp\it\book\store\controllers\CommonController.class]
2023-03-12 16:31:31 DEBUG - Identified candidate component class: file [E:\IT-CAMP7\2022.12.04-book-store\book-store\target\classes\pl\camp\it\book\store\controllers\OrderController.class]
2023-03-12 16:31:31 DEBUG - Identified candidate component class: file [E:\IT-CAMP7\2022.12.04-book-store\book-store\target\classes\pl\camp\it\book\store\controllers\rest\RestApiBookController.class]
2023-03-12 16:31:31 DEBUG - Identified candidate component class: file [E:\IT-CAMP7\2022.12.04-book-store\book-store\target\classes\pl\camp\it\book\store\controllers\rest\RestApiOrderController.class]
2023-03-12 16:31:31 DEBUG - Identified candidate component class: file [E:\IT-CAMP7\2022.12.04-book-store\book-store\target\classes\pl\camp\it\book\store\controllers\rest\RestApiOrderPositionController.class]
2023-03-12 16:31:31 DEBUG - Identified candidate component class: file [E:\IT-CAMP7\2022.12.04-book-store\book-store\target\classes\pl\camp\it\book\store\controllers\rest\RestApiUserController.class]
2023-03-12 16:31:31 DEBUG - Identified candidate component class: file [E:\IT-CAMP7\2022.12.04-book-store\book-store\target\classes\pl\camp\it\book\store\services\impl\AuthenticationServiceImpl.class]
2023-03-12 16:31:31 DEBUG - Identified candidate component class: file [E:\IT-CAMP7\2022.12.04-book-store\book-store\target\classes\pl\camp\it\book\store\services\impl\BookServiceImpl.class]
2023-03-12 16:31:31 DEBUG - Identified candidate component class: file [E:\IT-CAMP7\2022.12.04-book-store\book-store\target\classes\pl\camp\it\book\store\services\impl\CartServiceImpl.class]
2023-03-12 16:31:31 DEBUG - Identified candidate component class: file [E:\IT-CAMP7\2022.12.04-book-store\book-store\target\classes\pl\camp\it\book\store\services\impl\OrderPositionServiceImpl.class]
2023-03-12 16:31:31 DEBUG - Identified candidate component class: file [E:\IT-CAMP7\2022.12.04-book-store\book-store\target\classes\pl\camp\it\book\store\services\impl\OrderServiceImpl.class]
2023-03-12 16:31:31 DEBUG - Identified candidate component class: file [E:\IT-CAMP7\2022.12.04-book-store\book-store\target\classes\pl\camp\it\book\store\services\impl\UserServiceImpl.class]
2023-03-12 16:31:31 DEBUG - Identified candidate component class: file [E:\IT-CAMP7\2022.12.04-book-store\book-store\target\classes\pl\camp\it\book\store\session\SessionObject.class]
2023-03-12 16:31:31 DEBUG - Creating shared instance of singleton bean 'org.springframework.boot.test.mock.mockito.MockitoPostProcessor'
2023-03-12 16:31:32 DEBUG - Creating shared instance of singleton bean 'org.springframework.context.event.internalEventListenerProcessor'
2023-03-12 16:31:32 DEBUG - Creating shared instance of singleton bean 'org.springframework.context.event.internalEventListenerFactory'
2023-03-12 16:31:32 DEBUG - Creating shared instance of singleton bean 'org.springframework.context.annotation.internalAutowiredAnnotationProcessor'
2023-03-12 16:31:32 DEBUG - Creating shared instance of singleton bean 'org.springframework.context.annotation.internalCommonAnnotationProcessor'
2023-03-12 16:31:32 DEBUG - Creating shared instance of singleton bean 'org.springframework.boot.test.mock.mockito.MockitoPostProcessor$SpyPostProcessor'
2023-03-12 16:31:32 DEBUG - Creating shared instance of singleton bean 'org.springframework.context.annotation.internalScheduledAnnotationProcessor'
2023-03-12 16:31:32 DEBUG - Creating shared instance of singleton bean 'org.springframework.scheduling.annotation.SchedulingConfiguration'
2023-03-12 16:31:32 DEBUG - Unable to locate ThemeSource with name 'themeSource': using default [org.springframework.ui.context.support.ResourceBundleThemeSource@36920bd6]
2023-03-12 16:31:32 DEBUG - Creating shared instance of singleton bean 'testConfiguration'
2023-03-12 16:31:32 DEBUG - Creating shared instance of singleton bean 'authenticationController'
2023-03-12 16:31:32 DEBUG - Creating shared instance of singleton bean 'sessionObject'
2023-03-12 16:31:32 DEBUG - Creating shared instance of singleton bean 'authenticationServiceImpl'
2023-03-12 16:31:32 DEBUG - Creating shared instance of singleton bean 'bookController'
2023-03-12 16:31:32 DEBUG - Creating shared instance of singleton bean 'bookServiceImpl'
2023-03-12 16:31:32 DEBUG - Creating shared instance of singleton bean 'cartController'
2023-03-12 16:31:32 DEBUG - Creating shared instance of singleton bean 'cartServiceImpl'
2023-03-12 16:31:32 DEBUG - Creating shared instance of singleton bean 'commonController'
2023-03-12 16:31:32 DEBUG - Creating shared instance of singleton bean 'orderController'
2023-03-12 16:31:32 DEBUG - Creating shared instance of singleton bean 'orderServiceImpl'
2023-03-12 16:31:32 DEBUG - Creating shared instance of singleton bean 'restApiBookController'
2023-03-12 16:31:32 DEBUG - Creating shared instance of singleton bean 'restApiOrderController'
2023-03-12 16:31:32 DEBUG - Creating shared instance of singleton bean 'restApiOrderPositionController'
2023-03-12 16:31:32 DEBUG - Creating shared instance of singleton bean 'orderPositionServiceImpl'
2023-03-12 16:31:32 DEBUG - Creating shared instance of singleton bean 'restApiUserController'
2023-03-12 16:31:32 DEBUG - Creating shared instance of singleton bean 'userServiceImpl'
2023-03-12 16:31:32 DEBUG - Spring test ApplicationContext cache statistics: [DefaultContextCache@2404b5a size = 1, maxSize = 32, parentContextCount = 0, hitCount = 0, missCount = 1]
2023-03-12 16:31:32 DEBUG - Setting up MockHttpServletRequest, MockHttpServletResponse, ServletWebRequest, and RequestContextHolder for test class pl.camp.it.book.store.services.impl.BookServiceImplTest
2023-03-12 16:31:32 DEBUG - Spring test ApplicationContext cache statistics: [DefaultContextCache@2404b5a size = 1, maxSize = 32, parentContextCount = 0, hitCount = 1, missCount = 1]
2023-03-12 16:31:32 DEBUG - Performing dependency injection for test class pl.camp.it.book.store.services.impl.BookServiceImplTest
2023-03-12 16:31:32 DEBUG - Spring test ApplicationContext cache statistics: [DefaultContextCache@2404b5a size = 1, maxSize = 32, parentContextCount = 0, hitCount = 2, missCount = 1]
2023-03-12 16:31:32 DEBUG - Spring test ApplicationContext cache statistics: [DefaultContextCache@2404b5a size = 1, maxSize = 32, parentContextCount = 0, hitCount = 3, missCount = 1]
2023-03-12 16:31:32 DEBUG - Before test method: class [BookServiceImplTest], method [getBookByPatternTest], class annotated with @DirtiesContext [false] with mode [null], method annotated with @DirtiesContext [false] with mode [null]
2023-03-12 16:31:32 DEBUG - Spring test ApplicationContext cache statistics: [DefaultContextCache@2404b5a size = 1, maxSize = 32, parentContextCount = 0, hitCount = 4, missCount = 1]
2023-03-12 16:31:32 DEBUG - Spring test ApplicationContext cache statistics: [DefaultContextCache@2404b5a size = 1, maxSize = 32, parentContextCount = 0, hitCount = 5, missCount = 1]
2023-03-12 16:31:32 DEBUG - Spring test ApplicationContext cache statistics: [DefaultContextCache@2404b5a size = 1, maxSize = 32, parentContextCount = 0, hitCount = 6, missCount = 1]
2023-03-12 16:31:32 DEBUG - Spring test ApplicationContext cache statistics: [DefaultContextCache@2404b5a size = 1, maxSize = 32, parentContextCount = 0, hitCount = 7, missCount = 1]
2023-03-12 16:31:32 DEBUG - Spring test ApplicationContext cache statistics: [DefaultContextCache@2404b5a size = 1, maxSize = 32, parentContextCount = 0, hitCount = 8, missCount = 1]
2023-03-12 16:31:32 DEBUG - Spring test ApplicationContext cache statistics: [DefaultContextCache@2404b5a size = 1, maxSize = 32, parentContextCount = 0, hitCount = 9, missCount = 1]
2023-03-12 16:31:32 DEBUG - Spring test ApplicationContext cache statistics: [DefaultContextCache@2404b5a size = 1, maxSize = 32, parentContextCount = 0, hitCount = 10, missCount = 1]
2023-03-12 16:31:32 DEBUG - Spring test ApplicationContext cache statistics: [DefaultContextCache@2404b5a size = 1, maxSize = 32, parentContextCount = 0, hitCount = 11, missCount = 1]
2023-03-12 16:31:32 DEBUG - Spring test ApplicationContext cache statistics: [DefaultContextCache@2404b5a size = 1, maxSize = 32, parentContextCount = 0, hitCount = 12, missCount = 1]
2023-03-12 16:31:32 DEBUG - After test method: class [BookServiceImplTest], method [getBookByPatternTest], class annotated with @DirtiesContext [false] with mode [null], method annotated with @DirtiesContext [false] with mode [null]
2023-03-12 16:31:32 DEBUG - Resetting RequestContextHolder for test class pl.camp.it.book.store.services.impl.BookServiceImplTest
2023-03-12 16:31:32 DEBUG - Spring test ApplicationContext cache statistics: [DefaultContextCache@2404b5a size = 1, maxSize = 32, parentContextCount = 0, hitCount = 13, missCount = 1]
2023-03-12 16:31:32 DEBUG - Setting up MockHttpServletRequest, MockHttpServletResponse, ServletWebRequest, and RequestContextHolder for test class pl.camp.it.book.store.services.impl.BookServiceImplTest
2023-03-12 16:31:32 DEBUG - Spring test ApplicationContext cache statistics: [DefaultContextCache@2404b5a size = 1, maxSize = 32, parentContextCount = 0, hitCount = 14, missCount = 1]
2023-03-12 16:31:32 DEBUG - Performing dependency injection for test class pl.camp.it.book.store.services.impl.BookServiceImplTest
2023-03-12 16:31:32 DEBUG - Spring test ApplicationContext cache statistics: [DefaultContextCache@2404b5a size = 1, maxSize = 32, parentContextCount = 0, hitCount = 15, missCount = 1]
2023-03-12 16:31:32 DEBUG - Spring test ApplicationContext cache statistics: [DefaultContextCache@2404b5a size = 1, maxSize = 32, parentContextCount = 0, hitCount = 16, missCount = 1]
2023-03-12 16:31:32 DEBUG - Before test method: class [BookServiceImplTest], method [getBooksWithPatternTest], class annotated with @DirtiesContext [false] with mode [null], method annotated with @DirtiesContext [false] with mode [null]
2023-03-12 16:31:32 DEBUG - Spring test ApplicationContext cache statistics: [DefaultContextCache@2404b5a size = 1, maxSize = 32, parentContextCount = 0, hitCount = 17, missCount = 1]
2023-03-12 16:31:32 DEBUG - Spring test ApplicationContext cache statistics: [DefaultContextCache@2404b5a size = 1, maxSize = 32, parentContextCount = 0, hitCount = 18, missCount = 1]
2023-03-12 16:31:32 DEBUG - Spring test ApplicationContext cache statistics: [DefaultContextCache@2404b5a size = 1, maxSize = 32, parentContextCount = 0, hitCount = 19, missCount = 1]
2023-03-12 16:31:32 DEBUG - Spring test ApplicationContext cache statistics: [DefaultContextCache@2404b5a size = 1, maxSize = 32, parentContextCount = 0, hitCount = 20, missCount = 1]
2023-03-12 16:31:32 DEBUG - Spring test ApplicationContext cache statistics: [DefaultContextCache@2404b5a size = 1, maxSize = 32, parentContextCount = 0, hitCount = 21, missCount = 1]
2023-03-12 16:31:32 DEBUG - Spring test ApplicationContext cache statistics: [DefaultContextCache@2404b5a size = 1, maxSize = 32, parentContextCount = 0, hitCount = 22, missCount = 1]
2023-03-12 16:31:32 DEBUG - Spring test ApplicationContext cache statistics: [DefaultContextCache@2404b5a size = 1, maxSize = 32, parentContextCount = 0, hitCount = 23, missCount = 1]
2023-03-12 16:31:32 DEBUG - Spring test ApplicationContext cache statistics: [DefaultContextCache@2404b5a size = 1, maxSize = 32, parentContextCount = 0, hitCount = 24, missCount = 1]
2023-03-12 16:31:32 DEBUG - Spring test ApplicationContext cache statistics: [DefaultContextCache@2404b5a size = 1, maxSize = 32, parentContextCount = 0, hitCount = 25, missCount = 1]
2023-03-12 16:31:32 DEBUG - After test method: class [BookServiceImplTest], method [getBooksWithPatternTest], class annotated with @DirtiesContext [false] with mode [null], method annotated with @DirtiesContext [false] with mode [null]
2023-03-12 16:31:32 DEBUG - Resetting RequestContextHolder for test class pl.camp.it.book.store.services.impl.BookServiceImplTest
2023-03-12 16:31:32 DEBUG - Spring test ApplicationContext cache statistics: [DefaultContextCache@2404b5a size = 1, maxSize = 32, parentContextCount = 0, hitCount = 26, missCount = 1]
2023-03-12 16:31:32 DEBUG - Setting up MockHttpServletRequest, MockHttpServletResponse, ServletWebRequest, and RequestContextHolder for test class pl.camp.it.book.store.services.impl.BookServiceImplTest
2023-03-12 16:31:32 DEBUG - Spring test ApplicationContext cache statistics: [DefaultContextCache@2404b5a size = 1, maxSize = 32, parentContextCount = 0, hitCount = 27, missCount = 1]
2023-03-12 16:31:32 DEBUG - Performing dependency injection for test class pl.camp.it.book.store.services.impl.BookServiceImplTest
2023-03-12 16:31:32 DEBUG - Spring test ApplicationContext cache statistics: [DefaultContextCache@2404b5a size = 1, maxSize = 32, parentContextCount = 0, hitCount = 28, missCount = 1]
2023-03-12 16:31:32 DEBUG - Spring test ApplicationContext cache statistics: [DefaultContextCache@2404b5a size = 1, maxSize = 32, parentContextCount = 0, hitCount = 29, missCount = 1]
2023-03-12 16:31:32 DEBUG - Before test method: class [BookServiceImplTest], method [getBooksWithoutPatternTest], class annotated with @DirtiesContext [false] with mode [null], method annotated with @DirtiesContext [false] with mode [null]
2023-03-12 16:31:32 DEBUG - Spring test ApplicationContext cache statistics: [DefaultContextCache@2404b5a size = 1, maxSize = 32, parentContextCount = 0, hitCount = 30, missCount = 1]
2023-03-12 16:31:32 DEBUG - Spring test ApplicationContext cache statistics: [DefaultContextCache@2404b5a size = 1, maxSize = 32, parentContextCount = 0, hitCount = 31, missCount = 1]
2023-03-12 16:31:32 DEBUG - Spring test ApplicationContext cache statistics: [DefaultContextCache@2404b5a size = 1, maxSize = 32, parentContextCount = 0, hitCount = 32, missCount = 1]
2023-03-12 16:31:32 DEBUG - Spring test ApplicationContext cache statistics: [DefaultContextCache@2404b5a size = 1, maxSize = 32, parentContextCount = 0, hitCount = 33, missCount = 1]
2023-03-12 16:31:32 DEBUG - Spring test ApplicationContext cache statistics: [DefaultContextCache@2404b5a size = 1, maxSize = 32, parentContextCount = 0, hitCount = 34, missCount = 1]
2023-03-12 16:31:32 DEBUG - Spring test ApplicationContext cache statistics: [DefaultContextCache@2404b5a size = 1, maxSize = 32, parentContextCount = 0, hitCount = 35, missCount = 1]
2023-03-12 16:31:32 DEBUG - Spring test ApplicationContext cache statistics: [DefaultContextCache@2404b5a size = 1, maxSize = 32, parentContextCount = 0, hitCount = 36, missCount = 1]
2023-03-12 16:31:32 DEBUG - Spring test ApplicationContext cache statistics: [DefaultContextCache@2404b5a size = 1, maxSize = 32, parentContextCount = 0, hitCount = 37, missCount = 1]
2023-03-12 16:31:32 DEBUG - Spring test ApplicationContext cache statistics: [DefaultContextCache@2404b5a size = 1, maxSize = 32, parentContextCount = 0, hitCount = 38, missCount = 1]
2023-03-12 16:31:32 DEBUG - After test method: class [BookServiceImplTest], method [getBooksWithoutPatternTest], class annotated with @DirtiesContext [false] with mode [null], method annotated with @DirtiesContext [false] with mode [null]
2023-03-12 16:31:32 DEBUG - Resetting RequestContextHolder for test class pl.camp.it.book.store.services.impl.BookServiceImplTest
2023-03-12 16:31:32 DEBUG - Spring test ApplicationContext cache statistics: [DefaultContextCache@2404b5a size = 1, maxSize = 32, parentContextCount = 0, hitCount = 39, missCount = 1]
2023-03-12 16:31:32 DEBUG - After test class: class [BookServiceImplTest], class annotated with @DirtiesContext [false] with mode [null]
2023-03-12 16:31:32 DEBUG - Closing org.springframework.web.context.support.GenericWebApplicationContext@545de5a4, started on Sun Mar 12 16:31:31 CET 2023
2023-03-12 16:33:47 DEBUG - Using ContextCustomizers for test class [BookServiceImplTest]: [ExcludeFilterContextCustomizer, DuplicateJsonObjectContextCustomizer, MockitoContextCustomizer, DisableObservabilityContextCustomizer, PropertyMappingContextCustomizer, Customizer, MockServerContainerContextCustomizer]
2023-03-12 16:33:47 DEBUG - Skipping candidate TestExecutionListener [org.springframework.test.context.transaction.TransactionalTestExecutionListener] due to a missing dependency. Specify custom TestExecutionListener classes or make the default TestExecutionListener classes and their required dependencies available. Offending class: [org/springframework/transaction/interceptor/TransactionAttributeSource]
2023-03-12 16:33:47 DEBUG - Skipping candidate TestExecutionListener [org.springframework.test.context.jdbc.SqlScriptsTestExecutionListener] due to a missing dependency. Specify custom TestExecutionListener classes or make the default TestExecutionListener classes and their required dependencies available. Offending class: [org/springframework/transaction/interceptor/TransactionAttribute]
2023-03-12 16:33:47 DEBUG - Using TestExecutionListeners for test class [BookServiceImplTest]: [ServletTestExecutionListener, DirtiesContextBeforeModesTestExecutionListener, ApplicationEventsTestExecutionListener, MockitoTestExecutionListener, DependencyInjectionTestExecutionListener, DirtiesContextTestExecutionListener, EventPublishingTestExecutionListener, ResetMocksTestExecutionListener, RestDocsTestExecutionListener, MockRestServiceServerResetTestExecutionListener, MockMvcPrintOnlyOnFailureTestExecutionListener, WebDriverTestExecutionListener, MockWebServiceServerTestExecutionListener]
2023-03-12 16:33:47 DEBUG - Before test class: class [BookServiceImplTest], class annotated with @DirtiesContext [false] with mode [null]
2023-03-12 16:33:47 DEBUG - Loading WebApplicationContext for test class pl.camp.it.book.store.services.impl.BookServiceImplTest
2023-03-12 16:33:47 DEBUG - Activating profiles []
2023-03-12 16:33:47 DEBUG - Registering annotated classes: [class pl.camp.it.book.store.configuration.TestConfiguration]
2023-03-12 16:33:47 DEBUG - Refreshing org.springframework.web.context.support.GenericWebApplicationContext@ab7a938
2023-03-12 16:33:47 DEBUG - Creating shared instance of singleton bean 'org.springframework.context.annotation.internalConfigurationAnnotationProcessor'
2023-03-12 16:33:47 DEBUG - Identified candidate component class: file [E:\IT-CAMP7\2022.12.04-book-store\book-store\target\classes\pl\camp\it\book\store\controllers\AuthenticationController.class]
2023-03-12 16:33:47 DEBUG - Identified candidate component class: file [E:\IT-CAMP7\2022.12.04-book-store\book-store\target\classes\pl\camp\it\book\store\controllers\BookController.class]
2023-03-12 16:33:47 DEBUG - Identified candidate component class: file [E:\IT-CAMP7\2022.12.04-book-store\book-store\target\classes\pl\camp\it\book\store\controllers\CartController.class]
2023-03-12 16:33:47 DEBUG - Identified candidate component class: file [E:\IT-CAMP7\2022.12.04-book-store\book-store\target\classes\pl\camp\it\book\store\controllers\CommonController.class]
2023-03-12 16:33:47 DEBUG - Identified candidate component class: file [E:\IT-CAMP7\2022.12.04-book-store\book-store\target\classes\pl\camp\it\book\store\controllers\OrderController.class]
2023-03-12 16:33:47 DEBUG - Identified candidate component class: file [E:\IT-CAMP7\2022.12.04-book-store\book-store\target\classes\pl\camp\it\book\store\controllers\rest\RestApiBookController.class]
2023-03-12 16:33:47 DEBUG - Identified candidate component class: file [E:\IT-CAMP7\2022.12.04-book-store\book-store\target\classes\pl\camp\it\book\store\controllers\rest\RestApiOrderController.class]
2023-03-12 16:33:47 DEBUG - Identified candidate component class: file [E:\IT-CAMP7\2022.12.04-book-store\book-store\target\classes\pl\camp\it\book\store\controllers\rest\RestApiOrderPositionController.class]
2023-03-12 16:33:47 DEBUG - Identified candidate component class: file [E:\IT-CAMP7\2022.12.04-book-store\book-store\target\classes\pl\camp\it\book\store\controllers\rest\RestApiUserController.class]
2023-03-12 16:33:47 DEBUG - Identified candidate component class: file [E:\IT-CAMP7\2022.12.04-book-store\book-store\target\classes\pl\camp\it\book\store\services\impl\AuthenticationServiceImpl.class]
2023-03-12 16:33:47 DEBUG - Identified candidate component class: file [E:\IT-CAMP7\2022.12.04-book-store\book-store\target\classes\pl\camp\it\book\store\services\impl\BookServiceImpl.class]
2023-03-12 16:33:47 DEBUG - Identified candidate component class: file [E:\IT-CAMP7\2022.12.04-book-store\book-store\target\classes\pl\camp\it\book\store\services\impl\CartServiceImpl.class]
2023-03-12 16:33:47 DEBUG - Identified candidate component class: file [E:\IT-CAMP7\2022.12.04-book-store\book-store\target\classes\pl\camp\it\book\store\services\impl\OrderPositionServiceImpl.class]
2023-03-12 16:33:47 DEBUG - Identified candidate component class: file [E:\IT-CAMP7\2022.12.04-book-store\book-store\target\classes\pl\camp\it\book\store\services\impl\OrderServiceImpl.class]
2023-03-12 16:33:47 DEBUG - Identified candidate component class: file [E:\IT-CAMP7\2022.12.04-book-store\book-store\target\classes\pl\camp\it\book\store\services\impl\UserServiceImpl.class]
2023-03-12 16:33:47 DEBUG - Identified candidate component class: file [E:\IT-CAMP7\2022.12.04-book-store\book-store\target\classes\pl\camp\it\book\store\session\SessionObject.class]
2023-03-12 16:33:47 DEBUG - Creating shared instance of singleton bean 'org.springframework.boot.test.mock.mockito.MockitoPostProcessor'
2023-03-12 16:33:47 DEBUG - Creating shared instance of singleton bean 'org.springframework.context.event.internalEventListenerProcessor'
2023-03-12 16:33:47 DEBUG - Creating shared instance of singleton bean 'org.springframework.context.event.internalEventListenerFactory'
2023-03-12 16:33:47 DEBUG - Creating shared instance of singleton bean 'org.springframework.context.annotation.internalAutowiredAnnotationProcessor'
2023-03-12 16:33:48 DEBUG - Creating shared instance of singleton bean 'org.springframework.context.annotation.internalCommonAnnotationProcessor'
2023-03-12 16:33:48 DEBUG - Creating shared instance of singleton bean 'org.springframework.boot.test.mock.mockito.MockitoPostProcessor$SpyPostProcessor'
2023-03-12 16:33:48 DEBUG - Creating shared instance of singleton bean 'org.springframework.context.annotation.internalScheduledAnnotationProcessor'
2023-03-12 16:33:48 DEBUG - Creating shared instance of singleton bean 'org.springframework.scheduling.annotation.SchedulingConfiguration'
2023-03-12 16:33:48 DEBUG - Unable to locate ThemeSource with name 'themeSource': using default [org.springframework.ui.context.support.ResourceBundleThemeSource@6bee793f]
2023-03-12 16:33:48 DEBUG - Creating shared instance of singleton bean 'testConfiguration'
2023-03-12 16:33:48 DEBUG - Creating shared instance of singleton bean 'authenticationController'
2023-03-12 16:33:48 DEBUG - Creating shared instance of singleton bean 'sessionObject'
2023-03-12 16:33:48 DEBUG - Creating shared instance of singleton bean 'authenticationServiceImpl'
2023-03-12 16:33:48 DEBUG - Creating shared instance of singleton bean 'bookController'
2023-03-12 16:33:48 DEBUG - Creating shared instance of singleton bean 'bookServiceImpl'
2023-03-12 16:33:48 DEBUG - Creating shared instance of singleton bean 'cartController'
2023-03-12 16:33:48 DEBUG - Creating shared instance of singleton bean 'cartServiceImpl'
2023-03-12 16:33:48 DEBUG - Creating shared instance of singleton bean 'commonController'
2023-03-12 16:33:48 DEBUG - Creating shared instance of singleton bean 'orderController'
2023-03-12 16:33:48 DEBUG - Creating shared instance of singleton bean 'orderServiceImpl'
2023-03-12 16:33:48 DEBUG - Creating shared instance of singleton bean 'restApiBookController'
2023-03-12 16:33:48 DEBUG - Creating shared instance of singleton bean 'restApiOrderController'
2023-03-12 16:33:48 DEBUG - Creating shared instance of singleton bean 'restApiOrderPositionController'
2023-03-12 16:33:48 DEBUG - Creating shared instance of singleton bean 'orderPositionServiceImpl'
2023-03-12 16:33:48 DEBUG - Creating shared instance of singleton bean 'restApiUserController'
2023-03-12 16:33:48 DEBUG - Creating shared instance of singleton bean 'userServiceImpl'
2023-03-12 16:33:48 DEBUG - Spring test ApplicationContext cache statistics: [DefaultContextCache@2ead6ba4 size = 1, maxSize = 32, parentContextCount = 0, hitCount = 0, missCount = 1]
2023-03-12 16:33:48 DEBUG - Setting up MockHttpServletRequest, MockHttpServletResponse, ServletWebRequest, and RequestContextHolder for test class pl.camp.it.book.store.services.impl.BookServiceImplTest
2023-03-12 16:33:48 DEBUG - Spring test ApplicationContext cache statistics: [DefaultContextCache@2ead6ba4 size = 1, maxSize = 32, parentContextCount = 0, hitCount = 1, missCount = 1]
2023-03-12 16:33:48 DEBUG - Performing dependency injection for test class pl.camp.it.book.store.services.impl.BookServiceImplTest
2023-03-12 16:33:48 DEBUG - Spring test ApplicationContext cache statistics: [DefaultContextCache@2ead6ba4 size = 1, maxSize = 32, parentContextCount = 0, hitCount = 2, missCount = 1]
2023-03-12 16:33:48 DEBUG - Spring test ApplicationContext cache statistics: [DefaultContextCache@2ead6ba4 size = 1, maxSize = 32, parentContextCount = 0, hitCount = 3, missCount = 1]
2023-03-12 16:33:48 DEBUG - Before test method: class [BookServiceImplTest], method [getBookByPatternTest], class annotated with @DirtiesContext [false] with mode [null], method annotated with @DirtiesContext [false] with mode [null]
2023-03-12 16:33:48 DEBUG - Spring test ApplicationContext cache statistics: [DefaultContextCache@2ead6ba4 size = 1, maxSize = 32, parentContextCount = 0, hitCount = 4, missCount = 1]
2023-03-12 16:33:48 DEBUG - Spring test ApplicationContext cache statistics: [DefaultContextCache@2ead6ba4 size = 1, maxSize = 32, parentContextCount = 0, hitCount = 5, missCount = 1]
2023-03-12 16:33:48 DEBUG - Spring test ApplicationContext cache statistics: [DefaultContextCache@2ead6ba4 size = 1, maxSize = 32, parentContextCount = 0, hitCount = 6, missCount = 1]
2023-03-12 16:33:48 DEBUG - Spring test ApplicationContext cache statistics: [DefaultContextCache@2ead6ba4 size = 1, maxSize = 32, parentContextCount = 0, hitCount = 7, missCount = 1]
2023-03-12 16:33:48 DEBUG - Spring test ApplicationContext cache statistics: [DefaultContextCache@2ead6ba4 size = 1, maxSize = 32, parentContextCount = 0, hitCount = 8, missCount = 1]
2023-03-12 16:33:48 DEBUG - Spring test ApplicationContext cache statistics: [DefaultContextCache@2ead6ba4 size = 1, maxSize = 32, parentContextCount = 0, hitCount = 9, missCount = 1]
2023-03-12 16:33:48 DEBUG - Spring test ApplicationContext cache statistics: [DefaultContextCache@2ead6ba4 size = 1, maxSize = 32, parentContextCount = 0, hitCount = 10, missCount = 1]
2023-03-12 16:33:48 DEBUG - Spring test ApplicationContext cache statistics: [DefaultContextCache@2ead6ba4 size = 1, maxSize = 32, parentContextCount = 0, hitCount = 11, missCount = 1]
2023-03-12 16:33:48 DEBUG - Spring test ApplicationContext cache statistics: [DefaultContextCache@2ead6ba4 size = 1, maxSize = 32, parentContextCount = 0, hitCount = 12, missCount = 1]
2023-03-12 16:33:48 DEBUG - After test method: class [BookServiceImplTest], method [getBookByPatternTest], class annotated with @DirtiesContext [false] with mode [null], method annotated with @DirtiesContext [false] with mode [null]
2023-03-12 16:33:48 DEBUG - Resetting RequestContextHolder for test class pl.camp.it.book.store.services.impl.BookServiceImplTest
2023-03-12 16:33:48 DEBUG - Spring test ApplicationContext cache statistics: [DefaultContextCache@2ead6ba4 size = 1, maxSize = 32, parentContextCount = 0, hitCount = 13, missCount = 1]
2023-03-12 16:33:48 DEBUG - Setting up MockHttpServletRequest, MockHttpServletResponse, ServletWebRequest, and RequestContextHolder for test class pl.camp.it.book.store.services.impl.BookServiceImplTest
2023-03-12 16:33:48 DEBUG - Spring test ApplicationContext cache statistics: [DefaultContextCache@2ead6ba4 size = 1, maxSize = 32, parentContextCount = 0, hitCount = 14, missCount = 1]
2023-03-12 16:33:48 DEBUG - Performing dependency injection for test class pl.camp.it.book.store.services.impl.BookServiceImplTest
2023-03-12 16:33:48 DEBUG - Spring test ApplicationContext cache statistics: [DefaultContextCache@2ead6ba4 size = 1, maxSize = 32, parentContextCount = 0, hitCount = 15, missCount = 1]
2023-03-12 16:33:48 DEBUG - Spring test ApplicationContext cache statistics: [DefaultContextCache@2ead6ba4 size = 1, maxSize = 32, parentContextCount = 0, hitCount = 16, missCount = 1]
2023-03-12 16:33:48 DEBUG - Before test method: class [BookServiceImplTest], method [persistUserTest], class annotated with @DirtiesContext [false] with mode [null], method annotated with @DirtiesContext [false] with mode [null]
2023-03-12 16:33:48 DEBUG - Spring test ApplicationContext cache statistics: [DefaultContextCache@2ead6ba4 size = 1, maxSize = 32, parentContextCount = 0, hitCount = 17, missCount = 1]
2023-03-12 16:33:48 DEBUG - Spring test ApplicationContext cache statistics: [DefaultContextCache@2ead6ba4 size = 1, maxSize = 32, parentContextCount = 0, hitCount = 18, missCount = 1]
2023-03-12 16:33:48 DEBUG - Spring test ApplicationContext cache statistics: [DefaultContextCache@2ead6ba4 size = 1, maxSize = 32, parentContextCount = 0, hitCount = 19, missCount = 1]
2023-03-12 16:33:48 DEBUG - Spring test ApplicationContext cache statistics: [DefaultContextCache@2ead6ba4 size = 1, maxSize = 32, parentContextCount = 0, hitCount = 20, missCount = 1]
2023-03-12 16:33:48 DEBUG - Spring test ApplicationContext cache statistics: [DefaultContextCache@2ead6ba4 size = 1, maxSize = 32, parentContextCount = 0, hitCount = 21, missCount = 1]
2023-03-12 16:33:48 DEBUG - Spring test ApplicationContext cache statistics: [DefaultContextCache@2ead6ba4 size = 1, maxSize = 32, parentContextCount = 0, hitCount = 22, missCount = 1]
2023-03-12 16:33:48 DEBUG - Spring test ApplicationContext cache statistics: [DefaultContextCache@2ead6ba4 size = 1, maxSize = 32, parentContextCount = 0, hitCount = 23, missCount = 1]
2023-03-12 16:33:48 DEBUG - Spring test ApplicationContext cache statistics: [DefaultContextCache@2ead6ba4 size = 1, maxSize = 32, parentContextCount = 0, hitCount = 24, missCount = 1]
2023-03-12 16:33:48 DEBUG - Spring test ApplicationContext cache statistics: [DefaultContextCache@2ead6ba4 size = 1, maxSize = 32, parentContextCount = 0, hitCount = 25, missCount = 1]
2023-03-12 16:33:48 DEBUG - After test method: class [BookServiceImplTest], method [persistUserTest], class annotated with @DirtiesContext [false] with mode [null], method annotated with @DirtiesContext [false] with mode [null]
2023-03-12 16:33:48 DEBUG - Resetting RequestContextHolder for test class pl.camp.it.book.store.services.impl.BookServiceImplTest
2023-03-12 16:33:48 DEBUG - Spring test ApplicationContext cache statistics: [DefaultContextCache@2ead6ba4 size = 1, maxSize = 32, parentContextCount = 0, hitCount = 26, missCount = 1]
2023-03-12 16:33:48 DEBUG - Setting up MockHttpServletRequest, MockHttpServletResponse, ServletWebRequest, and RequestContextHolder for test class pl.camp.it.book.store.services.impl.BookServiceImplTest
2023-03-12 16:33:48 DEBUG - Spring test ApplicationContext cache statistics: [DefaultContextCache@2ead6ba4 size = 1, maxSize = 32, parentContextCount = 0, hitCount = 27, missCount = 1]
2023-03-12 16:33:48 DEBUG - Performing dependency injection for test class pl.camp.it.book.store.services.impl.BookServiceImplTest
2023-03-12 16:33:48 DEBUG - Spring test ApplicationContext cache statistics: [DefaultContextCache@2ead6ba4 size = 1, maxSize = 32, parentContextCount = 0, hitCount = 28, missCount = 1]
2023-03-12 16:33:48 DEBUG - Spring test ApplicationContext cache statistics: [DefaultContextCache@2ead6ba4 size = 1, maxSize = 32, parentContextCount = 0, hitCount = 29, missCount = 1]
2023-03-12 16:33:48 DEBUG - Before test method: class [BookServiceImplTest], method [getBooksWithPatternTest], class annotated with @DirtiesContext [false] with mode [null], method annotated with @DirtiesContext [false] with mode [null]
2023-03-12 16:33:48 DEBUG - Spring test ApplicationContext cache statistics: [DefaultContextCache@2ead6ba4 size = 1, maxSize = 32, parentContextCount = 0, hitCount = 30, missCount = 1]
2023-03-12 16:33:48 DEBUG - Spring test ApplicationContext cache statistics: [DefaultContextCache@2ead6ba4 size = 1, maxSize = 32, parentContextCount = 0, hitCount = 31, missCount = 1]
2023-03-12 16:33:48 DEBUG - Spring test ApplicationContext cache statistics: [DefaultContextCache@2ead6ba4 size = 1, maxSize = 32, parentContextCount = 0, hitCount = 32, missCount = 1]
2023-03-12 16:33:48 DEBUG - Spring test ApplicationContext cache statistics: [DefaultContextCache@2ead6ba4 size = 1, maxSize = 32, parentContextCount = 0, hitCount = 33, missCount = 1]
2023-03-12 16:33:48 DEBUG - Spring test ApplicationContext cache statistics: [DefaultContextCache@2ead6ba4 size = 1, maxSize = 32, parentContextCount = 0, hitCount = 34, missCount = 1]
2023-03-12 16:33:48 DEBUG - Spring test ApplicationContext cache statistics: [DefaultContextCache@2ead6ba4 size = 1, maxSize = 32, parentContextCount = 0, hitCount = 35, missCount = 1]
2023-03-12 16:33:48 DEBUG - Spring test ApplicationContext cache statistics: [DefaultContextCache@2ead6ba4 size = 1, maxSize = 32, parentContextCount = 0, hitCount = 36, missCount = 1]
2023-03-12 16:33:48 DEBUG - Spring test ApplicationContext cache statistics: [DefaultContextCache@2ead6ba4 size = 1, maxSize = 32, parentContextCount = 0, hitCount = 37, missCount = 1]
2023-03-12 16:33:48 DEBUG - Spring test ApplicationContext cache statistics: [DefaultContextCache@2ead6ba4 size = 1, maxSize = 32, parentContextCount = 0, hitCount = 38, missCount = 1]
2023-03-12 16:33:48 DEBUG - After test method: class [BookServiceImplTest], method [getBooksWithPatternTest], class annotated with @DirtiesContext [false] with mode [null], method annotated with @DirtiesContext [false] with mode [null]
2023-03-12 16:33:48 DEBUG - Resetting RequestContextHolder for test class pl.camp.it.book.store.services.impl.BookServiceImplTest
2023-03-12 16:33:48 DEBUG - Spring test ApplicationContext cache statistics: [DefaultContextCache@2ead6ba4 size = 1, maxSize = 32, parentContextCount = 0, hitCount = 39, missCount = 1]
2023-03-12 16:33:48 DEBUG - Setting up MockHttpServletRequest, MockHttpServletResponse, ServletWebRequest, and RequestContextHolder for test class pl.camp.it.book.store.services.impl.BookServiceImplTest
2023-03-12 16:33:48 DEBUG - Spring test ApplicationContext cache statistics: [DefaultContextCache@2ead6ba4 size = 1, maxSize = 32, parentContextCount = 0, hitCount = 40, missCount = 1]
2023-03-12 16:33:48 DEBUG - Performing dependency injection for test class pl.camp.it.book.store.services.impl.BookServiceImplTest
2023-03-12 16:33:48 DEBUG - Spring test ApplicationContext cache statistics: [DefaultContextCache@2ead6ba4 size = 1, maxSize = 32, parentContextCount = 0, hitCount = 41, missCount = 1]
2023-03-12 16:33:48 DEBUG - Spring test ApplicationContext cache statistics: [DefaultContextCache@2ead6ba4 size = 1, maxSize = 32, parentContextCount = 0, hitCount = 42, missCount = 1]
2023-03-12 16:33:48 DEBUG - Before test method: class [BookServiceImplTest], method [getBooksWithoutPatternTest], class annotated with @DirtiesContext [false] with mode [null], method annotated with @DirtiesContext [false] with mode [null]
2023-03-12 16:33:48 DEBUG - Spring test ApplicationContext cache statistics: [DefaultContextCache@2ead6ba4 size = 1, maxSize = 32, parentContextCount = 0, hitCount = 43, missCount = 1]
2023-03-12 16:33:48 DEBUG - Spring test ApplicationContext cache statistics: [DefaultContextCache@2ead6ba4 size = 1, maxSize = 32, parentContextCount = 0, hitCount = 44, missCount = 1]
2023-03-12 16:33:48 DEBUG - Spring test ApplicationContext cache statistics: [DefaultContextCache@2ead6ba4 size = 1, maxSize = 32, parentContextCount = 0, hitCount = 45, missCount = 1]
2023-03-12 16:33:48 DEBUG - Spring test ApplicationContext cache statistics: [DefaultContextCache@2ead6ba4 size = 1, maxSize = 32, parentContextCount = 0, hitCount = 46, missCount = 1]
2023-03-12 16:33:48 DEBUG - Spring test ApplicationContext cache statistics: [DefaultContextCache@2ead6ba4 size = 1, maxSize = 32, parentContextCount = 0, hitCount = 47, missCount = 1]
2023-03-12 16:33:48 DEBUG - Spring test ApplicationContext cache statistics: [DefaultContextCache@2ead6ba4 size = 1, maxSize = 32, parentContextCount = 0, hitCount = 48, missCount = 1]
2023-03-12 16:33:48 DEBUG - Spring test ApplicationContext cache statistics: [DefaultContextCache@2ead6ba4 size = 1, maxSize = 32, parentContextCount = 0, hitCount = 49, missCount = 1]
2023-03-12 16:33:48 DEBUG - Spring test ApplicationContext cache statistics: [DefaultContextCache@2ead6ba4 size = 1, maxSize = 32, parentContextCount = 0, hitCount = 50, missCount = 1]
2023-03-12 16:33:48 DEBUG - Spring test ApplicationContext cache statistics: [DefaultContextCache@2ead6ba4 size = 1, maxSize = 32, parentContextCount = 0, hitCount = 51, missCount = 1]
2023-03-12 16:33:48 DEBUG - After test method: class [BookServiceImplTest], method [getBooksWithoutPatternTest], class annotated with @DirtiesContext [false] with mode [null], method annotated with @DirtiesContext [false] with mode [null]
2023-03-12 16:33:48 DEBUG - Resetting RequestContextHolder for test class pl.camp.it.book.store.services.impl.BookServiceImplTest
2023-03-12 16:33:48 DEBUG - Spring test ApplicationContext cache statistics: [DefaultContextCache@2ead6ba4 size = 1, maxSize = 32, parentContextCount = 0, hitCount = 52, missCount = 1]
2023-03-12 16:33:48 DEBUG - After test class: class [BookServiceImplTest], class annotated with @DirtiesContext [false] with mode [null]
2023-03-12 16:33:48 DEBUG - Closing org.springframework.web.context.support.GenericWebApplicationContext@ab7a938, started on Sun Mar 12 16:33:47 CET 2023
