2023-03-12 16:13:04 DEBUG - Using ContextCustomizers for test class [AuthenticationServiceImplTest]: [ExcludeFilterContextCustomizer, DuplicateJsonObjectContextCustomizer, MockitoContextCustomizer, DisableObservabilityContextCustomizer, PropertyMappingContextCustomizer, Customizer, MockServerContainerContextCustomizer]
2023-03-12 16:13:04 DEBUG - Skipping candidate TestExecutionListener [org.springframework.test.context.transaction.TransactionalTestExecutionListener] due to a missing dependency. Specify custom TestExecutionListener classes or make the default TestExecutionListener classes and their required dependencies available. Offending class: [org/springframework/transaction/interceptor/TransactionAttributeSource]
2023-03-12 16:13:04 DEBUG - Skipping candidate TestExecutionListener [org.springframework.test.context.jdbc.SqlScriptsTestExecutionListener] due to a missing dependency. Specify custom TestExecutionListener classes or make the default TestExecutionListener classes and their required dependencies available. Offending class: [org/springframework/transaction/interceptor/TransactionAttribute]
2023-03-12 16:13:04 DEBUG - Using TestExecutionListeners for test class [AuthenticationServiceImplTest]: [ServletTestExecutionListener, DirtiesContextBeforeModesTestExecutionListener, ApplicationEventsTestExecutionListener, MockitoTestExecutionListener, DependencyInjectionTestExecutionListener, DirtiesContextTestExecutionListener, EventPublishingTestExecutionListener, ResetMocksTestExecutionListener, RestDocsTestExecutionListener, MockRestServiceServerResetTestExecutionListener, MockMvcPrintOnlyOnFailureTestExecutionListener, WebDriverTestExecutionListener, MockWebServiceServerTestExecutionListener]
2023-03-12 16:13:04 DEBUG - Before test class: class [AuthenticationServiceImplTest], class annotated with @DirtiesContext [false] with mode [null]
2023-03-12 16:13:04 DEBUG - Loading WebApplicationContext for test class pl.camp.it.book.store.services.impl.AuthenticationServiceImplTest
2023-03-12 16:13:04 DEBUG - Activating profiles []
2023-03-12 16:13:04 DEBUG - Registering annotated classes: [class pl.camp.it.book.store.configuration.TestConfiguration]
2023-03-12 16:13:04 DEBUG - Refreshing org.springframework.web.context.support.GenericWebApplicationContext@757d6814
2023-03-12 16:13:04 DEBUG - Creating shared instance of singleton bean 'org.springframework.context.annotation.internalConfigurationAnnotationProcessor'
2023-03-12 16:13:04 DEBUG - Identified candidate component class: file [E:\IT-CAMP7\2022.12.04-book-store\book-store\target\classes\pl\camp\it\book\store\controllers\AuthenticationController.class]
2023-03-12 16:13:04 DEBUG - Identified candidate component class: file [E:\IT-CAMP7\2022.12.04-book-store\book-store\target\classes\pl\camp\it\book\store\controllers\BookController.class]
2023-03-12 16:13:04 DEBUG - Identified candidate component class: file [E:\IT-CAMP7\2022.12.04-book-store\book-store\target\classes\pl\camp\it\book\store\controllers\CartController.class]
2023-03-12 16:13:04 DEBUG - Identified candidate component class: file [E:\IT-CAMP7\2022.12.04-book-store\book-store\target\classes\pl\camp\it\book\store\controllers\CommonController.class]
2023-03-12 16:13:04 DEBUG - Identified candidate component class: file [E:\IT-CAMP7\2022.12.04-book-store\book-store\target\classes\pl\camp\it\book\store\controllers\OrderController.class]
2023-03-12 16:13:04 DEBUG - Identified candidate component class: file [E:\IT-CAMP7\2022.12.04-book-store\book-store\target\classes\pl\camp\it\book\store\controllers\rest\RestApiBookController.class]
2023-03-12 16:13:04 DEBUG - Identified candidate component class: file [E:\IT-CAMP7\2022.12.04-book-store\book-store\target\classes\pl\camp\it\book\store\controllers\rest\RestApiOrderController.class]
2023-03-12 16:13:04 DEBUG - Identified candidate component class: file [E:\IT-CAMP7\2022.12.04-book-store\book-store\target\classes\pl\camp\it\book\store\controllers\rest\RestApiOrderPositionController.class]
2023-03-12 16:13:04 DEBUG - Identified candidate component class: file [E:\IT-CAMP7\2022.12.04-book-store\book-store\target\classes\pl\camp\it\book\store\controllers\rest\RestApiUserController.class]
2023-03-12 16:13:04 DEBUG - Identified candidate component class: file [E:\IT-CAMP7\2022.12.04-book-store\book-store\target\classes\pl\camp\it\book\store\services\impl\AuthenticationServiceImpl.class]
2023-03-12 16:13:04 DEBUG - Identified candidate component class: file [E:\IT-CAMP7\2022.12.04-book-store\book-store\target\classes\pl\camp\it\book\store\services\impl\BookServiceImpl.class]
2023-03-12 16:13:04 DEBUG - Identified candidate component class: file [E:\IT-CAMP7\2022.12.04-book-store\book-store\target\classes\pl\camp\it\book\store\services\impl\CartServiceImpl.class]
2023-03-12 16:13:04 DEBUG - Identified candidate component class: file [E:\IT-CAMP7\2022.12.04-book-store\book-store\target\classes\pl\camp\it\book\store\services\impl\OrderPositionServiceImpl.class]
2023-03-12 16:13:04 DEBUG - Identified candidate component class: file [E:\IT-CAMP7\2022.12.04-book-store\book-store\target\classes\pl\camp\it\book\store\services\impl\OrderServiceImpl.class]
2023-03-12 16:13:04 DEBUG - Identified candidate component class: file [E:\IT-CAMP7\2022.12.04-book-store\book-store\target\classes\pl\camp\it\book\store\services\impl\UserServiceImpl.class]
2023-03-12 16:13:04 DEBUG - Identified candidate component class: file [E:\IT-CAMP7\2022.12.04-book-store\book-store\target\classes\pl\camp\it\book\store\session\SessionObject.class]
2023-03-12 16:13:04 DEBUG - Creating shared instance of singleton bean 'org.springframework.boot.test.mock.mockito.MockitoPostProcessor'
2023-03-12 16:13:05 DEBUG - Creating shared instance of singleton bean 'org.springframework.context.event.internalEventListenerProcessor'
2023-03-12 16:13:05 DEBUG - Creating shared instance of singleton bean 'org.springframework.context.event.internalEventListenerFactory'
2023-03-12 16:13:05 DEBUG - Creating shared instance of singleton bean 'org.springframework.context.annotation.internalAutowiredAnnotationProcessor'
2023-03-12 16:13:05 DEBUG - Creating shared instance of singleton bean 'org.springframework.context.annotation.internalCommonAnnotationProcessor'
2023-03-12 16:13:05 DEBUG - Creating shared instance of singleton bean 'org.springframework.boot.test.mock.mockito.MockitoPostProcessor$SpyPostProcessor'
2023-03-12 16:13:05 DEBUG - Creating shared instance of singleton bean 'org.springframework.context.annotation.internalScheduledAnnotationProcessor'
2023-03-12 16:13:05 DEBUG - Creating shared instance of singleton bean 'org.springframework.scheduling.annotation.SchedulingConfiguration'
2023-03-12 16:13:05 DEBUG - Unable to locate ThemeSource with name 'themeSource': using default [org.springframework.ui.context.support.ResourceBundleThemeSource@949c598]
2023-03-12 16:13:05 DEBUG - Creating shared instance of singleton bean 'testConfiguration'
2023-03-12 16:13:05 DEBUG - Creating shared instance of singleton bean 'authenticationController'
2023-03-12 16:13:05 DEBUG - Creating shared instance of singleton bean 'sessionObject'
2023-03-12 16:13:05 DEBUG - Creating shared instance of singleton bean 'authenticationServiceImpl'
2023-03-12 16:13:05 DEBUG - Creating shared instance of singleton bean 'bookController'
2023-03-12 16:13:05 DEBUG - Creating shared instance of singleton bean 'bookServiceImpl'
2023-03-12 16:13:05 DEBUG - Creating shared instance of singleton bean 'cartController'
2023-03-12 16:13:05 DEBUG - Creating shared instance of singleton bean 'cartServiceImpl'
2023-03-12 16:13:05 DEBUG - Creating shared instance of singleton bean 'commonController'
2023-03-12 16:13:05 DEBUG - Creating shared instance of singleton bean 'orderController'
2023-03-12 16:13:05 DEBUG - Creating shared instance of singleton bean 'orderServiceImpl'
2023-03-12 16:13:05 DEBUG - Creating shared instance of singleton bean 'restApiBookController'
2023-03-12 16:13:05 DEBUG - Creating shared instance of singleton bean 'restApiOrderController'
2023-03-12 16:13:05 DEBUG - Creating shared instance of singleton bean 'restApiOrderPositionController'
2023-03-12 16:13:05 DEBUG - Creating shared instance of singleton bean 'orderPositionServiceImpl'
2023-03-12 16:13:05 DEBUG - Creating shared instance of singleton bean 'restApiUserController'
2023-03-12 16:13:05 DEBUG - Creating shared instance of singleton bean 'userServiceImpl'
2023-03-12 16:13:05 DEBUG - Spring test ApplicationContext cache statistics: [DefaultContextCache@3f96f020 size = 1, maxSize = 32, parentContextCount = 0, hitCount = 0, missCount = 1]
2023-03-12 16:13:05 DEBUG - Setting up MockHttpServletRequest, MockHttpServletResponse, ServletWebRequest, and RequestContextHolder for test class pl.camp.it.book.store.services.impl.AuthenticationServiceImplTest
2023-03-12 16:13:05 DEBUG - Spring test ApplicationContext cache statistics: [DefaultContextCache@3f96f020 size = 1, maxSize = 32, parentContextCount = 0, hitCount = 1, missCount = 1]
2023-03-12 16:13:05 DEBUG - Performing dependency injection for test class pl.camp.it.book.store.services.impl.AuthenticationServiceImplTest
2023-03-12 16:13:05 DEBUG - Spring test ApplicationContext cache statistics: [DefaultContextCache@3f96f020 size = 1, maxSize = 32, parentContextCount = 0, hitCount = 2, missCount = 1]
2023-03-12 16:13:05 DEBUG - Spring test ApplicationContext cache statistics: [DefaultContextCache@3f96f020 size = 1, maxSize = 32, parentContextCount = 0, hitCount = 3, missCount = 1]
2023-03-12 16:13:05 DEBUG - Before test method: class [AuthenticationServiceImplTest], method [loginAlreadyExistWhenRegister], class annotated with @DirtiesContext [false] with mode [null], method annotated with @DirtiesContext [false] with mode [null]
2023-03-12 16:13:05 DEBUG - Spring test ApplicationContext cache statistics: [DefaultContextCache@3f96f020 size = 1, maxSize = 32, parentContextCount = 0, hitCount = 4, missCount = 1]
2023-03-12 16:13:05 DEBUG - Spring test ApplicationContext cache statistics: [DefaultContextCache@3f96f020 size = 1, maxSize = 32, parentContextCount = 0, hitCount = 5, missCount = 1]
2023-03-12 16:13:05 DEBUG - Spring test ApplicationContext cache statistics: [DefaultContextCache@3f96f020 size = 1, maxSize = 32, parentContextCount = 0, hitCount = 6, missCount = 1]
2023-03-12 16:13:05 DEBUG - Spring test ApplicationContext cache statistics: [DefaultContextCache@3f96f020 size = 1, maxSize = 32, parentContextCount = 0, hitCount = 7, missCount = 1]
2023-03-12 16:13:05 DEBUG - Spring test ApplicationContext cache statistics: [DefaultContextCache@3f96f020 size = 1, maxSize = 32, parentContextCount = 0, hitCount = 8, missCount = 1]
2023-03-12 16:13:05 DEBUG - Spring test ApplicationContext cache statistics: [DefaultContextCache@3f96f020 size = 1, maxSize = 32, parentContextCount = 0, hitCount = 9, missCount = 1]
2023-03-12 16:13:05 DEBUG - Spring test ApplicationContext cache statistics: [DefaultContextCache@3f96f020 size = 1, maxSize = 32, parentContextCount = 0, hitCount = 10, missCount = 1]
2023-03-12 16:13:05 DEBUG - Spring test ApplicationContext cache statistics: [DefaultContextCache@3f96f020 size = 1, maxSize = 32, parentContextCount = 0, hitCount = 11, missCount = 1]
2023-03-12 16:13:05 DEBUG - Spring test ApplicationContext cache statistics: [DefaultContextCache@3f96f020 size = 1, maxSize = 32, parentContextCount = 0, hitCount = 12, missCount = 1]
2023-03-12 16:13:05 DEBUG - After test method: class [AuthenticationServiceImplTest], method [loginAlreadyExistWhenRegister], class annotated with @DirtiesContext [false] with mode [null], method annotated with @DirtiesContext [false] with mode [null]
2023-03-12 16:13:05 DEBUG - Resetting RequestContextHolder for test class pl.camp.it.book.store.services.impl.AuthenticationServiceImplTest
2023-03-12 16:13:05 DEBUG - Spring test ApplicationContext cache statistics: [DefaultContextCache@3f96f020 size = 1, maxSize = 32, parentContextCount = 0, hitCount = 13, missCount = 1]
2023-03-12 16:13:05 DEBUG - Setting up MockHttpServletRequest, MockHttpServletResponse, ServletWebRequest, and RequestContextHolder for test class pl.camp.it.book.store.services.impl.AuthenticationServiceImplTest
2023-03-12 16:13:05 DEBUG - Spring test ApplicationContext cache statistics: [DefaultContextCache@3f96f020 size = 1, maxSize = 32, parentContextCount = 0, hitCount = 14, missCount = 1]
2023-03-12 16:13:05 DEBUG - Performing dependency injection for test class pl.camp.it.book.store.services.impl.AuthenticationServiceImplTest
2023-03-12 16:13:05 DEBUG - Spring test ApplicationContext cache statistics: [DefaultContextCache@3f96f020 size = 1, maxSize = 32, parentContextCount = 0, hitCount = 15, missCount = 1]
2023-03-12 16:13:05 DEBUG - Spring test ApplicationContext cache statistics: [DefaultContextCache@3f96f020 size = 1, maxSize = 32, parentContextCount = 0, hitCount = 16, missCount = 1]
2023-03-12 16:13:05 DEBUG - Before test method: class [AuthenticationServiceImplTest], method [registerUserTest], class annotated with @DirtiesContext [false] with mode [null], method annotated with @DirtiesContext [false] with mode [null]
2023-03-12 16:13:05 DEBUG - Spring test ApplicationContext cache statistics: [DefaultContextCache@3f96f020 size = 1, maxSize = 32, parentContextCount = 0, hitCount = 17, missCount = 1]
2023-03-12 16:13:05 DEBUG - Spring test ApplicationContext cache statistics: [DefaultContextCache@3f96f020 size = 1, maxSize = 32, parentContextCount = 0, hitCount = 18, missCount = 1]
2023-03-12 16:13:05 DEBUG - Spring test ApplicationContext cache statistics: [DefaultContextCache@3f96f020 size = 1, maxSize = 32, parentContextCount = 0, hitCount = 19, missCount = 1]
2023-03-12 16:13:05 DEBUG - Spring test ApplicationContext cache statistics: [DefaultContextCache@3f96f020 size = 1, maxSize = 32, parentContextCount = 0, hitCount = 20, missCount = 1]
2023-03-12 16:13:05 DEBUG - Spring test ApplicationContext cache statistics: [DefaultContextCache@3f96f020 size = 1, maxSize = 32, parentContextCount = 0, hitCount = 21, missCount = 1]
2023-03-12 16:13:05 DEBUG - Spring test ApplicationContext cache statistics: [DefaultContextCache@3f96f020 size = 1, maxSize = 32, parentContextCount = 0, hitCount = 22, missCount = 1]
2023-03-12 16:13:05 DEBUG - Spring test ApplicationContext cache statistics: [DefaultContextCache@3f96f020 size = 1, maxSize = 32, parentContextCount = 0, hitCount = 23, missCount = 1]
2023-03-12 16:13:05 DEBUG - Spring test ApplicationContext cache statistics: [DefaultContextCache@3f96f020 size = 1, maxSize = 32, parentContextCount = 0, hitCount = 24, missCount = 1]
2023-03-12 16:13:05 DEBUG - Spring test ApplicationContext cache statistics: [DefaultContextCache@3f96f020 size = 1, maxSize = 32, parentContextCount = 0, hitCount = 25, missCount = 1]
2023-03-12 16:13:05 DEBUG - After test method: class [AuthenticationServiceImplTest], method [registerUserTest], class annotated with @DirtiesContext [false] with mode [null], method annotated with @DirtiesContext [false] with mode [null]
2023-03-12 16:13:05 DEBUG - Resetting RequestContextHolder for test class pl.camp.it.book.store.services.impl.AuthenticationServiceImplTest
2023-03-12 16:13:05 DEBUG - Spring test ApplicationContext cache statistics: [DefaultContextCache@3f96f020 size = 1, maxSize = 32, parentContextCount = 0, hitCount = 26, missCount = 1]
2023-03-12 16:13:05 DEBUG - Setting up MockHttpServletRequest, MockHttpServletResponse, ServletWebRequest, and RequestContextHolder for test class pl.camp.it.book.store.services.impl.AuthenticationServiceImplTest
2023-03-12 16:13:05 DEBUG - Spring test ApplicationContext cache statistics: [DefaultContextCache@3f96f020 size = 1, maxSize = 32, parentContextCount = 0, hitCount = 27, missCount = 1]
2023-03-12 16:13:05 DEBUG - Performing dependency injection for test class pl.camp.it.book.store.services.impl.AuthenticationServiceImplTest
2023-03-12 16:13:05 DEBUG - Spring test ApplicationContext cache statistics: [DefaultContextCache@3f96f020 size = 1, maxSize = 32, parentContextCount = 0, hitCount = 28, missCount = 1]
2023-03-12 16:13:05 DEBUG - Spring test ApplicationContext cache statistics: [DefaultContextCache@3f96f020 size = 1, maxSize = 32, parentContextCount = 0, hitCount = 29, missCount = 1]
2023-03-12 16:13:05 DEBUG - Before test method: class [AuthenticationServiceImplTest], method [correctAuthenticationTest], class annotated with @DirtiesContext [false] with mode [null], method annotated with @DirtiesContext [false] with mode [null]
2023-03-12 16:13:05 DEBUG - Spring test ApplicationContext cache statistics: [DefaultContextCache@3f96f020 size = 1, maxSize = 32, parentContextCount = 0, hitCount = 30, missCount = 1]
2023-03-12 16:13:05 DEBUG - Spring test ApplicationContext cache statistics: [DefaultContextCache@3f96f020 size = 1, maxSize = 32, parentContextCount = 0, hitCount = 31, missCount = 1]
2023-03-12 16:13:05 DEBUG - Spring test ApplicationContext cache statistics: [DefaultContextCache@3f96f020 size = 1, maxSize = 32, parentContextCount = 0, hitCount = 32, missCount = 1]
2023-03-12 16:13:05 DEBUG - Spring test ApplicationContext cache statistics: [DefaultContextCache@3f96f020 size = 1, maxSize = 32, parentContextCount = 0, hitCount = 33, missCount = 1]
2023-03-12 16:13:05 DEBUG - Spring test ApplicationContext cache statistics: [DefaultContextCache@3f96f020 size = 1, maxSize = 32, parentContextCount = 0, hitCount = 34, missCount = 1]
2023-03-12 16:13:05 DEBUG - Spring test ApplicationContext cache statistics: [DefaultContextCache@3f96f020 size = 1, maxSize = 32, parentContextCount = 0, hitCount = 35, missCount = 1]
2023-03-12 16:13:05 DEBUG - Spring test ApplicationContext cache statistics: [DefaultContextCache@3f96f020 size = 1, maxSize = 32, parentContextCount = 0, hitCount = 36, missCount = 1]
2023-03-12 16:13:05 DEBUG - Spring test ApplicationContext cache statistics: [DefaultContextCache@3f96f020 size = 1, maxSize = 32, parentContextCount = 0, hitCount = 37, missCount = 1]
2023-03-12 16:13:05 DEBUG - Spring test ApplicationContext cache statistics: [DefaultContextCache@3f96f020 size = 1, maxSize = 32, parentContextCount = 0, hitCount = 38, missCount = 1]
2023-03-12 16:13:05 DEBUG - After test method: class [AuthenticationServiceImplTest], method [correctAuthenticationTest], class annotated with @DirtiesContext [false] with mode [null], method annotated with @DirtiesContext [false] with mode [null]
2023-03-12 16:13:05 DEBUG - Resetting RequestContextHolder for test class pl.camp.it.book.store.services.impl.AuthenticationServiceImplTest
2023-03-12 16:13:05 DEBUG - Spring test ApplicationContext cache statistics: [DefaultContextCache@3f96f020 size = 1, maxSize = 32, parentContextCount = 0, hitCount = 39, missCount = 1]
2023-03-12 16:13:05 DEBUG - Setting up MockHttpServletRequest, MockHttpServletResponse, ServletWebRequest, and RequestContextHolder for test class pl.camp.it.book.store.services.impl.AuthenticationServiceImplTest
2023-03-12 16:13:05 DEBUG - Spring test ApplicationContext cache statistics: [DefaultContextCache@3f96f020 size = 1, maxSize = 32, parentContextCount = 0, hitCount = 40, missCount = 1]
2023-03-12 16:13:05 DEBUG - Performing dependency injection for test class pl.camp.it.book.store.services.impl.AuthenticationServiceImplTest
2023-03-12 16:13:05 DEBUG - Spring test ApplicationContext cache statistics: [DefaultContextCache@3f96f020 size = 1, maxSize = 32, parentContextCount = 0, hitCount = 41, missCount = 1]
2023-03-12 16:13:05 DEBUG - Spring test ApplicationContext cache statistics: [DefaultContextCache@3f96f020 size = 1, maxSize = 32, parentContextCount = 0, hitCount = 42, missCount = 1]
2023-03-12 16:13:05 DEBUG - Before test method: class [AuthenticationServiceImplTest], method [correctLoginAndIncorrectPasswordAuthenticationTest], class annotated with @DirtiesContext [false] with mode [null], method annotated with @DirtiesContext [false] with mode [null]
2023-03-12 16:13:05 DEBUG - Spring test ApplicationContext cache statistics: [DefaultContextCache@3f96f020 size = 1, maxSize = 32, parentContextCount = 0, hitCount = 43, missCount = 1]
2023-03-12 16:13:05 DEBUG - Spring test ApplicationContext cache statistics: [DefaultContextCache@3f96f020 size = 1, maxSize = 32, parentContextCount = 0, hitCount = 44, missCount = 1]
2023-03-12 16:13:05 DEBUG - Spring test ApplicationContext cache statistics: [DefaultContextCache@3f96f020 size = 1, maxSize = 32, parentContextCount = 0, hitCount = 45, missCount = 1]
2023-03-12 16:13:05 DEBUG - Spring test ApplicationContext cache statistics: [DefaultContextCache@3f96f020 size = 1, maxSize = 32, parentContextCount = 0, hitCount = 46, missCount = 1]
2023-03-12 16:13:05 DEBUG - Spring test ApplicationContext cache statistics: [DefaultContextCache@3f96f020 size = 1, maxSize = 32, parentContextCount = 0, hitCount = 47, missCount = 1]
2023-03-12 16:13:05 DEBUG - Spring test ApplicationContext cache statistics: [DefaultContextCache@3f96f020 size = 1, maxSize = 32, parentContextCount = 0, hitCount = 48, missCount = 1]
2023-03-12 16:13:05 DEBUG - Spring test ApplicationContext cache statistics: [DefaultContextCache@3f96f020 size = 1, maxSize = 32, parentContextCount = 0, hitCount = 49, missCount = 1]
2023-03-12 16:13:05 DEBUG - Spring test ApplicationContext cache statistics: [DefaultContextCache@3f96f020 size = 1, maxSize = 32, parentContextCount = 0, hitCount = 50, missCount = 1]
2023-03-12 16:13:05 DEBUG - Spring test ApplicationContext cache statistics: [DefaultContextCache@3f96f020 size = 1, maxSize = 32, parentContextCount = 0, hitCount = 51, missCount = 1]
2023-03-12 16:13:05 DEBUG - After test method: class [AuthenticationServiceImplTest], method [correctLoginAndIncorrectPasswordAuthenticationTest], class annotated with @DirtiesContext [false] with mode [null], method annotated with @DirtiesContext [false] with mode [null]
2023-03-12 16:13:05 DEBUG - Resetting RequestContextHolder for test class pl.camp.it.book.store.services.impl.AuthenticationServiceImplTest
2023-03-12 16:13:05 DEBUG - Spring test ApplicationContext cache statistics: [DefaultContextCache@3f96f020 size = 1, maxSize = 32, parentContextCount = 0, hitCount = 52, missCount = 1]
2023-03-12 16:13:05 DEBUG - Setting up MockHttpServletRequest, MockHttpServletResponse, ServletWebRequest, and RequestContextHolder for test class pl.camp.it.book.store.services.impl.AuthenticationServiceImplTest
2023-03-12 16:13:05 DEBUG - Spring test ApplicationContext cache statistics: [DefaultContextCache@3f96f020 size = 1, maxSize = 32, parentContextCount = 0, hitCount = 53, missCount = 1]
2023-03-12 16:13:05 DEBUG - Performing dependency injection for test class pl.camp.it.book.store.services.impl.AuthenticationServiceImplTest
2023-03-12 16:13:05 DEBUG - Spring test ApplicationContext cache statistics: [DefaultContextCache@3f96f020 size = 1, maxSize = 32, parentContextCount = 0, hitCount = 54, missCount = 1]
2023-03-12 16:13:05 DEBUG - Spring test ApplicationContext cache statistics: [DefaultContextCache@3f96f020 size = 1, maxSize = 32, parentContextCount = 0, hitCount = 55, missCount = 1]
2023-03-12 16:13:05 DEBUG - Before test method: class [AuthenticationServiceImplTest], method [logoutNotLoggedUserTest], class annotated with @DirtiesContext [false] with mode [null], method annotated with @DirtiesContext [false] with mode [null]
2023-03-12 16:13:05 DEBUG - Spring test ApplicationContext cache statistics: [DefaultContextCache@3f96f020 size = 1, maxSize = 32, parentContextCount = 0, hitCount = 56, missCount = 1]
2023-03-12 16:13:05 DEBUG - Spring test ApplicationContext cache statistics: [DefaultContextCache@3f96f020 size = 1, maxSize = 32, parentContextCount = 0, hitCount = 57, missCount = 1]
2023-03-12 16:13:05 DEBUG - Spring test ApplicationContext cache statistics: [DefaultContextCache@3f96f020 size = 1, maxSize = 32, parentContextCount = 0, hitCount = 58, missCount = 1]
2023-03-12 16:13:05 DEBUG - Spring test ApplicationContext cache statistics: [DefaultContextCache@3f96f020 size = 1, maxSize = 32, parentContextCount = 0, hitCount = 59, missCount = 1]
2023-03-12 16:13:05 DEBUG - Spring test ApplicationContext cache statistics: [DefaultContextCache@3f96f020 size = 1, maxSize = 32, parentContextCount = 0, hitCount = 60, missCount = 1]
2023-03-12 16:13:05 DEBUG - Spring test ApplicationContext cache statistics: [DefaultContextCache@3f96f020 size = 1, maxSize = 32, parentContextCount = 0, hitCount = 61, missCount = 1]
2023-03-12 16:13:05 DEBUG - Spring test ApplicationContext cache statistics: [DefaultContextCache@3f96f020 size = 1, maxSize = 32, parentContextCount = 0, hitCount = 62, missCount = 1]
2023-03-12 16:13:05 DEBUG - Spring test ApplicationContext cache statistics: [DefaultContextCache@3f96f020 size = 1, maxSize = 32, parentContextCount = 0, hitCount = 63, missCount = 1]
2023-03-12 16:13:05 DEBUG - Spring test ApplicationContext cache statistics: [DefaultContextCache@3f96f020 size = 1, maxSize = 32, parentContextCount = 0, hitCount = 64, missCount = 1]
2023-03-12 16:13:05 DEBUG - After test method: class [AuthenticationServiceImplTest], method [logoutNotLoggedUserTest], class annotated with @DirtiesContext [false] with mode [null], method annotated with @DirtiesContext [false] with mode [null]
2023-03-12 16:13:05 DEBUG - Resetting RequestContextHolder for test class pl.camp.it.book.store.services.impl.AuthenticationServiceImplTest
2023-03-12 16:13:05 DEBUG - Spring test ApplicationContext cache statistics: [DefaultContextCache@3f96f020 size = 1, maxSize = 32, parentContextCount = 0, hitCount = 65, missCount = 1]
2023-03-12 16:13:05 DEBUG - Setting up MockHttpServletRequest, MockHttpServletResponse, ServletWebRequest, and RequestContextHolder for test class pl.camp.it.book.store.services.impl.AuthenticationServiceImplTest
2023-03-12 16:13:05 DEBUG - Spring test ApplicationContext cache statistics: [DefaultContextCache@3f96f020 size = 1, maxSize = 32, parentContextCount = 0, hitCount = 66, missCount = 1]
2023-03-12 16:13:05 DEBUG - Performing dependency injection for test class pl.camp.it.book.store.services.impl.AuthenticationServiceImplTest
2023-03-12 16:13:05 DEBUG - Spring test ApplicationContext cache statistics: [DefaultContextCache@3f96f020 size = 1, maxSize = 32, parentContextCount = 0, hitCount = 67, missCount = 1]
2023-03-12 16:13:05 DEBUG - Spring test ApplicationContext cache statistics: [DefaultContextCache@3f96f020 size = 1, maxSize = 32, parentContextCount = 0, hitCount = 68, missCount = 1]
2023-03-12 16:13:05 DEBUG - Before test method: class [AuthenticationServiceImplTest], method [logoutUserTest], class annotated with @DirtiesContext [false] with mode [null], method annotated with @DirtiesContext [false] with mode [null]
2023-03-12 16:13:05 DEBUG - Spring test ApplicationContext cache statistics: [DefaultContextCache@3f96f020 size = 1, maxSize = 32, parentContextCount = 0, hitCount = 69, missCount = 1]
2023-03-12 16:13:05 DEBUG - Spring test ApplicationContext cache statistics: [DefaultContextCache@3f96f020 size = 1, maxSize = 32, parentContextCount = 0, hitCount = 70, missCount = 1]
2023-03-12 16:13:05 DEBUG - Spring test ApplicationContext cache statistics: [DefaultContextCache@3f96f020 size = 1, maxSize = 32, parentContextCount = 0, hitCount = 71, missCount = 1]
2023-03-12 16:13:05 DEBUG - Spring test ApplicationContext cache statistics: [DefaultContextCache@3f96f020 size = 1, maxSize = 32, parentContextCount = 0, hitCount = 72, missCount = 1]
2023-03-12 16:13:05 DEBUG - Spring test ApplicationContext cache statistics: [DefaultContextCache@3f96f020 size = 1, maxSize = 32, parentContextCount = 0, hitCount = 73, missCount = 1]
2023-03-12 16:13:05 DEBUG - Spring test ApplicationContext cache statistics: [DefaultContextCache@3f96f020 size = 1, maxSize = 32, parentContextCount = 0, hitCount = 74, missCount = 1]
2023-03-12 16:13:05 DEBUG - Spring test ApplicationContext cache statistics: [DefaultContextCache@3f96f020 size = 1, maxSize = 32, parentContextCount = 0, hitCount = 75, missCount = 1]
2023-03-12 16:13:05 DEBUG - Spring test ApplicationContext cache statistics: [DefaultContextCache@3f96f020 size = 1, maxSize = 32, parentContextCount = 0, hitCount = 76, missCount = 1]
2023-03-12 16:13:05 DEBUG - Spring test ApplicationContext cache statistics: [DefaultContextCache@3f96f020 size = 1, maxSize = 32, parentContextCount = 0, hitCount = 77, missCount = 1]
2023-03-12 16:13:05 DEBUG - After test method: class [AuthenticationServiceImplTest], method [logoutUserTest], class annotated with @DirtiesContext [false] with mode [null], method annotated with @DirtiesContext [false] with mode [null]
2023-03-12 16:13:05 DEBUG - Resetting RequestContextHolder for test class pl.camp.it.book.store.services.impl.AuthenticationServiceImplTest
2023-03-12 16:13:05 DEBUG - Spring test ApplicationContext cache statistics: [DefaultContextCache@3f96f020 size = 1, maxSize = 32, parentContextCount = 0, hitCount = 78, missCount = 1]
2023-03-12 16:13:05 DEBUG - Setting up MockHttpServletRequest, MockHttpServletResponse, ServletWebRequest, and RequestContextHolder for test class pl.camp.it.book.store.services.impl.AuthenticationServiceImplTest
2023-03-12 16:13:05 DEBUG - Spring test ApplicationContext cache statistics: [DefaultContextCache@3f96f020 size = 1, maxSize = 32, parentContextCount = 0, hitCount = 79, missCount = 1]
2023-03-12 16:13:05 DEBUG - Performing dependency injection for test class pl.camp.it.book.store.services.impl.AuthenticationServiceImplTest
2023-03-12 16:13:05 DEBUG - Spring test ApplicationContext cache statistics: [DefaultContextCache@3f96f020 size = 1, maxSize = 32, parentContextCount = 0, hitCount = 80, missCount = 1]
2023-03-12 16:13:05 DEBUG - Spring test ApplicationContext cache statistics: [DefaultContextCache@3f96f020 size = 1, maxSize = 32, parentContextCount = 0, hitCount = 81, missCount = 1]
2023-03-12 16:13:05 DEBUG - Before test method: class [AuthenticationServiceImplTest], method [incorrectLoginAuthenticationTest], class annotated with @DirtiesContext [false] with mode [null], method annotated with @DirtiesContext [false] with mode [null]
2023-03-12 16:13:05 DEBUG - Spring test ApplicationContext cache statistics: [DefaultContextCache@3f96f020 size = 1, maxSize = 32, parentContextCount = 0, hitCount = 82, missCount = 1]
2023-03-12 16:13:05 DEBUG - Spring test ApplicationContext cache statistics: [DefaultContextCache@3f96f020 size = 1, maxSize = 32, parentContextCount = 0, hitCount = 83, missCount = 1]
2023-03-12 16:13:05 DEBUG - Spring test ApplicationContext cache statistics: [DefaultContextCache@3f96f020 size = 1, maxSize = 32, parentContextCount = 0, hitCount = 84, missCount = 1]
2023-03-12 16:13:05 DEBUG - Spring test ApplicationContext cache statistics: [DefaultContextCache@3f96f020 size = 1, maxSize = 32, parentContextCount = 0, hitCount = 85, missCount = 1]
2023-03-12 16:13:05 DEBUG - Spring test ApplicationContext cache statistics: [DefaultContextCache@3f96f020 size = 1, maxSize = 32, parentContextCount = 0, hitCount = 86, missCount = 1]
2023-03-12 16:13:05 DEBUG - Spring test ApplicationContext cache statistics: [DefaultContextCache@3f96f020 size = 1, maxSize = 32, parentContextCount = 0, hitCount = 87, missCount = 1]
2023-03-12 16:13:05 DEBUG - Spring test ApplicationContext cache statistics: [DefaultContextCache@3f96f020 size = 1, maxSize = 32, parentContextCount = 0, hitCount = 88, missCount = 1]
2023-03-12 16:13:05 DEBUG - Spring test ApplicationContext cache statistics: [DefaultContextCache@3f96f020 size = 1, maxSize = 32, parentContextCount = 0, hitCount = 89, missCount = 1]
2023-03-12 16:13:05 DEBUG - Spring test ApplicationContext cache statistics: [DefaultContextCache@3f96f020 size = 1, maxSize = 32, parentContextCount = 0, hitCount = 90, missCount = 1]
2023-03-12 16:13:05 DEBUG - After test method: class [AuthenticationServiceImplTest], method [incorrectLoginAuthenticationTest], class annotated with @DirtiesContext [false] with mode [null], method annotated with @DirtiesContext [false] with mode [null]
2023-03-12 16:13:05 DEBUG - Resetting RequestContextHolder for test class pl.camp.it.book.store.services.impl.AuthenticationServiceImplTest
2023-03-12 16:13:05 DEBUG - Spring test ApplicationContext cache statistics: [DefaultContextCache@3f96f020 size = 1, maxSize = 32, parentContextCount = 0, hitCount = 91, missCount = 1]
2023-03-12 16:13:05 DEBUG - After test class: class [AuthenticationServiceImplTest], class annotated with @DirtiesContext [false] with mode [null]
2023-03-12 16:13:05 DEBUG - Closing org.springframework.web.context.support.GenericWebApplicationContext@757d6814, started on Sun Mar 12 16:13:04 CET 2023
2023-03-12 16:16:41 DEBUG - Using ContextCustomizers for test class [AuthenticationServiceImplTest]: [ExcludeFilterContextCustomizer, DuplicateJsonObjectContextCustomizer, MockitoContextCustomizer, DisableObservabilityContextCustomizer, PropertyMappingContextCustomizer, Customizer, MockServerContainerContextCustomizer]
2023-03-12 16:16:41 DEBUG - Skipping candidate TestExecutionListener [org.springframework.test.context.transaction.TransactionalTestExecutionListener] due to a missing dependency. Specify custom TestExecutionListener classes or make the default TestExecutionListener classes and their required dependencies available. Offending class: [org/springframework/transaction/interceptor/TransactionAttributeSource]
2023-03-12 16:16:41 DEBUG - Skipping candidate TestExecutionListener [org.springframework.test.context.jdbc.SqlScriptsTestExecutionListener] due to a missing dependency. Specify custom TestExecutionListener classes or make the default TestExecutionListener classes and their required dependencies available. Offending class: [org/springframework/transaction/interceptor/TransactionAttribute]
2023-03-12 16:16:41 DEBUG - Using TestExecutionListeners for test class [AuthenticationServiceImplTest]: [ServletTestExecutionListener, DirtiesContextBeforeModesTestExecutionListener, ApplicationEventsTestExecutionListener, MockitoTestExecutionListener, DependencyInjectionTestExecutionListener, DirtiesContextTestExecutionListener, EventPublishingTestExecutionListener, ResetMocksTestExecutionListener, RestDocsTestExecutionListener, MockRestServiceServerResetTestExecutionListener, MockMvcPrintOnlyOnFailureTestExecutionListener, WebDriverTestExecutionListener, MockWebServiceServerTestExecutionListener]
2023-03-12 16:16:41 DEBUG - Before test class: class [AuthenticationServiceImplTest], class annotated with @DirtiesContext [false] with mode [null]
2023-03-12 16:16:41 DEBUG - Loading WebApplicationContext for test class pl.camp.it.book.store.services.impl.AuthenticationServiceImplTest
2023-03-12 16:16:41 DEBUG - Activating profiles []
2023-03-12 16:16:41 DEBUG - Registering annotated classes: [class pl.camp.it.book.store.configuration.TestConfiguration]
2023-03-12 16:16:41 DEBUG - Refreshing org.springframework.web.context.support.GenericWebApplicationContext@76ba13c
2023-03-12 16:16:41 DEBUG - Creating shared instance of singleton bean 'org.springframework.context.annotation.internalConfigurationAnnotationProcessor'
2023-03-12 16:16:41 DEBUG - Identified candidate component class: file [E:\IT-CAMP7\2022.12.04-book-store\book-store\target\classes\pl\camp\it\book\store\controllers\AuthenticationController.class]
2023-03-12 16:16:41 DEBUG - Identified candidate component class: file [E:\IT-CAMP7\2022.12.04-book-store\book-store\target\classes\pl\camp\it\book\store\controllers\BookController.class]
2023-03-12 16:16:41 DEBUG - Identified candidate component class: file [E:\IT-CAMP7\2022.12.04-book-store\book-store\target\classes\pl\camp\it\book\store\controllers\CartController.class]
2023-03-12 16:16:41 DEBUG - Identified candidate component class: file [E:\IT-CAMP7\2022.12.04-book-store\book-store\target\classes\pl\camp\it\book\store\controllers\CommonController.class]
2023-03-12 16:16:41 DEBUG - Identified candidate component class: file [E:\IT-CAMP7\2022.12.04-book-store\book-store\target\classes\pl\camp\it\book\store\controllers\OrderController.class]
2023-03-12 16:16:41 DEBUG - Identified candidate component class: file [E:\IT-CAMP7\2022.12.04-book-store\book-store\target\classes\pl\camp\it\book\store\controllers\rest\RestApiBookController.class]
2023-03-12 16:16:41 DEBUG - Identified candidate component class: file [E:\IT-CAMP7\2022.12.04-book-store\book-store\target\classes\pl\camp\it\book\store\controllers\rest\RestApiOrderController.class]
2023-03-12 16:16:41 DEBUG - Identified candidate component class: file [E:\IT-CAMP7\2022.12.04-book-store\book-store\target\classes\pl\camp\it\book\store\controllers\rest\RestApiOrderPositionController.class]
2023-03-12 16:16:41 DEBUG - Identified candidate component class: file [E:\IT-CAMP7\2022.12.04-book-store\book-store\target\classes\pl\camp\it\book\store\controllers\rest\RestApiUserController.class]
2023-03-12 16:16:41 DEBUG - Identified candidate component class: file [E:\IT-CAMP7\2022.12.04-book-store\book-store\target\classes\pl\camp\it\book\store\services\impl\AuthenticationServiceImpl.class]
2023-03-12 16:16:41 DEBUG - Identified candidate component class: file [E:\IT-CAMP7\2022.12.04-book-store\book-store\target\classes\pl\camp\it\book\store\services\impl\BookServiceImpl.class]
2023-03-12 16:16:41 DEBUG - Identified candidate component class: file [E:\IT-CAMP7\2022.12.04-book-store\book-store\target\classes\pl\camp\it\book\store\services\impl\CartServiceImpl.class]
2023-03-12 16:16:41 DEBUG - Identified candidate component class: file [E:\IT-CAMP7\2022.12.04-book-store\book-store\target\classes\pl\camp\it\book\store\services\impl\OrderPositionServiceImpl.class]
2023-03-12 16:16:41 DEBUG - Identified candidate component class: file [E:\IT-CAMP7\2022.12.04-book-store\book-store\target\classes\pl\camp\it\book\store\services\impl\OrderServiceImpl.class]
2023-03-12 16:16:41 DEBUG - Identified candidate component class: file [E:\IT-CAMP7\2022.12.04-book-store\book-store\target\classes\pl\camp\it\book\store\services\impl\UserServiceImpl.class]
2023-03-12 16:16:41 DEBUG - Identified candidate component class: file [E:\IT-CAMP7\2022.12.04-book-store\book-store\target\classes\pl\camp\it\book\store\session\SessionObject.class]
2023-03-12 16:16:41 DEBUG - Creating shared instance of singleton bean 'org.springframework.boot.test.mock.mockito.MockitoPostProcessor'
2023-03-12 16:16:42 DEBUG - Creating shared instance of singleton bean 'org.springframework.context.event.internalEventListenerProcessor'
2023-03-12 16:16:42 DEBUG - Creating shared instance of singleton bean 'org.springframework.context.event.internalEventListenerFactory'
2023-03-12 16:16:42 DEBUG - Creating shared instance of singleton bean 'org.springframework.context.annotation.internalAutowiredAnnotationProcessor'
2023-03-12 16:16:42 DEBUG - Creating shared instance of singleton bean 'org.springframework.context.annotation.internalCommonAnnotationProcessor'
2023-03-12 16:16:42 DEBUG - Creating shared instance of singleton bean 'org.springframework.boot.test.mock.mockito.MockitoPostProcessor$SpyPostProcessor'
2023-03-12 16:16:42 DEBUG - Creating shared instance of singleton bean 'org.springframework.context.annotation.internalScheduledAnnotationProcessor'
2023-03-12 16:16:42 DEBUG - Creating shared instance of singleton bean 'org.springframework.scheduling.annotation.SchedulingConfiguration'
2023-03-12 16:16:42 DEBUG - Unable to locate ThemeSource with name 'themeSource': using default [org.springframework.ui.context.support.ResourceBundleThemeSource@4548d254]
2023-03-12 16:16:42 DEBUG - Creating shared instance of singleton bean 'testConfiguration'
2023-03-12 16:16:42 DEBUG - Creating shared instance of singleton bean 'authenticationController'
2023-03-12 16:16:42 DEBUG - Creating shared instance of singleton bean 'sessionObject'
2023-03-12 16:16:42 DEBUG - Creating shared instance of singleton bean 'authenticationServiceImpl'
2023-03-12 16:16:42 DEBUG - Creating shared instance of singleton bean 'bookController'
2023-03-12 16:16:42 DEBUG - Creating shared instance of singleton bean 'bookServiceImpl'
2023-03-12 16:16:42 DEBUG - Creating shared instance of singleton bean 'cartController'
2023-03-12 16:16:42 DEBUG - Creating shared instance of singleton bean 'cartServiceImpl'
2023-03-12 16:16:42 DEBUG - Creating shared instance of singleton bean 'commonController'
2023-03-12 16:16:42 DEBUG - Creating shared instance of singleton bean 'orderController'
2023-03-12 16:16:42 DEBUG - Creating shared instance of singleton bean 'orderServiceImpl'
2023-03-12 16:16:42 DEBUG - Creating shared instance of singleton bean 'restApiBookController'
2023-03-12 16:16:42 DEBUG - Creating shared instance of singleton bean 'restApiOrderController'
2023-03-12 16:16:42 DEBUG - Creating shared instance of singleton bean 'restApiOrderPositionController'
2023-03-12 16:16:42 DEBUG - Creating shared instance of singleton bean 'orderPositionServiceImpl'
2023-03-12 16:16:42 DEBUG - Creating shared instance of singleton bean 'restApiUserController'
2023-03-12 16:16:42 DEBUG - Creating shared instance of singleton bean 'userServiceImpl'
2023-03-12 16:16:42 DEBUG - Spring test ApplicationContext cache statistics: [DefaultContextCache@36e43829 size = 1, maxSize = 32, parentContextCount = 0, hitCount = 0, missCount = 1]
2023-03-12 16:16:42 DEBUG - Setting up MockHttpServletRequest, MockHttpServletResponse, ServletWebRequest, and RequestContextHolder for test class pl.camp.it.book.store.services.impl.AuthenticationServiceImplTest
2023-03-12 16:16:42 DEBUG - Spring test ApplicationContext cache statistics: [DefaultContextCache@36e43829 size = 1, maxSize = 32, parentContextCount = 0, hitCount = 1, missCount = 1]
2023-03-12 16:16:42 DEBUG - Performing dependency injection for test class pl.camp.it.book.store.services.impl.AuthenticationServiceImplTest
2023-03-12 16:16:42 DEBUG - Spring test ApplicationContext cache statistics: [DefaultContextCache@36e43829 size = 1, maxSize = 32, parentContextCount = 0, hitCount = 2, missCount = 1]
2023-03-12 16:16:42 DEBUG - Spring test ApplicationContext cache statistics: [DefaultContextCache@36e43829 size = 1, maxSize = 32, parentContextCount = 0, hitCount = 3, missCount = 1]
2023-03-12 16:16:42 DEBUG - Before test method: class [AuthenticationServiceImplTest], method [loginAlreadyExistWhenRegister], class annotated with @DirtiesContext [false] with mode [null], method annotated with @DirtiesContext [false] with mode [null]
2023-03-12 16:16:42 DEBUG - Spring test ApplicationContext cache statistics: [DefaultContextCache@36e43829 size = 1, maxSize = 32, parentContextCount = 0, hitCount = 4, missCount = 1]
2023-03-12 16:16:42 DEBUG - Spring test ApplicationContext cache statistics: [DefaultContextCache@36e43829 size = 1, maxSize = 32, parentContextCount = 0, hitCount = 5, missCount = 1]
2023-03-12 16:16:42 DEBUG - Spring test ApplicationContext cache statistics: [DefaultContextCache@36e43829 size = 1, maxSize = 32, parentContextCount = 0, hitCount = 6, missCount = 1]
2023-03-12 16:16:42 DEBUG - Spring test ApplicationContext cache statistics: [DefaultContextCache@36e43829 size = 1, maxSize = 32, parentContextCount = 0, hitCount = 7, missCount = 1]
2023-03-12 16:16:42 DEBUG - Spring test ApplicationContext cache statistics: [DefaultContextCache@36e43829 size = 1, maxSize = 32, parentContextCount = 0, hitCount = 8, missCount = 1]
2023-03-12 16:16:42 DEBUG - Spring test ApplicationContext cache statistics: [DefaultContextCache@36e43829 size = 1, maxSize = 32, parentContextCount = 0, hitCount = 9, missCount = 1]
2023-03-12 16:16:42 DEBUG - Spring test ApplicationContext cache statistics: [DefaultContextCache@36e43829 size = 1, maxSize = 32, parentContextCount = 0, hitCount = 10, missCount = 1]
2023-03-12 16:16:42 DEBUG - Spring test ApplicationContext cache statistics: [DefaultContextCache@36e43829 size = 1, maxSize = 32, parentContextCount = 0, hitCount = 11, missCount = 1]
2023-03-12 16:16:42 DEBUG - Spring test ApplicationContext cache statistics: [DefaultContextCache@36e43829 size = 1, maxSize = 32, parentContextCount = 0, hitCount = 12, missCount = 1]
2023-03-12 16:16:42 DEBUG - After test method: class [AuthenticationServiceImplTest], method [loginAlreadyExistWhenRegister], class annotated with @DirtiesContext [false] with mode [null], method annotated with @DirtiesContext [false] with mode [null]
2023-03-12 16:16:42 DEBUG - Resetting RequestContextHolder for test class pl.camp.it.book.store.services.impl.AuthenticationServiceImplTest
2023-03-12 16:16:42 DEBUG - Spring test ApplicationContext cache statistics: [DefaultContextCache@36e43829 size = 1, maxSize = 32, parentContextCount = 0, hitCount = 13, missCount = 1]
2023-03-12 16:16:42 DEBUG - Setting up MockHttpServletRequest, MockHttpServletResponse, ServletWebRequest, and RequestContextHolder for test class pl.camp.it.book.store.services.impl.AuthenticationServiceImplTest
2023-03-12 16:16:42 DEBUG - Spring test ApplicationContext cache statistics: [DefaultContextCache@36e43829 size = 1, maxSize = 32, parentContextCount = 0, hitCount = 14, missCount = 1]
2023-03-12 16:16:42 DEBUG - Performing dependency injection for test class pl.camp.it.book.store.services.impl.AuthenticationServiceImplTest
2023-03-12 16:16:42 DEBUG - Spring test ApplicationContext cache statistics: [DefaultContextCache@36e43829 size = 1, maxSize = 32, parentContextCount = 0, hitCount = 15, missCount = 1]
2023-03-12 16:16:42 DEBUG - Spring test ApplicationContext cache statistics: [DefaultContextCache@36e43829 size = 1, maxSize = 32, parentContextCount = 0, hitCount = 16, missCount = 1]
2023-03-12 16:16:42 DEBUG - Before test method: class [AuthenticationServiceImplTest], method [registerUserTest], class annotated with @DirtiesContext [false] with mode [null], method annotated with @DirtiesContext [false] with mode [null]
2023-03-12 16:16:42 DEBUG - Spring test ApplicationContext cache statistics: [DefaultContextCache@36e43829 size = 1, maxSize = 32, parentContextCount = 0, hitCount = 17, missCount = 1]
2023-03-12 16:16:42 DEBUG - Spring test ApplicationContext cache statistics: [DefaultContextCache@36e43829 size = 1, maxSize = 32, parentContextCount = 0, hitCount = 18, missCount = 1]
2023-03-12 16:16:42 DEBUG - Spring test ApplicationContext cache statistics: [DefaultContextCache@36e43829 size = 1, maxSize = 32, parentContextCount = 0, hitCount = 19, missCount = 1]
2023-03-12 16:16:42 DEBUG - Spring test ApplicationContext cache statistics: [DefaultContextCache@36e43829 size = 1, maxSize = 32, parentContextCount = 0, hitCount = 20, missCount = 1]
2023-03-12 16:16:42 DEBUG - Spring test ApplicationContext cache statistics: [DefaultContextCache@36e43829 size = 1, maxSize = 32, parentContextCount = 0, hitCount = 21, missCount = 1]
2023-03-12 16:16:42 DEBUG - Spring test ApplicationContext cache statistics: [DefaultContextCache@36e43829 size = 1, maxSize = 32, parentContextCount = 0, hitCount = 22, missCount = 1]
2023-03-12 16:16:42 DEBUG - Spring test ApplicationContext cache statistics: [DefaultContextCache@36e43829 size = 1, maxSize = 32, parentContextCount = 0, hitCount = 23, missCount = 1]
2023-03-12 16:16:42 DEBUG - Spring test ApplicationContext cache statistics: [DefaultContextCache@36e43829 size = 1, maxSize = 32, parentContextCount = 0, hitCount = 24, missCount = 1]
2023-03-12 16:16:42 DEBUG - Spring test ApplicationContext cache statistics: [DefaultContextCache@36e43829 size = 1, maxSize = 32, parentContextCount = 0, hitCount = 25, missCount = 1]
2023-03-12 16:16:42 DEBUG - After test method: class [AuthenticationServiceImplTest], method [registerUserTest], class annotated with @DirtiesContext [false] with mode [null], method annotated with @DirtiesContext [false] with mode [null]
2023-03-12 16:16:42 DEBUG - Resetting RequestContextHolder for test class pl.camp.it.book.store.services.impl.AuthenticationServiceImplTest
2023-03-12 16:16:42 DEBUG - Spring test ApplicationContext cache statistics: [DefaultContextCache@36e43829 size = 1, maxSize = 32, parentContextCount = 0, hitCount = 26, missCount = 1]
2023-03-12 16:16:42 DEBUG - Setting up MockHttpServletRequest, MockHttpServletResponse, ServletWebRequest, and RequestContextHolder for test class pl.camp.it.book.store.services.impl.AuthenticationServiceImplTest
2023-03-12 16:16:42 DEBUG - Spring test ApplicationContext cache statistics: [DefaultContextCache@36e43829 size = 1, maxSize = 32, parentContextCount = 0, hitCount = 27, missCount = 1]
2023-03-12 16:16:42 DEBUG - Performing dependency injection for test class pl.camp.it.book.store.services.impl.AuthenticationServiceImplTest
2023-03-12 16:16:42 DEBUG - Spring test ApplicationContext cache statistics: [DefaultContextCache@36e43829 size = 1, maxSize = 32, parentContextCount = 0, hitCount = 28, missCount = 1]
2023-03-12 16:16:42 DEBUG - Spring test ApplicationContext cache statistics: [DefaultContextCache@36e43829 size = 1, maxSize = 32, parentContextCount = 0, hitCount = 29, missCount = 1]
2023-03-12 16:16:42 DEBUG - Before test method: class [AuthenticationServiceImplTest], method [correctAuthenticationTest], class annotated with @DirtiesContext [false] with mode [null], method annotated with @DirtiesContext [false] with mode [null]
2023-03-12 16:16:42 DEBUG - Spring test ApplicationContext cache statistics: [DefaultContextCache@36e43829 size = 1, maxSize = 32, parentContextCount = 0, hitCount = 30, missCount = 1]
2023-03-12 16:16:42 DEBUG - Spring test ApplicationContext cache statistics: [DefaultContextCache@36e43829 size = 1, maxSize = 32, parentContextCount = 0, hitCount = 31, missCount = 1]
2023-03-12 16:16:42 DEBUG - Spring test ApplicationContext cache statistics: [DefaultContextCache@36e43829 size = 1, maxSize = 32, parentContextCount = 0, hitCount = 32, missCount = 1]
2023-03-12 16:16:42 DEBUG - Spring test ApplicationContext cache statistics: [DefaultContextCache@36e43829 size = 1, maxSize = 32, parentContextCount = 0, hitCount = 33, missCount = 1]
2023-03-12 16:16:42 DEBUG - Spring test ApplicationContext cache statistics: [DefaultContextCache@36e43829 size = 1, maxSize = 32, parentContextCount = 0, hitCount = 34, missCount = 1]
2023-03-12 16:16:42 DEBUG - Spring test ApplicationContext cache statistics: [DefaultContextCache@36e43829 size = 1, maxSize = 32, parentContextCount = 0, hitCount = 35, missCount = 1]
2023-03-12 16:16:42 DEBUG - Spring test ApplicationContext cache statistics: [DefaultContextCache@36e43829 size = 1, maxSize = 32, parentContextCount = 0, hitCount = 36, missCount = 1]
2023-03-12 16:16:42 DEBUG - Spring test ApplicationContext cache statistics: [DefaultContextCache@36e43829 size = 1, maxSize = 32, parentContextCount = 0, hitCount = 37, missCount = 1]
2023-03-12 16:16:42 DEBUG - Spring test ApplicationContext cache statistics: [DefaultContextCache@36e43829 size = 1, maxSize = 32, parentContextCount = 0, hitCount = 38, missCount = 1]
2023-03-12 16:16:42 DEBUG - After test method: class [AuthenticationServiceImplTest], method [correctAuthenticationTest], class annotated with @DirtiesContext [false] with mode [null], method annotated with @DirtiesContext [false] with mode [null]
2023-03-12 16:16:42 DEBUG - Resetting RequestContextHolder for test class pl.camp.it.book.store.services.impl.AuthenticationServiceImplTest
2023-03-12 16:16:42 DEBUG - Spring test ApplicationContext cache statistics: [DefaultContextCache@36e43829 size = 1, maxSize = 32, parentContextCount = 0, hitCount = 39, missCount = 1]
2023-03-12 16:16:42 DEBUG - Setting up MockHttpServletRequest, MockHttpServletResponse, ServletWebRequest, and RequestContextHolder for test class pl.camp.it.book.store.services.impl.AuthenticationServiceImplTest
2023-03-12 16:16:42 DEBUG - Spring test ApplicationContext cache statistics: [DefaultContextCache@36e43829 size = 1, maxSize = 32, parentContextCount = 0, hitCount = 40, missCount = 1]
2023-03-12 16:16:42 DEBUG - Performing dependency injection for test class pl.camp.it.book.store.services.impl.AuthenticationServiceImplTest
2023-03-12 16:16:42 DEBUG - Spring test ApplicationContext cache statistics: [DefaultContextCache@36e43829 size = 1, maxSize = 32, parentContextCount = 0, hitCount = 41, missCount = 1]
2023-03-12 16:16:42 DEBUG - Spring test ApplicationContext cache statistics: [DefaultContextCache@36e43829 size = 1, maxSize = 32, parentContextCount = 0, hitCount = 42, missCount = 1]
2023-03-12 16:16:42 DEBUG - Before test method: class [AuthenticationServiceImplTest], method [correctLoginAndIncorrectPasswordAuthenticationTest], class annotated with @DirtiesContext [false] with mode [null], method annotated with @DirtiesContext [false] with mode [null]
2023-03-12 16:16:42 DEBUG - Spring test ApplicationContext cache statistics: [DefaultContextCache@36e43829 size = 1, maxSize = 32, parentContextCount = 0, hitCount = 43, missCount = 1]
2023-03-12 16:16:42 DEBUG - Spring test ApplicationContext cache statistics: [DefaultContextCache@36e43829 size = 1, maxSize = 32, parentContextCount = 0, hitCount = 44, missCount = 1]
2023-03-12 16:16:42 DEBUG - Spring test ApplicationContext cache statistics: [DefaultContextCache@36e43829 size = 1, maxSize = 32, parentContextCount = 0, hitCount = 45, missCount = 1]
2023-03-12 16:16:42 DEBUG - Spring test ApplicationContext cache statistics: [DefaultContextCache@36e43829 size = 1, maxSize = 32, parentContextCount = 0, hitCount = 46, missCount = 1]
2023-03-12 16:16:42 DEBUG - Spring test ApplicationContext cache statistics: [DefaultContextCache@36e43829 size = 1, maxSize = 32, parentContextCount = 0, hitCount = 47, missCount = 1]
2023-03-12 16:16:42 DEBUG - Spring test ApplicationContext cache statistics: [DefaultContextCache@36e43829 size = 1, maxSize = 32, parentContextCount = 0, hitCount = 48, missCount = 1]
2023-03-12 16:16:42 DEBUG - Spring test ApplicationContext cache statistics: [DefaultContextCache@36e43829 size = 1, maxSize = 32, parentContextCount = 0, hitCount = 49, missCount = 1]
2023-03-12 16:16:42 DEBUG - Spring test ApplicationContext cache statistics: [DefaultContextCache@36e43829 size = 1, maxSize = 32, parentContextCount = 0, hitCount = 50, missCount = 1]
2023-03-12 16:16:42 DEBUG - Spring test ApplicationContext cache statistics: [DefaultContextCache@36e43829 size = 1, maxSize = 32, parentContextCount = 0, hitCount = 51, missCount = 1]
2023-03-12 16:16:42 DEBUG - After test method: class [AuthenticationServiceImplTest], method [correctLoginAndIncorrectPasswordAuthenticationTest], class annotated with @DirtiesContext [false] with mode [null], method annotated with @DirtiesContext [false] with mode [null]
2023-03-12 16:16:42 DEBUG - Resetting RequestContextHolder for test class pl.camp.it.book.store.services.impl.AuthenticationServiceImplTest
2023-03-12 16:16:42 DEBUG - Spring test ApplicationContext cache statistics: [DefaultContextCache@36e43829 size = 1, maxSize = 32, parentContextCount = 0, hitCount = 52, missCount = 1]
2023-03-12 16:16:42 DEBUG - Setting up MockHttpServletRequest, MockHttpServletResponse, ServletWebRequest, and RequestContextHolder for test class pl.camp.it.book.store.services.impl.AuthenticationServiceImplTest
2023-03-12 16:16:42 DEBUG - Spring test ApplicationContext cache statistics: [DefaultContextCache@36e43829 size = 1, maxSize = 32, parentContextCount = 0, hitCount = 53, missCount = 1]
2023-03-12 16:16:42 DEBUG - Performing dependency injection for test class pl.camp.it.book.store.services.impl.AuthenticationServiceImplTest
2023-03-12 16:16:42 DEBUG - Spring test ApplicationContext cache statistics: [DefaultContextCache@36e43829 size = 1, maxSize = 32, parentContextCount = 0, hitCount = 54, missCount = 1]
2023-03-12 16:16:42 DEBUG - Spring test ApplicationContext cache statistics: [DefaultContextCache@36e43829 size = 1, maxSize = 32, parentContextCount = 0, hitCount = 55, missCount = 1]
2023-03-12 16:16:42 DEBUG - Before test method: class [AuthenticationServiceImplTest], method [logoutNotLoggedUserTest], class annotated with @DirtiesContext [false] with mode [null], method annotated with @DirtiesContext [false] with mode [null]
2023-03-12 16:16:42 DEBUG - Spring test ApplicationContext cache statistics: [DefaultContextCache@36e43829 size = 1, maxSize = 32, parentContextCount = 0, hitCount = 56, missCount = 1]
2023-03-12 16:16:42 DEBUG - Spring test ApplicationContext cache statistics: [DefaultContextCache@36e43829 size = 1, maxSize = 32, parentContextCount = 0, hitCount = 57, missCount = 1]
2023-03-12 16:16:42 DEBUG - Spring test ApplicationContext cache statistics: [DefaultContextCache@36e43829 size = 1, maxSize = 32, parentContextCount = 0, hitCount = 58, missCount = 1]
2023-03-12 16:16:42 DEBUG - Spring test ApplicationContext cache statistics: [DefaultContextCache@36e43829 size = 1, maxSize = 32, parentContextCount = 0, hitCount = 59, missCount = 1]
2023-03-12 16:16:42 DEBUG - Spring test ApplicationContext cache statistics: [DefaultContextCache@36e43829 size = 1, maxSize = 32, parentContextCount = 0, hitCount = 60, missCount = 1]
2023-03-12 16:16:42 DEBUG - Spring test ApplicationContext cache statistics: [DefaultContextCache@36e43829 size = 1, maxSize = 32, parentContextCount = 0, hitCount = 61, missCount = 1]
2023-03-12 16:16:42 DEBUG - Spring test ApplicationContext cache statistics: [DefaultContextCache@36e43829 size = 1, maxSize = 32, parentContextCount = 0, hitCount = 62, missCount = 1]
2023-03-12 16:16:42 DEBUG - Spring test ApplicationContext cache statistics: [DefaultContextCache@36e43829 size = 1, maxSize = 32, parentContextCount = 0, hitCount = 63, missCount = 1]
2023-03-12 16:16:42 DEBUG - Spring test ApplicationContext cache statistics: [DefaultContextCache@36e43829 size = 1, maxSize = 32, parentContextCount = 0, hitCount = 64, missCount = 1]
2023-03-12 16:16:42 DEBUG - After test method: class [AuthenticationServiceImplTest], method [logoutNotLoggedUserTest], class annotated with @DirtiesContext [false] with mode [null], method annotated with @DirtiesContext [false] with mode [null]
2023-03-12 16:16:42 DEBUG - Resetting RequestContextHolder for test class pl.camp.it.book.store.services.impl.AuthenticationServiceImplTest
2023-03-12 16:16:42 DEBUG - Spring test ApplicationContext cache statistics: [DefaultContextCache@36e43829 size = 1, maxSize = 32, parentContextCount = 0, hitCount = 65, missCount = 1]
2023-03-12 16:16:42 DEBUG - Setting up MockHttpServletRequest, MockHttpServletResponse, ServletWebRequest, and RequestContextHolder for test class pl.camp.it.book.store.services.impl.AuthenticationServiceImplTest
2023-03-12 16:16:42 DEBUG - Spring test ApplicationContext cache statistics: [DefaultContextCache@36e43829 size = 1, maxSize = 32, parentContextCount = 0, hitCount = 66, missCount = 1]
2023-03-12 16:16:42 DEBUG - Performing dependency injection for test class pl.camp.it.book.store.services.impl.AuthenticationServiceImplTest
2023-03-12 16:16:42 DEBUG - Spring test ApplicationContext cache statistics: [DefaultContextCache@36e43829 size = 1, maxSize = 32, parentContextCount = 0, hitCount = 67, missCount = 1]
2023-03-12 16:16:42 DEBUG - Spring test ApplicationContext cache statistics: [DefaultContextCache@36e43829 size = 1, maxSize = 32, parentContextCount = 0, hitCount = 68, missCount = 1]
2023-03-12 16:16:42 DEBUG - Before test method: class [AuthenticationServiceImplTest], method [logoutUserTest], class annotated with @DirtiesContext [false] with mode [null], method annotated with @DirtiesContext [false] with mode [null]
2023-03-12 16:16:42 DEBUG - Spring test ApplicationContext cache statistics: [DefaultContextCache@36e43829 size = 1, maxSize = 32, parentContextCount = 0, hitCount = 69, missCount = 1]
2023-03-12 16:16:42 DEBUG - Spring test ApplicationContext cache statistics: [DefaultContextCache@36e43829 size = 1, maxSize = 32, parentContextCount = 0, hitCount = 70, missCount = 1]
2023-03-12 16:16:42 DEBUG - Spring test ApplicationContext cache statistics: [DefaultContextCache@36e43829 size = 1, maxSize = 32, parentContextCount = 0, hitCount = 71, missCount = 1]
2023-03-12 16:16:42 DEBUG - Spring test ApplicationContext cache statistics: [DefaultContextCache@36e43829 size = 1, maxSize = 32, parentContextCount = 0, hitCount = 72, missCount = 1]
2023-03-12 16:16:42 DEBUG - Spring test ApplicationContext cache statistics: [DefaultContextCache@36e43829 size = 1, maxSize = 32, parentContextCount = 0, hitCount = 73, missCount = 1]
2023-03-12 16:16:42 DEBUG - Spring test ApplicationContext cache statistics: [DefaultContextCache@36e43829 size = 1, maxSize = 32, parentContextCount = 0, hitCount = 74, missCount = 1]
2023-03-12 16:16:42 DEBUG - Spring test ApplicationContext cache statistics: [DefaultContextCache@36e43829 size = 1, maxSize = 32, parentContextCount = 0, hitCount = 75, missCount = 1]
2023-03-12 16:16:42 DEBUG - Spring test ApplicationContext cache statistics: [DefaultContextCache@36e43829 size = 1, maxSize = 32, parentContextCount = 0, hitCount = 76, missCount = 1]
2023-03-12 16:16:42 DEBUG - Spring test ApplicationContext cache statistics: [DefaultContextCache@36e43829 size = 1, maxSize = 32, parentContextCount = 0, hitCount = 77, missCount = 1]
2023-03-12 16:16:42 DEBUG - After test method: class [AuthenticationServiceImplTest], method [logoutUserTest], class annotated with @DirtiesContext [false] with mode [null], method annotated with @DirtiesContext [false] with mode [null]
2023-03-12 16:16:42 DEBUG - Resetting RequestContextHolder for test class pl.camp.it.book.store.services.impl.AuthenticationServiceImplTest
2023-03-12 16:16:42 DEBUG - Spring test ApplicationContext cache statistics: [DefaultContextCache@36e43829 size = 1, maxSize = 32, parentContextCount = 0, hitCount = 78, missCount = 1]
2023-03-12 16:16:42 DEBUG - Setting up MockHttpServletRequest, MockHttpServletResponse, ServletWebRequest, and RequestContextHolder for test class pl.camp.it.book.store.services.impl.AuthenticationServiceImplTest
2023-03-12 16:16:42 DEBUG - Spring test ApplicationContext cache statistics: [DefaultContextCache@36e43829 size = 1, maxSize = 32, parentContextCount = 0, hitCount = 79, missCount = 1]
2023-03-12 16:16:42 DEBUG - Performing dependency injection for test class pl.camp.it.book.store.services.impl.AuthenticationServiceImplTest
2023-03-12 16:16:42 DEBUG - Spring test ApplicationContext cache statistics: [DefaultContextCache@36e43829 size = 1, maxSize = 32, parentContextCount = 0, hitCount = 80, missCount = 1]
2023-03-12 16:16:42 DEBUG - Spring test ApplicationContext cache statistics: [DefaultContextCache@36e43829 size = 1, maxSize = 32, parentContextCount = 0, hitCount = 81, missCount = 1]
2023-03-12 16:16:42 DEBUG - Before test method: class [AuthenticationServiceImplTest], method [incorrectLoginAuthenticationTest], class annotated with @DirtiesContext [false] with mode [null], method annotated with @DirtiesContext [false] with mode [null]
2023-03-12 16:16:42 DEBUG - Spring test ApplicationContext cache statistics: [DefaultContextCache@36e43829 size = 1, maxSize = 32, parentContextCount = 0, hitCount = 82, missCount = 1]
2023-03-12 16:16:42 DEBUG - Spring test ApplicationContext cache statistics: [DefaultContextCache@36e43829 size = 1, maxSize = 32, parentContextCount = 0, hitCount = 83, missCount = 1]
2023-03-12 16:16:42 DEBUG - Spring test ApplicationContext cache statistics: [DefaultContextCache@36e43829 size = 1, maxSize = 32, parentContextCount = 0, hitCount = 84, missCount = 1]
2023-03-12 16:16:42 DEBUG - Spring test ApplicationContext cache statistics: [DefaultContextCache@36e43829 size = 1, maxSize = 32, parentContextCount = 0, hitCount = 85, missCount = 1]
2023-03-12 16:16:42 DEBUG - Spring test ApplicationContext cache statistics: [DefaultContextCache@36e43829 size = 1, maxSize = 32, parentContextCount = 0, hitCount = 86, missCount = 1]
2023-03-12 16:16:42 DEBUG - Spring test ApplicationContext cache statistics: [DefaultContextCache@36e43829 size = 1, maxSize = 32, parentContextCount = 0, hitCount = 87, missCount = 1]
2023-03-12 16:16:42 DEBUG - Spring test ApplicationContext cache statistics: [DefaultContextCache@36e43829 size = 1, maxSize = 32, parentContextCount = 0, hitCount = 88, missCount = 1]
2023-03-12 16:16:42 DEBUG - Spring test ApplicationContext cache statistics: [DefaultContextCache@36e43829 size = 1, maxSize = 32, parentContextCount = 0, hitCount = 89, missCount = 1]
2023-03-12 16:16:42 DEBUG - Spring test ApplicationContext cache statistics: [DefaultContextCache@36e43829 size = 1, maxSize = 32, parentContextCount = 0, hitCount = 90, missCount = 1]
2023-03-12 16:16:42 DEBUG - After test method: class [AuthenticationServiceImplTest], method [incorrectLoginAuthenticationTest], class annotated with @DirtiesContext [false] with mode [null], method annotated with @DirtiesContext [false] with mode [null]
2023-03-12 16:16:42 DEBUG - Resetting RequestContextHolder for test class pl.camp.it.book.store.services.impl.AuthenticationServiceImplTest
2023-03-12 16:16:42 DEBUG - Spring test ApplicationContext cache statistics: [DefaultContextCache@36e43829 size = 1, maxSize = 32, parentContextCount = 0, hitCount = 91, missCount = 1]
2023-03-12 16:16:42 DEBUG - After test class: class [AuthenticationServiceImplTest], class annotated with @DirtiesContext [false] with mode [null]
2023-03-12 16:16:42 DEBUG - Closing org.springframework.web.context.support.GenericWebApplicationContext@76ba13c, started on Sun Mar 12 16:16:41 CET 2023
